#
# A fatal error has been detected by the Java Runtime Environment:
#
#  EXCEPTION_UNCAUGHT_CXX_EXCEPTION (0xe06d7363) at pc=0x000007fefd4a940d, pid=4520, tid=1168
#
# JRE version: Java(TM) SE Runtime Environment (8.0_31-b13) (build 1.8.0_31-b13)
# Java VM: Java HotSpot(TM) 64-Bit Server VM (25.31-b07 mixed mode windows-amd64 compressed oops)
# Problematic frame:
# C  [KERNELBASE.dll+0x940d]
#
# Failed to write core dump. Minidumps are not enabled by default on client versions of Windows
#
# If you would like to submit a bug report, please visit:
#   http://bugreport.java.com/bugreport/crash.jsp
# The crash happened outside the Java Virtual Machine in native code.
# See problematic frame for where to report the bug.
#

---------------  T H R E A D  ---------------

Current thread (0x000000001d720000):  JavaThread "SongcastTimer" [_thread_in_native, id=1168, stack(0x000000002fb70000,0x000000002fc70000)]

siginfo: ExceptionCode=0xe06d7363, ExceptionInformation=0x0000000019930520 0x000000002fc6ee00 0x000007fedc513190 0x000007fedc410000 

Registers:
RAX=0x00000000592158c1, RBX=0x000000002fc6ee00, RCX=0x000000002fc6e690, RDX=0x00000000000000d0
RSP=0x000000002fc6eca0, RBP=0x000000002fc6edd0, RSI=0x000000002fc6eec0, RDI=0x000007fedc513190
R8 =0x0000000000000000, R9 =0x0000000000000000, R10=0x000007fedc410000, R11=0x000000002fc6ece0
R12=0x0000000000000111, R13=0x000000002fc6eee8, R14=0x0000000000000000, R15=0x000000001d720000
RIP=0x000007fefd4a940d, EFLAGS=0x0000000000000202

Top of Stack: (sp=0x000000002fc6eca0)
0x000000002fc6eca0:   000000002fc6ee00 000000002fc6eec0
0x000000002fc6ecb0:   000007fedc513190 000000077955f558
0x000000002fc6ecc0:   00000001e06d7363 0000000000000000
0x000000002fc6ecd0:   000007fefd4a940d 000007fe00000004
0x000000002fc6ece0:   0000000019930520 000000002fc6ee00
0x000000002fc6ecf0:   000007fedc513190 000007fedc410000
0x000000002fc6ed00:   000000001e8c9680 000000002fc6ed88
0x000000002fc6ed10:   000000001d720000 0000000000000000
0x000000002fc6ed20:   0000000000367150 0000000000000111
0x000000002fc6ed30:   0000000000000000 0000000000000020
0x000000002fc6ed40:   0000000000000000 000000002fc6eee8
0x000000002fc6ed50:   0000000000000111 000007fedc513190
0x000000002fc6ed60:   000000002fc6eec0 000007fedc4a549d
0x000000002fc6ed70:   000000002fc6ee00 000000002fc6ede0
0x000000002fc6ed80:   0000000000000001 000007fedc4100e8
0x000000002fc6ed90:   00000001e06d7363 0000000000000000 

Instructions: (pc=0x000007fefd4a940d)
0x000007fefd4a93ed:   54 24 24 48 89 4c 24 28 4d 85 c9 0f 85 aa 18 00
0x000007fefd4a93fd:   00 89 4c 24 38 48 8d 4c 24 20 ff 15 93 1e 04 00
0x000007fefd4a940d:   48 81 c4 c8 00 00 00 c3 90 90 90 90 90 90 90 90
0x000007fefd4a941d:   90 90 90 48 8b c4 48 83 ec 78 41 f7 c0 fe ff ff 


Register to memory mapping:

RAX=0x00000000592158c1 is an unknown value
RBX=0x000000002fc6ee00 is pointing into the stack for thread: 0x000000001d720000
RCX=0x000000002fc6e690 is pointing into the stack for thread: 0x000000001d720000
RDX=0x00000000000000d0 is an unknown value
RSP=0x000000002fc6eca0 is pointing into the stack for thread: 0x000000001d720000
RBP=0x000000002fc6edd0 is pointing into the stack for thread: 0x000000001d720000
RSI=0x000000002fc6eec0 is pointing into the stack for thread: 0x000000001d720000
RDI=0x000007fedc513190 is an unknown value
R8 =0x0000000000000000 is an unknown value
R9 =0x0000000000000000 is an unknown value
R10=0x000007fedc410000 is an unknown value
R11=0x000000002fc6ece0 is pointing into the stack for thread: 0x000000001d720000
R12=0x0000000000000111 is an unknown value
R13=0x000000002fc6eee8 is pointing into the stack for thread: 0x000000001d720000
R14=0x0000000000000000 is an unknown value
R15=0x000000001d720000 is a thread


Stack: [0x000000002fb70000,0x000000002fc70000],  sp=0x000000002fc6eca0,  free space=1019k
Native frames: (J=compiled Java code, j=interpreted, Vv=VM code, C=native code)
C  [KERNELBASE.dll+0x940d]

Java frames: (J=compiled Java code, j=interpreted, Vv=VM code)
J 4611  org.openhome.net.device.DvProvider.DvProviderSetPropertyUint(JJJ)Lorg/openhome/net/device/DvProvider$PropertySetStatus; (0 bytes) @ 0x00000000032fef80 [0x00000000032fef40+0x40]
J 4610 C1 org.openhome.net.device.DvProvider.setPropertyUint(Lorg/openhome/net/core/PropertyUint;J)Z (37 bytes) @ 0x0000000002cde24c [0x0000000002cde0e0+0x16c]
J 4645 C1 org.openhome.net.device.providers.DvProviderAvOpenhomeOrgTime1.setPropertySeconds(J)Z (10 bytes) @ 0x000000000318f59c [0x000000000318f480+0x11c]
j  org.rpi.providers.PrvTime.setSeconds(J)V+2
j  org.rpi.providers.PrvTime.update(Ljava/util/Observable;Ljava/lang/Object;)V+64
J 4590 C1 java.util.Observable.notifyObservers(Ljava/lang/Object;)V (67 bytes) @ 0x00000000032ffbe4 [0x00000000032ff380+0x864]
J 4648 C1 org.rpi.player.observers.ObservableTime.notifyChange(Ljava/lang/Object;)V (17 bytes) @ 0x0000000002c2b80c [0x0000000002c2b540+0x2cc]
j  org.rpi.player.PlayManager.updateTime(Lorg/rpi/player/events/EventTimeUpdate;)V+5
j  org.rpi.airplay.SourceTimer.run()V+44
j  java.lang.Thread.run()V+11
v  ~StubRoutines::call_stub

---------------  P R O C E S S  ---------------

Java Threads: ( => current thread )
  0x000000002d4ce000 JavaThread "Thread-27" [_thread_in_native, id=8904, stack(0x0000000031520000,0x0000000031620000)]
=>0x000000001d720000 JavaThread "SongcastTimer" [_thread_in_native, id=1168, stack(0x000000002fb70000,0x000000002fc70000)]
  0x000000001d71f800 JavaThread "nioEventLoopGroup-4-1" [_thread_in_native, id=8888, stack(0x0000000031140000,0x0000000031240000)]
  0x000000001d71e800 JavaThread "SongcastPlayerJavaSoundLatency" [_thread_blocked, id=9012, stack(0x0000000030f00000,0x0000000031000000)]
  0x000000001d71e000 JavaThread "Java Sound Event Dispatcher" daemon [_thread_blocked, id=8156, stack(0x0000000030360000,0x0000000030460000)]
  0x0000000029928000 JavaThread "LIRCWorkQueue" [_thread_blocked, id=5324, stack(0x000000002e4a0000,0x000000002e5a0000)]
  0x0000000026902800 JavaThread "TimerQueue" daemon [_thread_blocked, id=9008, stack(0x000000002bd60000,0x000000002be60000)]
  0x0000000029927000 JavaThread "Timer-7" [_thread_blocked, id=7792, stack(0x000000002fca0000,0x000000002fda0000)]
  0x0000000029926800 JavaThread "AWT-EventQueue-0" [_thread_in_native, id=6112, stack(0x000000002bab0000,0x000000002bbb0000)]
  0x0000000026904000 JavaThread "AWT-Shutdown" [_thread_blocked, id=1368, stack(0x000000002e350000,0x000000002e450000)]
  0x00000000269c2800 JavaThread "Timer-4" daemon [_thread_blocked, id=9084, stack(0x000000002b2e0000,0x000000002b3e0000)]
  0x00000000269c2000 JavaThread "DefaultQuartzScheduler_QuartzSchedulerThread" [_thread_blocked, id=1580, stack(0x000000002b0e0000,0x000000002b1e0000)]
  0x00000000269c1000 JavaThread "DefaultQuartzScheduler_Worker-10" [_thread_blocked, id=7172, stack(0x000000002af70000,0x000000002b070000)]
  0x00000000269c0800 JavaThread "DefaultQuartzScheduler_Worker-9" [_thread_blocked, id=1196, stack(0x000000002ae50000,0x000000002af50000)]
  0x00000000269bf800 JavaThread "DefaultQuartzScheduler_Worker-8" [_thread_blocked, id=2648, stack(0x000000002ac50000,0x000000002ad50000)]
  0x00000000269bf000 JavaThread "DefaultQuartzScheduler_Worker-7" [_thread_blocked, id=8644, stack(0x0000000028700000,0x0000000028800000)]
  0x00000000269be000 JavaThread "DefaultQuartzScheduler_Worker-6" [_thread_blocked, id=8956, stack(0x000000002ab20000,0x000000002ac20000)]
  0x00000000269bd800 JavaThread "DefaultQuartzScheduler_Worker-5" [_thread_blocked, id=6828, stack(0x000000002aa20000,0x000000002ab20000)]
  0x00000000269bc800 JavaThread "DefaultQuartzScheduler_Worker-4" [_thread_blocked, id=4732, stack(0x00000000284c0000,0x00000000285c0000)]
  0x00000000269bc000 JavaThread "DefaultQuartzScheduler_Worker-3" [_thread_blocked, id=7880, stack(0x000000002a7c0000,0x000000002a8c0000)]
  0x0000000026016000 JavaThread "DefaultQuartzScheduler_Worker-2" [_thread_blocked, id=1376, stack(0x000000002a670000,0x000000002a770000)]
  0x0000000026015000 JavaThread "DefaultQuartzScheduler_Worker-1" [_thread_blocked, id=6904, stack(0x000000002a500000,0x000000002a600000)]
  0x0000000026011800 JavaThread "Thread-5" [_thread_blocked, id=7532, stack(0x0000000028c00000,0x0000000028d00000)]
  0x000000001e890000 JavaThread "Grizzly-HttpSession-Expirer" daemon [_thread_blocked, id=8456, stack(0x00000000276d0000,0x00000000277d0000)]
  0x0000000025f52800 JavaThread "Java2D Disposer" daemon [_thread_blocked, id=5960, stack(0x00000000240f0000,0x00000000241f0000)]
  0x000000001ea2c000 JavaThread "PlayListWriter" [_thread_blocked, id=2720, stack(0x0000000025a40000,0x0000000025b40000)]
  0x000000001eb3d000 JavaThread "RMI TCP Accept-0" daemon [_thread_in_native, id=1596, stack(0x000000001f470000,0x000000001f570000)]
  0x000000001e8b3000 JavaThread "RMI TCP Accept-9010" daemon [_thread_in_native, id=8528, stack(0x000000001f370000,0x000000001f470000)]
  0x000000001e94b800 JavaThread "RMI TCP Accept-0" daemon [_thread_in_native, id=6776, stack(0x000000001f170000,0x000000001f270000)]
  0x000000001d517800 JavaThread "Service Thread" daemon [_thread_blocked, id=6900, stack(0x000000001e6e0000,0x000000001e7e0000)]
  0x000000001d4a7000 JavaThread "C1 CompilerThread2" daemon [_thread_blocked, id=2948, stack(0x000000001e5c0000,0x000000001e6c0000)]
  0x000000001d4a2800 JavaThread "C2 CompilerThread1" daemon [_thread_blocked, id=5816, stack(0x000000001e4a0000,0x000000001e5a0000)]
  0x000000001d4a0800 JavaThread "C2 CompilerThread0" daemon [_thread_blocked, id=8304, stack(0x000000001e2c0000,0x000000001e3c0000)]
  0x000000001d493800 JavaThread "JDWP Command Reader" daemon [_thread_in_native, id=1648, stack(0x000000001de20000,0x000000001df20000)]
  0x000000001d492000 JavaThread "JDWP Event Helper Thread" daemon [_thread_blocked, id=8740, stack(0x000000001e090000,0x000000001e190000)]
  0x000000001d484800 JavaThread "JDWP Transport Listener: dt_socket" daemon [_thread_blocked, id=8828, stack(0x000000001dab0000,0x000000001dbb0000)]
  0x000000001c17b000 JavaThread "Attach Listener" daemon [_thread_blocked, id=6200, stack(0x000000001d990000,0x000000001da90000)]
  0x000000001c179800 JavaThread "Signal Dispatcher" daemon [_thread_blocked, id=3364, stack(0x000000001d880000,0x000000001d980000)]
  0x000000001c11a800 JavaThread "Finalizer" daemon [_thread_blocked, id=8272, stack(0x000000001d380000,0x000000001d480000)]
  0x000000001c112000 JavaThread "Reference Handler" daemon [_thread_blocked, id=7628, stack(0x000000001d090000,0x000000001d190000)]
  0x000000000225a000 JavaThread "main" [_thread_blocked, id=8576, stack(0x0000000002590000,0x0000000002690000)]

Other Threads:
  0x000000001c10e000 VMThread [stack: 0x000000001d190000,0x000000001d290000] [id=4968]
  0x000000001ec18000 WatcherThread [stack: 0x000000001f630000,0x000000001f730000] [id=8892]

VM state:not at safepoint (normal execution)

VM Mutex/Monitor currently owned by a thread: None

Heap:
 PSYoungGen      total 225280K, used 34039K [0x000000076b200000, 0x000000077a980000, 0x00000007c0000000)
  eden space 203264K, 7% used [0x000000076b200000,0x000000076c0bd4c0,0x0000000777880000)
  from space 22016K, 86% used [0x0000000779400000,0x000000077a680b30,0x000000077a980000)
  to   space 25088K, 0% used [0x0000000777880000,0x0000000777880000,0x0000000779100000)
 ParOldGen       total 163328K, used 14325K [0x00000006c1600000, 0x00000006cb580000, 0x000000076b200000)
  object space 163328K, 8% used [0x00000006c1600000,0x00000006c23fd4c0,0x00000006cb580000)
 Metaspace       used 40687K, capacity 41040K, committed 41640K, reserved 1085440K
  class space    used 5082K, capacity 5170K, committed 5288K, reserved 1048576K

Card table byte_map: [0x0000000011d20000,0x0000000012520000] byte_map_base: 0x000000000e715000

Marking Bits: (ParMarkBitMap*) 0x000000007024d4f0
 Begin Bits: [0x0000000013030000, 0x0000000016fd8000)
 End Bits:   [0x0000000016fd8000, 0x000000001af80000)

Polling page: 0x0000000000120000

CodeCache: size=245760Kb used=13181Kb max_used=13228Kb free=232578Kb
 bounds [0x0000000002960000, 0x0000000003680000, 0x0000000011960000]
 total_blobs=4509 nmethods=3900 adapters=530
 compilation: enabled

Compilation events (10 events):
Event: 533.975 Thread 0x000000001d4a7000 4675       3       net.xeoh.plugins.base.impl.spawning.Spawner::log (49 bytes)
Event: 533.976 Thread 0x000000001d4a7000 nmethod 4675 0x0000000002bde850 code [0x0000000002bde9e0, 0x0000000002bdedd8]
Event: 533.977 Thread 0x000000001d4a0800 nmethod 4670 0x0000000002ce7650 code [0x0000000002ce7780, 0x0000000002ce7918]
Event: 533.978 Thread 0x000000001d4a0800 4671       4       sun.util.calendar.BaseCalendar::getFixedDate (36 bytes)
Event: 533.979 Thread 0x000000001d4a2800 nmethod 4669 0x0000000003496b10 code [0x0000000003496d20, 0x0000000003497b58]
Event: 533.979 Thread 0x000000001d4a2800 4672       4       sun.util.calendar.BaseCalendar::normalizeMonth (117 bytes)
Event: 533.981 Thread 0x000000001d4a2800 nmethod 4672 0x0000000002c81410 code [0x0000000002c81580, 0x0000000002c81750]
Event: 533.981 Thread 0x000000001d4a2800 4673       4       sun.util.calendar.Gregorian::getCalendarDate (7 bytes)
Event: 533.981 Thread 0x000000001d4a2800 nmethod 4673 0x0000000002c81a50 code [0x0000000002c81ba0, 0x0000000002c81c28]
Event: 533.983 Thread 0x000000001d4a0800 nmethod 4671 0x0000000003052f10 code [0x00000000030530c0, 0x00000000030537c0]

GC Heap History (10 events):
Event: 4.475 GC heap before
{Heap before GC invocations=6 (full 1):
 PSYoungGen      total 104960K, used 25600K [0x000000076b200000, 0x0000000772b00000, 0x00000007c0000000)
  eden space 94208K, 15% used [0x000000076b200000,0x000000076c087498,0x0000000770e00000)
  from space 10752K, 99% used [0x0000000771880000,0x00000007722f8ba0,0x0000000772300000)
  to   space 10752K, 0% used [0x0000000770e00000,0x0000000770e00000,0x0000000771880000)
 ParOldGen       total 109056K, used 16013K [0x00000006c1600000, 0x00000006c8080000, 0x000000076b200000)
  object space 109056K, 14% used [0x00000006c1600000,0x00000006c25a36b8,0x00000006c8080000)
 Metaspace       used 34963K, capacity 35202K, committed 35496K, reserved 1081344K
  class space    used 4398K, capacity 4490K, committed 4520K, reserved 1048576K
Event: 4.501 GC heap after
Heap after GC invocations=6 (full 1):
 PSYoungGen      total 104960K, used 9737K [0x000000076b200000, 0x0000000776b00000, 0x00000007c0000000)
  eden space 94208K, 0% used [0x000000076b200000,0x000000076b200000,0x0000000770e00000)
  from space 10752K, 90% used [0x0000000770e00000,0x0000000771782650,0x0000000771880000)
  to   space 17920K, 0% used [0x0000000775980000,0x0000000775980000,0x0000000776b00000)
 ParOldGen       total 109056K, used 16021K [0x00000006c1600000, 0x00000006c8080000, 0x000000076b200000)
  object space 109056K, 14% used [0x00000006c1600000,0x00000006c25a56b8,0x00000006c8080000)
 Metaspace       used 34963K, capacity 35202K, committed 35496K, reserved 1081344K
  class space    used 4398K, capacity 4490K, committed 4520K, reserved 1048576K
}
Event: 4.501 GC heap before
{Heap before GC invocations=7 (full 2):
 PSYoungGen      total 104960K, used 9737K [0x000000076b200000, 0x0000000776b00000, 0x00000007c0000000)
  eden space 94208K, 0% used [0x000000076b200000,0x000000076b200000,0x0000000770e00000)
  from space 10752K, 90% used [0x0000000770e00000,0x0000000771782650,0x0000000771880000)
  to   space 17920K, 0% used [0x0000000775980000,0x0000000775980000,0x0000000776b00000)
 ParOldGen       total 109056K, used 16021K [0x00000006c1600000, 0x00000006c8080000, 0x000000076b200000)
  object space 109056K, 14% used [0x00000006c1600000,0x00000006c25a56b8,0x00000006c8080000)
 Metaspace       used 34963K, capacity 35202K, committed 35496K, reserved 1081344K
  class space    used 4398K, capacity 4490K, committed 4520K, reserved 1048576K
Event: 4.559 GC heap after
Heap after GC invocations=7 (full 2):
 PSYoungGen      total 104960K, used 0K [0x000000076b200000, 0x0000000776b00000, 0x00000007c0000000)
  eden space 94208K, 0% used [0x000000076b200000,0x000000076b200000,0x0000000770e00000)
  from space 10752K, 0% used [0x0000000770e00000,0x0000000770e00000,0x0000000771880000)
  to   space 17920K, 0% used [0x0000000775980000,0x0000000775980000,0x0000000776b00000)
 ParOldGen       total 163328K, used 13891K [0x00000006c1600000, 0x00000006cb580000, 0x000000076b200000)
  object space 163328K, 8% used [0x00000006c1600000,0x00000006c2390cd0,0x00000006cb580000)
 Metaspace       used 34963K, capacity 35202K, committed 35496K, reserved 1081344K
  class space    used 4398K, capacity 4490K, committed 4520K, reserved 1048576K
}
Event: 213.144 GC heap before
{Heap before GC invocations=8 (full 2):
 PSYoungGen      total 104960K, used 94208K [0x000000076b200000, 0x0000000776b00000, 0x00000007c0000000)
  eden space 94208K, 100% used [0x000000076b200000,0x0000000770e00000,0x0000000770e00000)
  from space 10752K, 0% used [0x0000000770e00000,0x0000000770e00000,0x0000000771880000)
  to   space 17920K, 0% used [0x0000000775980000,0x0000000775980000,0x0000000776b00000)
 ParOldGen       total 163328K, used 13891K [0x00000006c1600000, 0x00000006cb580000, 0x000000076b200000)
  object space 163328K, 8% used [0x00000006c1600000,0x00000006c2390cd0,0x00000006cb580000)
 Metaspace       used 38745K, capacity 38978K, committed 39336K, reserved 1083392K
  class space    used 4892K, capacity 4977K, committed 5032K, reserved 1048576K
Event: 213.152 GC heap after
Heap after GC invocations=8 (full 2):
 PSYoungGen      total 161280K, used 17909K [0x000000076b200000, 0x0000000776b00000, 0x00000007c0000000)
  eden space 143360K, 0% used [0x000000076b200000,0x000000076b200000,0x0000000773e00000)
  from space 17920K, 99% used [0x0000000775980000,0x0000000776afd568,0x0000000776b00000)
  to   space 20992K, 0% used [0x0000000774200000,0x0000000774200000,0x0000000775680000)
 ParOldGen       total 163328K, used 14317K [0x00000006c1600000, 0x00000006cb580000, 0x000000076b200000)
  object space 163328K, 8% used [0x00000006c1600000,0x00000006c23fb4c0,0x00000006cb580000)
 Metaspace       used 38745K, capacity 38978K, committed 39336K, reserved 1083392K
  class space    used 4892K, capacity 4977K, committed 5032K, reserved 1048576K
}
Event: 345.079 GC heap before
{Heap before GC invocations=9 (full 2):
 PSYoungGen      total 161280K, used 161269K [0x000000076b200000, 0x0000000776b00000, 0x00000007c0000000)
  eden space 143360K, 100% used [0x000000076b200000,0x0000000773e00000,0x0000000773e00000)
  from space 17920K, 99% used [0x0000000775980000,0x0000000776afd568,0x0000000776b00000)
  to   space 20992K, 0% used [0x0000000774200000,0x0000000774200000,0x0000000775680000)
 ParOldGen       total 163328K, used 14317K [0x00000006c1600000, 0x00000006cb580000, 0x000000076b200000)
  object space 163328K, 8% used [0x00000006c1600000,0x00000006c23fb4c0,0x00000006cb580000)
 Metaspace       used 40335K, capacity 40682K, committed 41000K, reserved 1085440K
  class space    used 5045K, capacity 5137K, committed 5160K, reserved 1048576K
Event: 345.107 GC heap after
Heap after GC invocations=9 (full 2):
 PSYoungGen      total 168448K, used 20288K [0x000000076b200000, 0x000000077ab00000, 0x00000007c0000000)
  eden space 147456K, 0% used [0x000000076b200000,0x000000076b200000,0x0000000774200000)
  from space 20992K, 96% used [0x0000000774200000,0x00000007755d0228,0x0000000775680000)
  to   space 23552K, 0% used [0x0000000779400000,0x0000000779400000,0x000000077ab00000)
 ParOldGen       total 163328K, used 14325K [0x00000006c1600000, 0x00000006cb580000, 0x000000076b200000)
  object space 163328K, 8% used [0x00000006c1600000,0x00000006c23fd4c0,0x00000006cb580000)
 Metaspace       used 40335K, capacity 40682K, committed 41000K, reserved 1085440K
  class space    used 5045K, capacity 5137K, committed 5160K, reserved 1048576K
}
Event: 467.586 GC heap before
{Heap before GC invocations=10 (full 2):
 PSYoungGen      total 168448K, used 167744K [0x000000076b200000, 0x000000077ab00000, 0x00000007c0000000)
  eden space 147456K, 100% used [0x000000076b200000,0x0000000774200000,0x0000000774200000)
  from space 20992K, 96% used [0x0000000774200000,0x00000007755d0228,0x0000000775680000)
  to   space 23552K, 0% used [0x0000000779400000,0x0000000779400000,0x000000077ab00000)
 ParOldGen       total 163328K, used 14325K [0x00000006c1600000, 0x00000006cb580000, 0x000000076b200000)
  object space 163328K, 8% used [0x00000006c1600000,0x00000006c23fd4c0,0x00000006cb580000)
 Metaspace       used 40443K, capacity 40746K, committed 41256K, reserved 1085440K
  class space    used 5046K, capacity 5137K, committed 5160K, reserved 1048576K
Event: 467.611 GC heap after
Heap after GC invocations=10 (full 2):
 PSYoungGen      total 225280K, used 18946K [0x000000076b200000, 0x000000077a980000, 0x00000007c0000000)
  eden space 203264K, 0% used [0x000000076b200000,0x000000076b200000,0x0000000777880000)
  from space 22016K, 86% used [0x0000000779400000,0x000000077a680b30,0x000000077a980000)
  to   space 25088K, 0% used [0x0000000777880000,0x0000000777880000,0x0000000779100000)
 ParOldGen       total 163328K, used 14325K [0x00000006c1600000, 0x00000006cb580000, 0x000000076b200000)
  object space 163328K, 8% used [0x00000006c1600000,0x00000006c23fd4c0,0x00000006cb580000)
 Metaspace       used 40443K, capacity 40746K, committed 41256K, reserved 1085440K
  class space    used 5046K, capacity 5137K, committed 5160K, reserved 1048576K
}

Deoptimization events (10 events):
Event: 533.964 Thread 0x000000002d4ce000 Uncommon trap: reason=unhandled action=none pc=0x0000000003228d1c method=java.net.URLClassLoader$1.run()Ljava/lang/Class; @ 72
Event: 533.965 Thread 0x000000002d4ce000 Uncommon trap: reason=unhandled action=none pc=0x0000000003228d1c method=java.net.URLClassLoader$1.run()Ljava/lang/Class; @ 72
Event: 533.965 Thread 0x000000002d4ce000 Uncommon trap: reason=unhandled action=none pc=0x0000000003228d1c method=java.net.URLClassLoader$1.run()Ljava/lang/Class; @ 72
Event: 533.965 Thread 0x000000002d4ce000 Uncommon trap: reason=unhandled action=none pc=0x0000000003228d1c method=java.net.URLClassLoader$1.run()Ljava/lang/Class; @ 72
Event: 533.966 Thread 0x000000002d4ce000 Uncommon trap: reason=unhandled action=none pc=0x0000000003228d1c method=java.net.URLClassLoader$1.run()Ljava/lang/Class; @ 72
Event: 533.966 Thread 0x000000002d4ce000 Uncommon trap: reason=unhandled action=none pc=0x0000000003228d1c method=java.net.URLClassLoader$1.run()Ljava/lang/Class; @ 72
Event: 533.966 Thread 0x000000002d4ce000 Uncommon trap: reason=unhandled action=none pc=0x0000000003228d1c method=java.net.URLClassLoader$1.run()Ljava/lang/Class; @ 72
Event: 533.967 Thread 0x000000002602b800 Uncommon trap: reason=unreached action=reinterpret pc=0x00000000033e97cc method=java.util.concurrent.ConcurrentHashMap.addCount(JI)V @ 68
Event: 533.967 Thread 0x000000002602b800 Uncommon trap: reason=unhandled action=none pc=0x0000000003228d1c method=java.net.URLClassLoader$1.run()Ljava/lang/Class; @ 72
Event: 533.970 Thread 0x000000002d4ce000 Uncommon trap: reason=unhandled action=none pc=0x0000000003228d1c method=java.net.URLClassLoader$1.run()Ljava/lang/Class; @ 72

Internal exceptions (10 events):
Event: 533.964 Thread 0x000000002d4ce000 Exception <a 'java/security/PrivilegedActionException'> (0x000000076c027078) thrown at [C:\workspace\8-2-build-windows-amd64-cygwin\jdk8u31\2394\hotspot\src\share\vm\prims\jvm.cpp, line 1312]
Event: 533.965 Thread 0x000000002d4ce000 Exception <a 'java/security/PrivilegedActionException'> (0x000000076c02d660) thrown at [C:\workspace\8-2-build-windows-amd64-cygwin\jdk8u31\2394\hotspot\src\share\vm\prims\jvm.cpp, line 1312]
Event: 533.965 Thread 0x000000002d4ce000 Exception <a 'java/security/PrivilegedActionException'> (0x000000076c033a20) thrown at [C:\workspace\8-2-build-windows-amd64-cygwin\jdk8u31\2394\hotspot\src\share\vm\prims\jvm.cpp, line 1312]
Event: 533.965 Thread 0x000000002d4ce000 Exception <a 'java/security/PrivilegedActionException'> (0x000000076c0396a0) thrown at [C:\workspace\8-2-build-windows-amd64-cygwin\jdk8u31\2394\hotspot\src\share\vm\prims\jvm.cpp, line 1312]
Event: 533.966 Thread 0x000000002d4ce000 Exception <a 'java/security/PrivilegedActionException'> (0x000000076c040218) thrown at [C:\workspace\8-2-build-windows-amd64-cygwin\jdk8u31\2394\hotspot\src\share\vm\prims\jvm.cpp, line 1312]
Event: 533.966 Thread 0x000000002d4ce000 Exception <a 'java/security/PrivilegedActionException'> (0x000000076c045ec8) thrown at [C:\workspace\8-2-build-windows-amd64-cygwin\jdk8u31\2394\hotspot\src\share\vm\prims\jvm.cpp, line 1312]
Event: 533.967 Thread 0x000000002d4ce000 Exception <a 'java/security/PrivilegedActionException'> (0x000000076c04c360) thrown at [C:\workspace\8-2-build-windows-amd64-cygwin\jdk8u31\2394\hotspot\src\share\vm\prims\jvm.cpp, line 1312]
Event: 533.967 Thread 0x000000002602b800 Implicit null exception at 0x00000000033e907d to 0x00000000033e97c1
Event: 533.967 Thread 0x000000002602b800 Exception <a 'java/security/PrivilegedActionException'> (0x000000076b8eee00) thrown at [C:\workspace\8-2-build-windows-amd64-cygwin\jdk8u31\2394\hotspot\src\share\vm\prims\jvm.cpp, line 1312]
Event: 533.970 Thread 0x000000002d4ce000 Exception <a 'java/security/PrivilegedActionException'> (0x000000076c06b538) thrown at [C:\workspace\8-2-build-windows-amd64-cygwin\jdk8u31\2394\hotspot\src\share\vm\prims\jvm.cpp, line 1312]

Events (10 events):
Event: 533.983 Thread 0x0000000026295000 Thread exited: 0x0000000026295000
Event: 533.983 Thread 0x000000002600f000 Thread exited: 0x000000002600f000
Event: 533.983 Thread 0x0000000026296000 Thread exited: 0x0000000026296000
Event: 533.983 Thread 0x000000001d4a0800 flushing nmethod 0x0000000002f0ba90
Event: 534.126 Thread 0x0000000025d83800 Thread exited: 0x0000000025d83800
Event: 534.127 Thread 0x000000001d721000 Thread exited: 0x000000001d721000
Event: 534.128 Thread 0x0000000025d91000 Thread exited: 0x0000000025d91000
Event: 534.838 Executing VM operation: RevokeBias
Event: 534.838 Executing VM operation: RevokeBias done
Event: 534.838 Thread 0x000000002d4cf000 Thread exited: 0x000000002d4cf000


Dynamic libraries:
0x000000013f160000 - 0x000000013f194000 	C:\Keep\Java\jdk1.8.0_31\bin\javaw.exe
0x0000000076d80000 - 0x0000000076f2a000 	C:\Windows\SYSTEM32\ntdll.dll
0x00000000768a0000 - 0x00000000769bf000 	C:\Windows\system32\kernel32.dll
0x000007fefd4a0000 - 0x000007fefd50c000 	C:\Windows\system32\KERNELBASE.dll
0x000007fefefb0000 - 0x000007feff08b000 	C:\Windows\system32\ADVAPI32.dll
0x000007fefd7d0000 - 0x000007fefd86f000 	C:\Windows\system32\msvcrt.dll
0x000007fefd990000 - 0x000007fefd9af000 	C:\Windows\SYSTEM32\sechost.dll
0x000007fefee80000 - 0x000007fefefad000 	C:\Windows\system32\RPCRT4.dll
0x0000000076c80000 - 0x0000000076d7a000 	C:\Windows\system32\USER32.dll
0x000007fefe810000 - 0x000007fefe877000 	C:\Windows\system32\GDI32.dll
0x000007fefd870000 - 0x000007fefd87e000 	C:\Windows\system32\LPK.dll
0x000007fefeba0000 - 0x000007fefec69000 	C:\Windows\system32\USP10.dll
0x000007fefbbf0000 - 0x000007fefbde4000 	C:\Windows\WinSxS\amd64_microsoft.windows.common-controls_6595b64144ccf1df_6.0.7601.17514_none_fa396087175ac9ac\COMCTL32.dll
0x000007fefd630000 - 0x000007fefd6a1000 	C:\Windows\system32\SHLWAPI.dll
0x000007fefd6b0000 - 0x000007fefd6de000 	C:\Windows\system32\IMM32.DLL
0x000007fefd880000 - 0x000007fefd989000 	C:\Windows\system32\MSCTF.dll
0x000007fefd1b0000 - 0x000007fefd1df000 	C:\windows\system32\nvinitx.dll
0x0000000050ec0000 - 0x0000000050f92000 	C:\Keep\Java\jdk1.8.0_31\jre\bin\msvcr100.dll
0x000000006fa70000 - 0x00000000702ca000 	C:\Keep\Java\jdk1.8.0_31\jre\bin\server\jvm.dll
0x000007fef8950000 - 0x000007fef8959000 	C:\Windows\system32\WSOCK32.dll
0x000007fefe740000 - 0x000007fefe78d000 	C:\Windows\system32\WS2_32.dll
0x000007fefd6e0000 - 0x000007fefd6e8000 	C:\Windows\system32\NSI.dll
0x000007fefb610000 - 0x000007fefb64b000 	C:\Windows\system32\WINMM.dll
0x0000000076f50000 - 0x0000000076f57000 	C:\Windows\system32\PSAPI.DLL
0x0000000074200000 - 0x000000007420f000 	C:\Keep\Java\jdk1.8.0_31\jre\bin\verify.dll
0x0000000073b20000 - 0x0000000073b48000 	C:\Keep\Java\jdk1.8.0_31\jre\bin\java.dll
0x0000000051040000 - 0x0000000051075000 	C:\Keep\Java\jdk1.8.0_31\jre\bin\jdwp.dll
0x0000000074210000 - 0x0000000074218000 	C:\Keep\Java\jdk1.8.0_31\jre\bin\npt.dll
0x0000000073b60000 - 0x0000000073b76000 	C:\Keep\Java\jdk1.8.0_31\jre\bin\zip.dll
0x000007fefd9b0000 - 0x000007fefe739000 	C:\Windows\system32\SHELL32.dll
0x000007fefec70000 - 0x000007fefee73000 	C:\Windows\system32\ole32.dll
0x000007fefd1e0000 - 0x000007fefd1ef000 	C:\Windows\system32\profapi.dll
0x0000000073b50000 - 0x0000000073b59000 	C:\Keep\Java\jdk1.8.0_31\jre\bin\dt_socket.dll
0x000007fefaf00000 - 0x000007fefaf15000 	C:\Windows\system32\NLAapi.dll
0x000007fef8930000 - 0x000007fef8945000 	C:\Windows\system32\napinsp.dll
0x000007fef8910000 - 0x000007fef8929000 	C:\Windows\system32\pnrpnsp.dll
0x000007fefca20000 - 0x000007fefca75000 	C:\Windows\System32\mswsock.dll
0x000007fefc8a0000 - 0x000007fefc8fb000 	C:\Windows\system32\DNSAPI.dll
0x000007fef8900000 - 0x000007fef890b000 	C:\Windows\System32\winrnr.dll
0x000007fef88f0000 - 0x000007fef8900000 	C:\Windows\system32\wshbth.dll
0x000007fefa810000 - 0x000007fefa837000 	C:\Windows\system32\IPHLPAPI.DLL
0x000007fefa800000 - 0x000007fefa80b000 	C:\Windows\system32\WINNSI.DLL
0x000007fefa450000 - 0x000007fefa4a3000 	C:\Windows\System32\fwpuclnt.dll
0x000007fef88e0000 - 0x000007fef88e8000 	C:\Windows\system32\rasadhlp.dll
0x000007fefc3b0000 - 0x000007fefc3b7000 	C:\Windows\System32\wshtcpip.dll
0x00000000741f0000 - 0x00000000741fd000 	C:\Keep\Java\jdk1.8.0_31\jre\bin\management.dll
0x0000000073b00000 - 0x0000000073b1a000 	C:\Keep\Java\jdk1.8.0_31\jre\bin\net.dll
0x000007fefca10000 - 0x000007fefca17000 	C:\Windows\System32\wship6.dll
0x0000000051020000 - 0x0000000051031000 	C:\Keep\Java\jdk1.8.0_31\jre\bin\nio.dll
0x0000000050ff0000 - 0x0000000051014000 	C:\Keep\Java\jdk1.8.0_31\jre\bin\sunec.dll
0x000007fefca80000 - 0x000007fefca97000 	C:\Windows\system32\CRYPTSP.dll
0x000007fefc760000 - 0x000007fefc7a7000 	C:\Windows\system32\rsaenh.dll
0x000007fefc850000 - 0x000007fefc86e000 	C:\Windows\system32\USERENV.dll
0x000007fefd0e0000 - 0x000007fefd0ef000 	C:\Windows\system32\CRYPTBASE.dll
0x000007fefa3b0000 - 0x000007fefa3c1000 	C:\Windows\system32\dhcpcsvc6.DLL
0x000007fef9f20000 - 0x000007fef9f38000 	C:\Windows\system32\dhcpcsvc.DLL
0x0000000073af0000 - 0x0000000073afc000 	C:\Keep\Java\jdk1.8.0_31\jre\bin\jsound.dll
0x0000000050fe0000 - 0x0000000050feb000 	C:\Keep\Java\jdk1.8.0_31\jre\bin\jsoundds.dll
0x000007fee3440000 - 0x000007fee34c8000 	C:\Windows\system32\DSOUND.dll
0x000007fefc2c0000 - 0x000007fefc2ec000 	C:\Windows\system32\POWRPROF.dll
0x000007fefe9c0000 - 0x000007fefeb97000 	C:\Windows\system32\SETUPAPI.dll
0x000007fefd290000 - 0x000007fefd2c6000 	C:\Windows\system32\CFGMGR32.dll
0x000007fefd6f0000 - 0x000007fefd7c7000 	C:\Windows\system32\OLEAUT32.dll
0x000007fefd480000 - 0x000007fefd49a000 	C:\Windows\system32\DEVOBJ.dll
0x000007fefbb90000 - 0x000007fefbbe6000 	C:\Windows\system32\uxtheme.dll
0x000007fefb6e0000 - 0x000007fefb72b000 	C:\Windows\system32\MMDevAPI.DLL
0x000007fefb4e0000 - 0x000007fefb60c000 	C:\Windows\system32\PROPSYS.dll
0x000007fefb140000 - 0x000007fefb17b000 	C:\Windows\system32\wdmaud.drv
0x00000000745e0000 - 0x00000000745e6000 	C:\Windows\system32\ksuser.dll
0x000007fefb6d0000 - 0x000007fefb6d9000 	C:\Windows\system32\AVRT.dll
0x000007fefacf0000 - 0x000007fefad3f000 	C:\Windows\system32\AUDIOSES.DLL
0x000007fefaa50000 - 0x000007fefaa5a000 	C:\Windows\system32\msacm32.drv
0x000007fefaa30000 - 0x000007fefaa48000 	C:\Windows\system32\MSACM32.dll
0x000007fefaa20000 - 0x000007fefaa29000 	C:\Windows\system32\midimap.dll
0x000007fefe920000 - 0x000007fefe9b9000 	C:\Windows\system32\CLBCatQ.DLL
0x000007fedc410000 - 0x000007fedc540000 	C:\Keep\git\repository\MediaPlayer\com.upnp.mediaplayer\bin\mediaplayer_lib\ohNet\windows\x64\ohNet.dll
0x000007fef1f70000 - 0x000007fef2095000 	C:\Windows\system32\dbghelp.dll
0x000007fef9c10000 - 0x000007fef9c31000 	C:\Keep\git\repository\MediaPlayer\com.upnp.mediaplayer\bin\mediaplayer_lib\ohNet\windows\x64\ohNetJni.dll
0x0000000050d20000 - 0x0000000050eb8000 	C:\Keep\Java\jdk1.8.0_31\jre\bin\awt.dll
0x0000000050fd0000 - 0x0000000050fdb000 	C:\Keep\Java\jdk1.8.0_31\jre\bin\sunmscapi.dll
0x000007fefd310000 - 0x000007fefd47d000 	C:\Windows\system32\CRYPT32.dll
0x000007fefd280000 - 0x000007fefd28f000 	C:\Windows\system32\MSASN1.dll
0x000007fefb6b0000 - 0x000007fefb6c8000 	C:\Windows\system32\DWMAPI.DLL
0x000007fefc2b0000 - 0x000007fefc2bc000 	C:\Windows\system32\VERSION.dll
0x000007fefabe0000 - 0x000007fefac00000 	C:\Windows\system32\atiu9p64.dll
0x0000000050cd0000 - 0x0000000050d17000 	C:\Keep\Java\jdk1.8.0_31\jre\bin\fontmanager.dll
0x0000000050c90000 - 0x0000000050ccc000 	C:\Keep\Java\jdk1.8.0_31\jre\bin\lcms.dll
0x0000000050b20000 - 0x0000000050bc2000 	C:\Keep\Java\jdk1.8.0_31\jre\bin\mlib_image.dll
0x0000000050c40000 - 0x0000000050c81000 	C:\Keep\Java\jdk1.8.0_31\jre\bin\t2k.dll

VM Arguments:
jvm_args: -agentlib:jdwp=transport=dt_socket,suspend=y,address=localhost:54504 -Dcom.sun.management.jmxremote -Dcom.sun.management.jmxremote.port=9010 -Dcom.sun.management.jmxremote.local.only=false -Dcom.sun.management.jmxremote.authenticate=false -Dfile.encoding=Cp1252 
java_command: org.rpi.main.StartMe -input
java_class_path (initial): C:\Keep\git\repository\MediaPlayer\com.upnp.mediaplayer\bin;C:\Keep\Repository\java\jspf\dist\jspf.core-1.0.2.jar;C:\Keep\git\repository\MediaPlayer\com.upnp.mediaplayer\lib\core\pi4j-core.jar;C:\Keep\git\repository\MediaPlayer\com.upnp.mediaplayer\lib\core\netty-all-4.0.25.Final.jar;C:\Keep\git\repository\MediaPlayer\com.upnp.mediaplayer\lib\core\airplay\jmdns-3.4.1.jar;C:\Keep\git\repository\MediaPlayer\com.upnp.mediaplayer\lib\core\airplay\bcpkix-jdk15on-151.jar;C:\Keep\git\repository\MediaPlayer\com.upnp.mediaplayer\lib\core\airplay\bcprov-jdk15on-151.jar;C:\Keep\Repository\java\log4j\log4j\1.2.16\apache-log4j-1.2.16\log4j-1.2.16.jar;C:\Keep\git\repository\MediaPlayer\com.upnp.mediaplayer\lib\core\echopass\jEN.jar;C:\Keep\git\repository\MediaPlayer\com.upnp.mediaplayer\lib\core\echopass\json_simple-1.1.jar;C:\Keep\git\repository\MediaPlayer\com.upnp.mediaplayer\lib\core\grizzly\aopalliance-repackaged-2.2.0.jar;C:\Keep\git\repository\MediaPlayer\com.upnp.mediaplayer\lib\core\grizzly\hamcrest-core-1.1.jar;C:\Keep\git\repository\MediaPlayer\com.upnp.mediaplayer\lib\core\grizzly\hk2-api-2.2.0.jar;C:\Keep\git\repository\MediaPlayer\com.upnp.mediaplayer\lib\core\grizzly\hk2-locator-2.2.0.jar;C:\Keep\git\repository\MediaPlayer\com.upnp.mediaplayer\lib\core\grizzly\hk2-utils-2.2.0.jar;C:\Keep\git\repository\MediaPlayer\com.upnp.mediaplayer\lib\core\grizzly\javassist-3.18.1-GA.jar;C:\Keep\git\repository\MediaPlayer\com.upnp.mediaplayer\lib\core\grizzly\javax.annotation-api-1.2.jar;C:\Keep\git\repository\MediaPlayer\com.upnp.mediaplayer\lib\core\grizzly\javax.inject-2.2.0.jar;C:\Keep\git\repository\MediaPlayer\com.upnp.mediaplayer\lib\core\grizzly\javax.ws.rs-api-2.0.jar;C:\Keep\git\repository\MediaPlayer\com.upnp.mediaplayer\lib\core\grizzly\jersey-client-2.6.jar;C:\Keep\git\repository\MediaPlayer\com.upnp.mediaplayer\lib\core\grizzly\jersey-common-2.6.jar;C:\Keep\git\repository\MediaPlayer\com.upnp.mediaplayer\lib\core\grizzly\jersey-contain
Launcher Type: SUN_STANDARD

Environment Variables:
JAVA_HOME=C:\Keep\Java\jdk1.7.0_51
PATH=C:\Keep\Java\jdk1.8.0_31\jre\bin;C:/Keep/Java/jre1.7.0_76/bin/server;C:/Keep/Java/jre1.7.0_76/bin;C:/Keep/Java/jre1.7.0_76/lib/amd64;C:\Program Files\avs\bin;C:\Program Files (x86)\Intel\iCLS Client\;C:\Program Files\Intel\iCLS Client\;C:\Windows\system32;C:\Windows;C:\Windows\System32\Wbem;C:\Windows\System32\WindowsPowerShell\v1.0\;C:\Windows\System32\WindowsPowerShell\v1.0\;C:\Program Files\Intel\Intel(R) Management Engine Components\DAL;C:\Program Files\Intel\Intel(R) Management Engine Components\IPT;C:\Program Files (x86)\Intel\Intel(R) Management Engine Components\DAL;C:\Program Files (x86)\Intel\Intel(R) Management Engine Components\IPT;C:\Program Files (x86)\ATI Technologies\ATI.ACE\Core-Static;c:\Program Files (x86)\Microsoft SQL Server\100\Tools\Binn\;c:\Program Files\Microsoft SQL Server\100\Tools\Binn\;c:\Program Files\Microsoft SQL Server\100\DTS\Binn\;C:\Program Files (x86)\Windows Kits\8.1\Windows Performance Toolkit\;C:\Program Files\Microsoft SQL Server\110\Tools\Binn\;C:\Program Files\TortoiseHg\;C:\Program Files\TortoiseGit\bin;C:\Program Files\TortoiseSVN\bin;C:\Keep\Java\EclipseLuna\eclipse;
USERNAME=phoyle
OS=Windows_NT
PROCESSOR_IDENTIFIER=Intel64 Family 6 Model 60 Stepping 3, GenuineIntel



---------------  S Y S T E M  ---------------

OS: Windows 7 , 64 bit Build 7601 Service Pack 1

CPU:total 4 (2 cores per cpu, 2 threads per core) family 6 model 60 stepping 3, cmov, cx8, fxsr, mmx, sse, sse2, sse3, ssse3, sse4.1, sse4.2, popcnt, avx, avx2, aes, clmul, erms, lzcnt, ht, tsc, tscinvbit, bmi1, bmi2

Memory: 4k page, physical 16680120k(12067548k free), swap 33358380k(27585840k free)

vm_info: Java HotSpot(TM) 64-Bit Server VM (25.31-b07) for windows-amd64 JRE (1.8.0_31-b13), built on Dec 17 2014 21:00:28 by "java_re" with MS VC++ 10.0 (VS2010)

time: Sun Mar 01 11:58:55 2015
elapsed time: 535 seconds (0d 0h 8m 55s)

