#
# A fatal error has been detected by the Java Runtime Environment:
#
#  EXCEPTION_ACCESS_VIOLATION (0xc0000005) at pc=0x6e285c40, pid=12980, tid=12800
#
# JRE version: Java(TM) SE Runtime Environment (7.0_51-b13) (build 1.7.0_51-b13)
# Java VM: Java HotSpot(TM) Client VM (24.51-b03 mixed mode windows-x86 )
# Problematic frame:
# V  [jvm.dll+0x35c40]
#
# Failed to write core dump. Minidumps are not enabled by default on client versions of Windows
#
# If you would like to submit a bug report, please visit:
#   http://bugreport.sun.com/bugreport/crash.jsp
#

---------------  T H R E A D  ---------------

Current thread (0x186fe800):  JavaThread "JDWP Transport Listener: dt_socket" daemon [_thread_in_vm, id=12800, stack(0x188b0000,0x18900000)]

siginfo: ExceptionCode=0xc0000005, reading address 0x00000008

Registers:
EAX=0x04f9bd20, EBX=0x186fe800, ECX=0x00000000, EDX=0x00000000
ESP=0x188ff634, EBP=0x188ff638, ESI=0x00000000, EDI=0x6d1de15c
EIP=0x6e285c40, EFLAGS=0x00010246

Top of Stack: (sp=0x188ff634)
0x188ff634:   186fe930 188ff660 6e311206 04f9bd20
0x188ff644:   6d1de15c 186fe930 6d1de174 186fe800
0x188ff654:   00000000 186fe930 188ff724 6d1de99c
0x188ff664:   6d1c63b2 186fe930 04f9bd20 00000000
0x188ff674:   188ff698 188ff724 1e999998 188ff6d4
0x188ff684:   19787864 188ff6a4 6d1cbd27 188ff6a4
0x188ff694:   188ff6d8 6d1de890 6cda5004 6d1e2c68
0x188ff6a4:   1e9394d8 0000000b 00000000 00000013 

Instructions: (pc=0x6e285c40)
0x6e285c20:   8b 0d 18 1a 58 6e 85 c9 7e 05 8b 0c 01 eb 02 33
0x6e285c30:   c9 8b 15 1c 1a 58 6e 85 d2 7e 05 8b 04 02 eb 03
0x6e285c40:   8b 46 08 85 c0 75 0f 33 c9 50 51 e8 30 69 15 00
0x6e285c50:   83 c4 08 5e 5d c3 8d 4c 4e 0c 50 51 e8 1f 69 15 


Register to memory mapping:

EAX=
[error occurred during error reporting (printing register info), id 0xc0000005]

Stack: [0x188b0000,0x18900000],  sp=0x188ff634,  free space=317k
Native frames: (J=compiled Java code, j=interpreted, Vv=VM code, C=native code)
V  [jvm.dll+0x35c40]
V  [jvm.dll+0xc1206]


---------------  P R O C E S S  ---------------

Java Threads: ( => current thread )
  0x1e8fb400 JavaThread "LIRCWorkQueue" [_thread_blocked, id=14364, stack(0x209b0000,0x20a00000)]
  0x1e82d000 JavaThread "Timer-0" daemon [_thread_blocked, id=12212, stack(0x1ffc0000,0x20010000)]
  0x1e82cc00 JavaThread "DefaultQuartzScheduler_QuartzSchedulerThread" [_thread_blocked, id=16012, stack(0x20520000,0x20570000)]
  0x1e82c400 JavaThread "DefaultQuartzScheduler_Worker-10" [_thread_blocked, id=10596, stack(0x20170000,0x201c0000)]
  0x1e82c000 JavaThread "DefaultQuartzScheduler_Worker-9" [_thread_blocked, id=10876, stack(0x20360000,0x203b0000)]
  0x1e82b800 JavaThread "DefaultQuartzScheduler_Worker-8" [_thread_blocked, id=16336, stack(0x20250000,0x202a0000)]
  0x1e82b000 JavaThread "DefaultQuartzScheduler_Worker-7" [_thread_blocked, id=16132, stack(0x20110000,0x20160000)]
  0x1e82ac00 JavaThread "DefaultQuartzScheduler_Worker-6" [_thread_blocked, id=8856, stack(0x20080000,0x200d0000)]
  0x1e82a400 JavaThread "DefaultQuartzScheduler_Worker-5" [_thread_blocked, id=14508, stack(0x1fd60000,0x1fdb0000)]
  0x1e82a000 JavaThread "DefaultQuartzScheduler_Worker-4" [_thread_blocked, id=8048, stack(0x1ff40000,0x1ff90000)]
  0x1e764c00 JavaThread "DefaultQuartzScheduler_Worker-3" [_thread_blocked, id=15116, stack(0x1fe90000,0x1fee0000)]
  0x1e764400 JavaThread "DefaultQuartzScheduler_Worker-2" [_thread_blocked, id=15836, stack(0x1fe40000,0x1fe90000)]
  0x1e764000 JavaThread "DefaultQuartzScheduler_Worker-1" [_thread_blocked, id=13864, stack(0x1fc30000,0x1fc80000)]
  0x1e763800 JavaThread "Thread-7" [_thread_blocked, id=9024, stack(0x1fc80000,0x1fcd0000)]
  0x1e762c00 JavaThread "Thread-6" daemon [_thread_in_native, id=5952, stack(0x1d260000,0x1d2b0000)]
  0x1e762400 JavaThread "Thread-5" daemon [_thread_in_native, id=11184, stack(0x1d3b0000,0x1d400000)]
  0x1e762000 JavaThread "Thread-4" daemon [_thread_in_native, id=9688, stack(0x1d2e0000,0x1d330000)]
  0x1e761800 JavaThread "Java2D Disposer" daemon [_thread_blocked, id=12508, stack(0x1f950000,0x1f9a0000)]
  0x1e761400 JavaThread "Thread-2" daemon [_thread_in_native, id=4956, stack(0x1d570000,0x1d5c0000)]
  0x1e749c00 JavaThread "Grizzly-worker(8)" daemon [_thread_blocked, id=7032, stack(0x1f5f0000,0x1f640000)]
  0x1e749400 JavaThread "Grizzly-worker(7)" daemon [_thread_blocked, id=16512, stack(0x1f6d0000,0x1f720000)]
  0x1e748c00 JavaThread "Grizzly-worker(6)" daemon [_thread_blocked, id=17348, stack(0x1f650000,0x1f6a0000)]
  0x1e748800 JavaThread "Grizzly-worker(5)" daemon [_thread_blocked, id=9052, stack(0x1f290000,0x1f2e0000)]
  0x1e748000 JavaThread "Grizzly-worker(4)" daemon [_thread_blocked, id=5080, stack(0x1f4f0000,0x1f540000)]
  0x1e747c00 JavaThread "Grizzly-worker(3)" daemon [_thread_blocked, id=15412, stack(0x1ed80000,0x1edd0000)]
  0x1e747400 JavaThread "Grizzly-worker(2)" daemon [_thread_blocked, id=14376, stack(0x1f310000,0x1f360000)]
  0x1e747000 JavaThread "Grizzly-worker(1)" daemon [_thread_blocked, id=8344, stack(0x1ee60000,0x1eeb0000)]
  0x1e746800 JavaThread "grizzly-nio-kernel(5) SelectorRunner" daemon [_thread_in_native, id=15856, stack(0x1d750000,0x1d7a0000)]
  0x1e746000 JavaThread "grizzly-nio-kernel(4) SelectorRunner" daemon [_thread_in_native, id=12032, stack(0x1f1c0000,0x1f210000)]
  0x1e743c00 JavaThread "grizzly-nio-kernel(3) SelectorRunner" daemon [_thread_in_native, id=2700, stack(0x1ef70000,0x1efc0000)]
  0x1e743400 JavaThread "grizzly-nio-kernel(2) SelectorRunner" daemon [_thread_in_native, id=17300, stack(0x1eff0000,0x1f040000)]
  0x1e6f8800 JavaThread "grizzly-nio-kernel(1) SelectorRunner" daemon [_thread_in_native, id=416, stack(0x1f080000,0x1f0d0000)]
  0x1e6f8400 JavaThread "HttpServer-0" daemon [_thread_blocked, id=12632, stack(0x1ee10000,0x1ee60000)]
  0x1e6f5800 JavaThread "Grizzly-HttpSession-Expirer" daemon [_thread_blocked, id=17388, stack(0x1ef00000,0x1ef50000)]
  0x197f1c00 JavaThread "PlayListWriter" [_thread_blocked, id=14292, stack(0x1e4e0000,0x1e530000)]
  0x19726800 JavaThread "RMI TCP Accept-0" daemon [_thread_in_native, id=16004, stack(0x19a90000,0x19ae0000)]
  0x196f5000 JavaThread "RMI TCP Accept-9010" daemon [_thread_in_native, id=9076, stack(0x00fa0000,0x00ff0000)]
  0x196f1400 JavaThread "RMI TCP Accept-0" daemon [_thread_in_native, id=16368, stack(0x194a0000,0x194f0000)]
  0x18719000 JavaThread "Service Thread" daemon [_thread_blocked, id=8780, stack(0x18a70000,0x18ac0000)]
  0x18718c00 JavaThread "C1 CompilerThread0" daemon [_thread_blocked, id=13656, stack(0x19400000,0x19450000)]
  0x18703800 JavaThread "JDWP Command Reader" daemon [_thread_in_native, id=14412, stack(0x025d0000,0x02620000)]
  0x18702800 JavaThread "JDWP Event Helper Thread" daemon [_thread_blocked, id=17228, stack(0x18f60000,0x18fb0000)]
=>0x186fe800 JavaThread "JDWP Transport Listener: dt_socket" daemon [_thread_in_vm, id=12800, stack(0x188b0000,0x18900000)]
  0x186f2000 JavaThread "Attach Listener" daemon [_thread_blocked, id=6084, stack(0x024b0000,0x02500000)]
  0x186f1000 JavaThread "Signal Dispatcher" daemon [_thread_blocked, id=5252, stack(0x18b10000,0x18b60000)]
  0x186b9400 JavaThread "Finalizer" daemon [_thread_blocked, id=17120, stack(0x18970000,0x189c0000)]
  0x186b3400 JavaThread "Reference Handler" daemon [_thread_blocked, id=7636, stack(0x02580000,0x025d0000)]
  0x0269fc00 JavaThread "main" [_thread_in_native, id=1296, stack(0x00210000,0x00260000)]

Other Threads:
  0x186b1800 VMThread [stack: 0x02510000,0x02560000] [id=17236]
  0x196d9c00 WatcherThread [stack: 0x191b0000,0x19200000] [id=12872]

VM state:not at safepoint (normal execution)

VM Mutex/Monitor currently owned by a thread: None

Heap
 def new generation   total 31296K, used 13024K [0x046a0000, 0x06890000, 0x09bf0000)
  eden space 27840K,  34% used [0x046a0000, 0x04ff8278, 0x061d0000)
  from space 3456K, 100% used [0x06530000, 0x06890000, 0x06890000)
  to   space 3456K,   0% used [0x061d0000, 0x061d0000, 0x06530000)
 tenured generation   total 69400K, used 42453K [0x09bf0000, 0x0dfb6000, 0x146a0000)
   the space 69400K,  61% used [0x09bf0000, 0x0c5654e8, 0x0c565600, 0x0dfb6000)
 compacting perm gen  total 20480K, used 20354K [0x146a0000, 0x15aa0000, 0x186a0000)
   the space 20480K,  99% used [0x146a0000, 0x15a80878, 0x15a80a00, 0x15aa0000)
No shared spaces configured.

Card table byte_map: [0x00a70000,0x00b20000] byte_map_base: 0x00a4cb00

Polling page: 0x001f0000

Code Cache  [0x026a0000, 0x02990000, 0x046a0000)
 total_blobs=1696 nmethods=1503 adapters=136 free_code_cache=29763Kb largest_free_block=30476288

Compilation events (10 events):
Event: 61.242 Thread 0x18718c00 1524   !         sun.security.util.ManifestDigester::<init> (387 bytes)
Event: 61.243 Thread 0x18718c00 nmethod 1524 0x02988548 code [0x02988750, 0x0298903c]
Event: 61.258 Thread 0x18718c00 1525             sun.security.util.SignatureFileVerifier::processImpl (374 bytes)
Event: 61.259 Thread 0x18718c00 nmethod 1525 0x02989b88 code [0x02989e70, 0x0298a924]
Event: 61.368 Thread 0x18718c00 1526             sun.security.util.DerOutputStream::<init> (5 bytes)
Event: 61.368 Thread 0x18718c00 nmethod 1526 0x0298b748 code [0x0298b840, 0x0298b8dc]
Event: 61.370 Thread 0x18718c00 1527             java.math.BigInteger::oddModPow (850 bytes)
Event: 61.372 Thread 0x18718c00 nmethod 1527 0x0298b948 code [0x0298bbf0, 0x0298cfc8]
Event: 61.773 Thread 0x18718c00 1528             java.util.concurrent.locks.ReentrantLock::unlock (10 bytes)
Event: 61.773 Thread 0x18718c00 nmethod 1528 0x0298f4c8 code [0x0298f5e0, 0x0298f6e8]

GC Heap History (10 events):
Event: 7.561 GC heap before
{Heap before GC invocations=23 (full 2):
 def new generation   total 18816K, used 17942K [0x046a0000, 0x05b00000, 0x09bf0000)
  eden space 16768K, 100% used [0x046a0000, 0x05700000, 0x05700000)
  from space 2048K,  57% used [0x05700000, 0x05825b48, 0x05900000)
  to   space 2048K,   0% used [0x05900000, 0x05900000, 0x05b00000)
 tenured generation   total 41640K, used 38038K [0x09bf0000, 0x0c49a000, 0x146a0000)
   the space 41640K,  91% used [0x09bf0000, 0x0c115a80, 0x0c115c00, 0x0c49a000)
 compacting perm gen  total 15104K, used 14887K [0x146a0000, 0x15560000, 0x186a0000)
   the space 15104K,  98% used [0x146a0000, 0x15529d60, 0x15529e00, 0x15560000)
No shared spaces configured.
Event: 7.565 GC heap after
Heap after GC invocations=24 (full 2):
 def new generation   total 18816K, used 373K [0x046a0000, 0x05b00000, 0x09bf0000)
  eden space 16768K,   0% used [0x046a0000, 0x046a0000, 0x05700000)
  from space 2048K,  18% used [0x05900000, 0x0595d738, 0x05b00000)
  to   space 2048K,   0% used [0x05700000, 0x05700000, 0x05900000)
 tenured generation   total 41640K, used 38482K [0x09bf0000, 0x0c49a000, 0x146a0000)
   the space 41640K,  92% used [0x09bf0000, 0x0c184b58, 0x0c184c00, 0x0c49a000)
 compacting perm gen  total 15104K, used 14887K [0x146a0000, 0x15560000, 0x186a0000)
   the space 15104K,  98% used [0x146a0000, 0x15529d60, 0x15529e00, 0x15560000)
No shared spaces configured.
}
Event: 11.966 GC heap before
{Heap before GC invocations=24 (full 2):
 def new generation   total 18816K, used 17141K [0x046a0000, 0x05b00000, 0x09bf0000)
  eden space 16768K, 100% used [0x046a0000, 0x05700000, 0x05700000)
  from space 2048K,  18% used [0x05900000, 0x0595d738, 0x05b00000)
  to   space 2048K,   0% used [0x05700000, 0x05700000, 0x05900000)
 tenured generation   total 41640K, used 38482K [0x09bf0000, 0x0c49a000, 0x146a0000)
   the space 41640K,  92% used [0x09bf0000, 0x0c184b58, 0x0c184c00, 0x0c49a000)
 compacting perm gen  total 15104K, used 14942K [0x146a0000, 0x15560000, 0x186a0000)
   the space 15104K,  98% used [0x146a0000, 0x15537a68, 0x15537c00, 0x15560000)
No shared spaces configured.
Event: 11.970 GC heap after
Heap after GC invocations=25 (full 2):
 def new generation   total 18816K, used 2048K [0x046a0000, 0x05b00000, 0x09bf0000)
  eden space 16768K,   0% used [0x046a0000, 0x046a0000, 0x05700000)
  from space 2048K, 100% used [0x05700000, 0x05900000, 0x05900000)
  to   space 2048K,   0% used [0x05900000, 0x05900000, 0x05b00000)
 tenured generation   total 41640K, used 38666K [0x09bf0000, 0x0c49a000, 0x146a0000)
   the space 41640K,  92% used [0x09bf0000, 0x0c1b2890, 0x0c1b2a00, 0x0c49a000)
 compacting perm gen  total 15104K, used 14942K [0x146a0000, 0x15560000, 0x186a0000)
   the space 15104K,  98% used [0x146a0000, 0x15537a68, 0x15537c00, 0x15560000)
No shared spaces configured.
}
Event: 14.471 GC heap before
{Heap before GC invocations=25 (full 2):
 def new generation   total 18816K, used 18816K [0x046a0000, 0x05b00000, 0x09bf0000)
  eden space 16768K, 100% used [0x046a0000, 0x05700000, 0x05700000)
  from space 2048K, 100% used [0x05700000, 0x05900000, 0x05900000)
  to   space 2048K,   0% used [0x05900000, 0x05900000, 0x05b00000)
 tenured generation   total 41640K, used 38666K [0x09bf0000, 0x0c49a000, 0x146a0000)
   the space 41640K,  92% used [0x09bf0000, 0x0c1b2890, 0x0c1b2a00, 0x0c49a000)
 compacting perm gen  total 16640K, used 16497K [0x146a0000, 0x156e0000, 0x186a0000)
   the space 16640K,  99% used [0x146a0000, 0x156bc6e0, 0x156bc800, 0x156e0000)
No shared spaces configured.
Event: 14.478 GC heap after
Heap after GC invocations=26 (full 2):
 def new generation   total 18816K, used 2047K [0x046a0000, 0x05b00000, 0x09bf0000)
  eden space 16768K,   0% used [0x046a0000, 0x046a0000, 0x05700000)
  from space 2048K,  99% used [0x05900000, 0x05affff8, 0x05b00000)
  to   space 2048K,   0% used [0x05700000, 0x05700000, 0x05900000)
 tenured generation   total 41640K, used 40470K [0x09bf0000, 0x0c49a000, 0x146a0000)
   the space 41640K,  97% used [0x09bf0000, 0x0c375898, 0x0c375a00, 0x0c49a000)
 compacting perm gen  total 16640K, used 16497K [0x146a0000, 0x156e0000, 0x186a0000)
   the space 16640K,  99% used [0x146a0000, 0x156bc6e0, 0x156bc800, 0x156e0000)
No shared spaces configured.
}
Event: 18.425 GC heap before
{Heap before GC invocations=26 (full 2):
 def new generation   total 18816K, used 16633K [0x046a0000, 0x05b00000, 0x09bf0000)
  eden space 16768K,  86% used [0x046a0000, 0x054de478, 0x05700000)
  from space 2048K,  99% used [0x05900000, 0x05affff8, 0x05b00000)
  to   space 2048K,   0% used [0x05700000, 0x05700000, 0x05900000)
 tenured generation   total 41640K, used 40470K [0x09bf0000, 0x0c49a000, 0x146a0000)
   the space 41640K,  97% used [0x09bf0000, 0x0c375898, 0x0c375a00, 0x0c49a000)
 compacting perm gen  total 16896K, used 16895K [0x146a0000, 0x15720000, 0x186a0000)
   the space 16896K,  99% used [0x146a0000, 0x1571ffe8, 0x15720000, 0x15720000)
No shared spaces configured.
Event: 18.468 GC heap after
Heap after GC invocations=27 (full 3):
 def new generation   total 31296K, used 626K [0x046a0000, 0x06890000, 0x09bf0000)
  eden space 27840K,   2% used [0x046a0000, 0x0473ca28, 0x061d0000)
  from space 3456K,   0% used [0x061d0000, 0x061d0000, 0x06530000)
  to   space 3456K,   0% used [0x06530000, 0x06530000, 0x06890000)
 tenured generation   total 69400K, used 41639K [0x09bf0000, 0x0dfb6000, 0x146a0000)
   the space 69400K,  59% used [0x09bf0000, 0x0c499fe8, 0x0c49a000, 0x0dfb6000)
 compacting perm gen  total 16896K, used 16895K [0x146a0000, 0x15720000, 0x186a0000)
   the space 16896K,  99% used [0x146a0000, 0x1571ffe8, 0x15720000, 0x15720000)
No shared spaces configured.
}
Event: 47.234 GC heap before
{Heap before GC invocations=27 (full 3):
 def new generation   total 31296K, used 27840K [0x046a0000, 0x06890000, 0x09bf0000)
  eden space 27840K, 100% used [0x046a0000, 0x061d0000, 0x061d0000)
  from space 3456K,   0% used [0x061d0000, 0x061d0000, 0x06530000)
  to   space 3456K,   0% used [0x06530000, 0x06530000, 0x06890000)
 tenured generation   total 69400K, used 41639K [0x09bf0000, 0x0dfb6000, 0x146a0000)
   the space 69400K,  59% used [0x09bf0000, 0x0c499fe8, 0x0c49a000, 0x0dfb6000)
 compacting perm gen  total 20224K, used 20067K [0x146a0000, 0x15a60000, 0x186a0000)
   the space 20224K,  99% used [0x146a0000, 0x15a38e60, 0x15a39000, 0x15a60000)
No shared spaces configured.
Event: 47.253 GC heap after
Heap after GC invocations=28 (full 3):
 def new generation   total 31296K, used 3456K [0x046a0000, 0x06890000, 0x09bf0000)
  eden space 27840K,   0% used [0x046a0000, 0x046a0000, 0x061d0000)
  from space 3456K, 100% used [0x06530000, 0x06890000, 0x06890000)
  to   space 3456K,   0% used [0x061d0000, 0x061d0000, 0x06530000)
 tenured generation   total 69400K, used 42453K [0x09bf0000, 0x0dfb6000, 0x146a0000)
   the space 69400K,  61% used [0x09bf0000, 0x0c5654e8, 0x0c565600, 0x0dfb6000)
 compacting perm gen  total 20224K, used 20067K [0x146a0000, 0x15a60000, 0x186a0000)
   the space 20224K,  99% used [0x146a0000, 0x15a38e60, 0x15a39000, 0x15a60000)
No shared spaces configured.
}

Deoptimization events (0 events):
No events

Internal exceptions (10 events):
Event: 61.801 Thread 0x1e763800 Threw 0x04f6cda0 at C:\re\jdk7u51\527\hotspot\src\share\vm\prims\jvm.cpp:1244
Event: 61.806 Thread 0x1e763800 Threw 0x04f71218 at C:\re\jdk7u51\527\hotspot\src\share\vm\prims\jvm.cpp:1244
Event: 61.813 Thread 0x1e763800 Threw 0x04f75bd8 at C:\re\jdk7u51\527\hotspot\src\share\vm\prims\jvm.cpp:1244
Event: 61.817 Thread 0x1e763800 Threw 0x04f79b18 at C:\re\jdk7u51\527\hotspot\src\share\vm\prims\jvm.cpp:1244
Event: 61.825 Thread 0x1e763800 Threw 0x04f7e5b0 at C:\re\jdk7u51\527\hotspot\src\share\vm\prims\jvm.cpp:1244
Event: 61.834 Thread 0x1e763800 Threw 0x04f83278 at C:\re\jdk7u51\527\hotspot\src\share\vm\prims\jvm.cpp:1244
Event: 61.844 Thread 0x1e763800 Threw 0x04f882d8 at C:\re\jdk7u51\527\hotspot\src\share\vm\prims\jvm.cpp:1244
Event: 61.854 Thread 0x1e763800 Threw 0x04f8d320 at C:\re\jdk7u51\527\hotspot\src\share\vm\prims\jvm.cpp:1244
Event: 61.864 Thread 0x1e763800 Threw 0x04f922f0 at C:\re\jdk7u51\527\hotspot\src\share\vm\prims\jvm.cpp:1244
Event: 61.870 Thread 0x1e763800 Threw 0x04f96d68 at C:\re\jdk7u51\527\hotspot\src\share\vm\prims\jvm.cpp:1244

Events (10 events):
Event: 86.802 Executing VM operation: EnterInterpOnlyMode
Event: 86.802 Executing VM operation: EnterInterpOnlyMode done
Event: 86.802 Executing VM operation: GetCurrentLocation
Event: 86.802 Executing VM operation: GetCurrentLocation done
Event: 86.802 Executing VM operation: ChangeSingleStep
Event: 86.802 Executing VM operation: ChangeSingleStep done
Event: 86.802 Executing VM operation: ChangeSingleStep
Event: 86.802 Executing VM operation: ChangeSingleStep done
Event: 86.811 Executing VM operation: GetOrSetLocal
Event: 86.811 Executing VM operation: GetOrSetLocal done


Dynamic libraries:
0x01080000 - 0x010af000 	C:\Keep\Java\jdk1.7.0_51\bin\javaw.exe
0x774b0000 - 0x77630000 	C:\Windows\SysWOW64\ntdll.dll
0x76fa0000 - 0x770b0000 	C:\Windows\syswow64\kernel32.dll
0x74f10000 - 0x74f57000 	C:\Windows\syswow64\KERNELBASE.dll
0x75f40000 - 0x75fe1000 	C:\Windows\syswow64\ADVAPI32.dll
0x75850000 - 0x758fc000 	C:\Windows\syswow64\msvcrt.dll
0x75ec0000 - 0x75ed9000 	C:\Windows\SysWOW64\sechost.dll
0x76000000 - 0x760f0000 	C:\Windows\syswow64\RPCRT4.dll
0x74d50000 - 0x74db0000 	C:\Windows\syswow64\SspiCli.dll
0x74d40000 - 0x74d4c000 	C:\Windows\syswow64\CRYPTBASE.dll
0x75a90000 - 0x75b90000 	C:\Windows\syswow64\USER32.dll
0x759d0000 - 0x75a60000 	C:\Windows\syswow64\GDI32.dll
0x76f20000 - 0x76f2a000 	C:\Windows\syswow64\LPK.dll
0x757b0000 - 0x7584d000 	C:\Windows\syswow64\USP10.dll
0x695f0000 - 0x6978e000 	C:\Windows\WinSxS\x86_microsoft.windows.common-controls_6595b64144ccf1df_6.0.7601.18837_none_41e855142bd5705d\COMCTL32.dll
0x75ee0000 - 0x75f37000 	C:\Windows\syswow64\SHLWAPI.dll
0x75750000 - 0x757b0000 	C:\Windows\system32\IMM32.DLL
0x760f0000 - 0x761bd000 	C:\Windows\syswow64\MSCTF.dll
0x73270000 - 0x73299000 	C:\windows\SysWOW64\nvinit.dll
0x77480000 - 0x77485000 	C:\Windows\syswow64\api-ms-win-downlevel-advapi32-l1-1-0.dll
0x787a0000 - 0x7885f000 	C:\Keep\Java\jdk1.7.0_51\jre\bin\msvcr100.dll
0x6e250000 - 0x6e5d0000 	C:\Keep\Java\jdk1.7.0_51\jre\bin\client\jvm.dll
0x6a1d0000 - 0x6a1d7000 	C:\Windows\system32\WSOCK32.dll
0x75980000 - 0x759b5000 	C:\Windows\syswow64\WS2_32.dll
0x76f10000 - 0x76f16000 	C:\Windows\syswow64\NSI.dll
0x69550000 - 0x69582000 	C:\Windows\system32\WINMM.dll
0x74db0000 - 0x74db5000 	C:\Windows\syswow64\PSAPI.DLL
0x6e040000 - 0x6e04c000 	C:\Keep\Java\jdk1.7.0_51\jre\bin\verify.dll
0x6d380000 - 0x6d3a0000 	C:\Keep\Java\jdk1.7.0_51\jre\bin\java.dll
0x6d1c0000 - 0x6d1ea000 	C:\Keep\Java\jdk1.7.0_51\jre\bin\jdwp.dll
0x6dbd0000 - 0x6dbd7000 	C:\Keep\Java\jdk1.7.0_51\jre\bin\npt.dll
0x6dfc0000 - 0x6dfd3000 	C:\Keep\Java\jdk1.7.0_51\jre\bin\zip.dll
0x6cda0000 - 0x6cda8000 	C:\Keep\Java\jdk1.7.0_51\jre\bin\dt_socket.dll
0x63e50000 - 0x63e60000 	C:\Windows\system32\NLAapi.dll
0x63d40000 - 0x63d50000 	C:\Windows\system32\napinsp.dll
0x63d20000 - 0x63d32000 	C:\Windows\system32\pnrpnsp.dll
0x73140000 - 0x7317c000 	C:\Windows\System32\mswsock.dll
0x6af50000 - 0x6af94000 	C:\Windows\system32\DNSAPI.dll
0x63d10000 - 0x63d18000 	C:\Windows\System32\winrnr.dll
0x63d00000 - 0x63d0d000 	C:\Windows\system32\wshbth.dll
0x6a410000 - 0x6a431000 	C:\Program Files (x86)\Bonjour\mdnsNSP.dll
0x72f30000 - 0x72f4c000 	C:\Windows\system32\Iphlpapi.DLL
0x72f20000 - 0x72f27000 	C:\Windows\system32\WINNSI.DLL
0x72ea0000 - 0x72ed8000 	C:\Windows\System32\fwpuclnt.dll
0x6a3d0000 - 0x6a3d6000 	C:\Windows\system32\rasadhlp.dll
0x73130000 - 0x73135000 	C:\Windows\System32\wshtcpip.dll
0x6d590000 - 0x6d59a000 	C:\Keep\Java\jdk1.7.0_51\jre\bin\management.dll
0x6da80000 - 0x6da94000 	C:\Keep\Java\jdk1.7.0_51\jre\bin\net.dll
0x72f10000 - 0x72f16000 	C:\Windows\System32\wship6.dll
0x6e230000 - 0x6e23f000 	C:\Keep\Java\jdk1.7.0_51\jre\bin\nio.dll
0x6d8d0000 - 0x6d8f0000 	C:\Keep\Java\jdk1.7.0_51\jre\bin\sunec.dll
0x00540000 - 0x00549000 	C:\Keep\Java\jdk1.7.0_51\jre\bin\sunmscapi.dll
0x75330000 - 0x75451000 	C:\Windows\syswow64\CRYPT32.dll
0x74f60000 - 0x74f6c000 	C:\Windows\syswow64\MSASN1.dll
0x73110000 - 0x73127000 	C:\Windows\system32\CRYPTSP.dll
0x730d0000 - 0x7310b000 	C:\Windows\system32\rsaenh.dll
0x75c30000 - 0x75c47000 	C:\Windows\syswow64\USERENV.dll
0x75c60000 - 0x75c6b000 	C:\Windows\syswow64\profapi.dll
0x72f00000 - 0x72f0d000 	C:\Windows\system32\dhcpcsvc6.DLL
0x72ee0000 - 0x72ef2000 	C:\Windows\system32\dhcpcsvc.DLL
0x6d4d0000 - 0x6d4da000 	C:\Keep\Java\jdk1.7.0_51\jre\bin\jsound.dll
0x00590000 - 0x00599000 	C:\Keep\Java\jdk1.7.0_51\jre\bin\jsoundds.dll
0x6e800000 - 0x6e872000 	C:\Windows\system32\DSOUND.dll
0x751a0000 - 0x752fd000 	C:\Windows\syswow64\ole32.dll
0x602a0000 - 0x602c5000 	C:\Windows\system32\POWRPROF.dll
0x74f70000 - 0x7510d000 	C:\Windows\syswow64\SETUPAPI.dll
0x75a60000 - 0x75a87000 	C:\Windows\syswow64\CFGMGR32.dll
0x75b90000 - 0x75c21000 	C:\Windows\syswow64\OLEAUT32.dll
0x76f30000 - 0x76f42000 	C:\Windows\syswow64\DEVOBJ.dll
0x6afc0000 - 0x6b040000 	C:\Windows\system32\uxtheme.dll
0x61c10000 - 0x61c49000 	C:\Windows\system32\MMDevAPI.DLL
0x612a0000 - 0x61395000 	C:\Windows\system32\PROPSYS.dll
0x62910000 - 0x62940000 	C:\Windows\system32\wdmaud.drv
0x69810000 - 0x69814000 	C:\Windows\system32\ksuser.dll
0x69790000 - 0x69797000 	C:\Windows\system32\AVRT.dll
0x61a90000 - 0x61ac6000 	C:\Windows\system32\AUDIOSES.DLL
0x69830000 - 0x69838000 	C:\Windows\system32\msacm32.drv
0x695a0000 - 0x695b4000 	C:\Windows\system32\MSACM32.dll
0x69820000 - 0x69827000 	C:\Windows\system32\midimap.dll
0x75110000 - 0x75193000 	C:\Windows\syswow64\CLBCatQ.DLL
0x1a940000 - 0x1aa33000 	C:\Keep\git\repository\MediaPlayer\com.upnp.mediaplayer\bin\mediaplayer_lib\ohNet\windows\x86\ohNet.dll
0x73180000 - 0x7326b000 	C:\Windows\system32\dbghelp.dll
0x01040000 - 0x0105a000 	C:\Keep\git\repository\MediaPlayer\com.upnp.mediaplayer\bin\mediaplayer_lib\ohNet\windows\x86\ohNetJni.dll
0x6c1a0000 - 0x6c2e3000 	C:\Keep\Java\jdk1.7.0_51\jre\bin\awt.dll
0x6d700000 - 0x6d725000 	C:\Keep\Java\jdk1.7.0_51\jre\bin\jpeg.dll
0x6e120000 - 0x6e14d000 	C:\Keep\Java\jdk1.7.0_51\jre\bin\kcms.dll

VM Arguments:
jvm_args: -agentlib:jdwp=transport=dt_socket,suspend=y,address=localhost:63437 -Dcom.sun.management.jmxremote -Dcom.sun.management.jmxremote.port=9010 -Dcom.sun.management.jmxremote.local.only=false -Dcom.sun.management.jmxremote.authenticate=false -Dfile.encoding=Cp1252 
java_command: org.rpi.main.StartMe -input
Launcher Type: SUN_STANDARD

Environment Variables:
JAVA_HOME=C:\Keep\Java\jdk1.8.0_31
PATH=C:\Keep\Java\jdk1.7.0_51\jre\bin;C:/Keep/Java/jdk1.8.0_31/bin/../jre/bin/server;C:/Keep/Java/jdk1.8.0_31/bin/../jre/bin;C:/Keep/Java/jdk1.8.0_31/bin/../jre/lib/amd64;C:\Program Files\avs\bin;C:\Program Files (x86)\Intel\iCLS Client\;C:\Program Files\Intel\iCLS Client\;C:\Windows\system32;C:\Windows;C:\Windows\System32\Wbem;C:\Windows\System32\WindowsPowerShell\v1.0\;C:\Windows\System32\WindowsPowerShell\v1.0\;C:\Program Files\Intel\Intel(R) Management Engine Components\DAL;C:\Program Files\Intel\Intel(R) Management Engine Components\IPT;C:\Program Files (x86)\Intel\Intel(R) Management Engine Components\DAL;C:\Program Files (x86)\Intel\Intel(R) Management Engine Components\IPT;C:\Program Files (x86)\ATI Technologies\ATI.ACE\Core-Static;c:\Program Files (x86)\Microsoft SQL Server\100\Tools\Binn\;c:\Program Files\Microsoft SQL Server\100\Tools\Binn\;c:\Program Files\Microsoft SQL Server\100\DTS\Binn\;C:\Program Files\Microsoft SQL Server\110\Tools\Binn\;C:\Program Files\TortoiseSVN\bin;C:\Program Files (x86)\nodejs\;C:\Program Files (x86)\Git\cmd;C\Python27;C:\Program Files\TortoiseGit\bin;C:\Keep\Java\jdk1.8.0_31\bin;C:\Program Files (x86)\Skype\Phone\;C:\Program Files\TortoiseHg\;C:\Program Files (x86)\Windows Kits\8.1\Windows Performance Toolkit\;C:\Program Files\Microsoft\Web Platform Installer\;C:\Program Files (x86)\Microsoft SDKs\TypeScript\1.0\;C:\Program Files\Microsoft SQL Server\120\Tools\Binn\;C:\Program Files\Dell\Dell Data Protection\Encryption\;C:\Users\phoyle\AppData\Roaming\npm;C:\Python27;C:\Keep\Java\EclipseLuna\eclipse;
USERNAME=phoyle
OS=Windows_NT
PROCESSOR_IDENTIFIER=Intel64 Family 6 Model 60 Stepping 3, GenuineIntel



---------------  S Y S T E M  ---------------

OS: Windows 7 , 64 bit Build 7601 Service Pack 1

CPU:total 4 (2 cores per cpu, 2 threads per core) family 6 model 60 stepping 3, cmov, cx8, fxsr, mmx, sse, sse2, sse3, ssse3, sse4.1, sse4.2, popcnt, avx, avx2, aes, erms, ht, tsc, tscinvbit

Memory: 4k page, physical 16680120k(443748k free), swap 33358380k(14028168k free)

vm_info: Java HotSpot(TM) Client VM (24.51-b03) for windows-x86 JRE (1.7.0_51-b13), built on Dec 18 2013 19:09:58 by "java_re" with unknown MS VC++:1600

time: Tue Apr 04 11:59:36 2017
elapsed time: 86 seconds

