#
# A fatal error has been detected by the Java Runtime Environment:
#
#  EXCEPTION_UNCAUGHT_CXX_EXCEPTION (0xe06d7363) at pc=0x00007ffe3fbdcd29, pid=18620, tid=41840
#
# JRE version: Java(TM) SE Runtime Environment (8.0_31-b13) (build 1.8.0_31-b13)
# Java VM: Java HotSpot(TM) 64-Bit Server VM (25.31-b07 mixed mode windows-amd64 compressed oops)
# Problematic frame:
# C  [KERNELBASE.dll+0x2cd29]
#
# Failed to write core dump. Minidumps are not enabled by default on client versions of Windows
#
# If you would like to submit a bug report, please visit:
#   http://bugreport.java.com/bugreport/crash.jsp
# The crash happened outside the Java Virtual Machine in native code.
# See problematic frame for where to report the bug.
#

---------------  T H R E A D  ---------------

Current thread (0x00000000348d9000):  JavaThread "Thread-57" [_thread_in_native, id=41840, stack(0x0000000037cc0000,0x0000000037dc0000)]

siginfo: ExceptionCode=0xe06d7363, ExceptionInformation=0x0000000019930520 0x0000000037dbf110 0x00007ffddf0f3190 0x00007ffddeff0000 

Registers:
RAX=0x00000000348d9000, RBX=0x0000000037dbf110, RCX=0x0000a48799d48ffb, RDX=0x0000000029a13a90
RSP=0x0000000037dbefa0, RBP=0x0000000037dbf0e0, RSI=0x0000000000000000, RDI=0x00007ffddf0f3190
R8 =0x00000000027adce0, R9 =0x00000000348d9000, R10=0x0000000031db4370, R11=0x0000000029a13a90
R12=0x0000000000000000, R13=0x0000000029a14730, R14=0x0000000037dbf230, R15=0x00000000348d9000
RIP=0x00007ffe3fbdcd29, EFLAGS=0x0000000000000202

Top of Stack: (sp=0x0000000037dbefa0)
0x0000000037dbefa0:   00007ffddf0f1178 0000000037dbf110
0x0000000037dbefb0:   0000000000000000 000000002b4597b0
0x0000000037dbefc0:   00000001e06d7363 0000000000000000
0x0000000037dbefd0:   00007ffe3fbdcd29 2000000000000004
0x0000000037dbefe0:   0000000019930520 0000000037dbf110
0x0000000037dbeff0:   00007ffddf0f3190 00007ffddeff0000
0x0000000037dbf000:   0000000029a14730 0000000000000000
0x0000000037dbf010:   0000000000000000 0000000037dbf0e0
0x0000000037dbf020:   0000000037dbf0f0 00007ffe421c4a5f
0x0000000037dbf030:   00007ffddf0f3190 0000000000000000
0x0000000037dbf040:   0000000029a14730 0000000000000000
0x0000000037dbf050:   00007ffddf111000 00007ffddeff0000
0x0000000037dbf060:   0000225aa4c0d3c2 0000000000000000
0x0000000037dbf070:   0000000037dbf110 00007ffddf08549d
0x0000000037dbf080:   000000002b451530 00007ffe421e1632
0x0000000037dbf090:   000000002b457860 0000f812a09b4466 

Instructions: (pc=0x00007ffe3fbdcd29)
0x00007ffe3fbdcd09:   8b d1 44 0f 47 c0 44 89 44 24 38 49 c1 e0 03 e8
0x00007ffe3fbdcd19:   ba bb 06 00 48 8d 4c 24 20 48 ff 15 67 9b 19 00
0x00007ffe3fbdcd29:   0f 1f 44 00 00 48 8b 8c 24 c0 00 00 00 48 33 cc
0x00007ffe3fbdcd39:   e8 42 09 06 00 48 81 c4 d8 00 00 00 c3 cc 83 64 


Register to memory mapping:

RAX=0x00000000348d9000 is a thread
RBX=0x0000000037dbf110 is pointing into the stack for thread: 0x00000000348d9000
RCX=0x0000a48799d48ffb is an unknown value
RDX={method} {0x0000000029a13a98} 'message' '(Ljava/lang/String;)V' in 'org/rpi/main/OpenHomeLogger'
RSP=0x0000000037dbefa0 is pointing into the stack for thread: 0x00000000348d9000
RBP=0x0000000037dbf0e0 is pointing into the stack for thread: 0x00000000348d9000
RSI=0x0000000000000000 is an unknown value
RDI=0x00007ffddf0f3190 is an unknown value
R8 =0x00000000027adce0 is at code_begin+1632 in an Interpreter codelet
method entry point (kind = native)  [0x00000000027ad680, 0x00000000027ae6a0]  4128 bytes
R9 =0x00000000348d9000 is a thread
R10=0x0000000031db4370 is an unknown value
R11={method} {0x0000000029a13a98} 'message' '(Ljava/lang/String;)V' in 'org/rpi/main/OpenHomeLogger'
R12=0x0000000000000000 is an unknown value
R13={method} {0x0000000029a14738} 'OhNetLibraryClose' '()V' in 'org/openhome/net/core/Library'
R14=0x0000000037dbf230 is pointing into the stack for thread: 0x00000000348d9000
R15=0x00000000348d9000 is a thread


Stack: [0x0000000037cc0000,0x0000000037dc0000],  sp=0x0000000037dbefa0,  free space=1019k
Native frames: (J=compiled Java code, j=interpreted, Vv=VM code, C=native code)
C  [KERNELBASE.dll+0x2cd29]

Java frames: (J=compiled Java code, j=interpreted, Vv=VM code)
j  org.openhome.net.core.Library.OhNetLibraryClose()V+0
j  org.openhome.net.core.Library.close()V+0
j  org.rpi.main.SimpleDevice.dispose()V+324
j  org.rpi.main.SimpleDevice$1.run()V+16
v  ~StubRoutines::call_stub

---------------  P R O C E S S  ---------------

Java Threads: ( => current thread )
  0x0000000034dfd000 JavaThread "OHZEventLoopGroupThread-4-4" [_thread_blocked, id=1532, stack(0x0000000000910000,0x0000000000a10000)]
  0x0000000034dfc800 JavaThread "OHZEventLoopGroupThread-4-3" [_thread_blocked, id=41380, stack(0x0000000000810000,0x0000000000910000)]
  0x0000000034dfe800 JavaThread "OHZEventLoopGroupThread-4-2" [_thread_blocked, id=15468, stack(0x0000000000710000,0x0000000000810000)]
=>0x00000000348d9000 JavaThread "Thread-57" [_thread_in_native, id=41840, stack(0x0000000037cc0000,0x0000000037dc0000)]
  0x00000000348d5800 JavaThread "Thread-56" [_thread_in_Java, id=45760, stack(0x000000003b370000,0x000000003b470000)]
  0x00000000348d2800 JavaThread "ClockTimer" [_thread_blocked, id=39404, stack(0x000000003b270000,0x000000003b370000)]
  0x000000002b319000 JavaThread "Timer-1" daemon [_thread_blocked, id=25348, stack(0x0000000038ce0000,0x0000000038de0000)]
  0x000000002b313800 JavaThread "DefaultQuartzScheduler_QuartzSchedulerThread" [_thread_blocked, id=43892, stack(0x0000000038be0000,0x0000000038ce0000)]
  0x0000000034e85800 JavaThread "DefaultQuartzScheduler_Worker-10" [_thread_blocked, id=44712, stack(0x0000000038ae0000,0x0000000038be0000)]
  0x0000000034e86800 JavaThread "DefaultQuartzScheduler_Worker-9" [_thread_blocked, id=20336, stack(0x00000000389e0000,0x0000000038ae0000)]
  0x0000000034e89800 JavaThread "DefaultQuartzScheduler_Worker-8" [_thread_blocked, id=12256, stack(0x00000000388e0000,0x00000000389e0000)]
  0x0000000034e85000 JavaThread "DefaultQuartzScheduler_Worker-7" [_thread_blocked, id=40900, stack(0x00000000387e0000,0x00000000388e0000)]
  0x0000000034e8a000 JavaThread "DefaultQuartzScheduler_Worker-6" [_thread_blocked, id=43960, stack(0x00000000386e0000,0x00000000387e0000)]
  0x0000000034e88800 JavaThread "DefaultQuartzScheduler_Worker-5" [_thread_blocked, id=34700, stack(0x00000000383c0000,0x00000000384c0000)]
  0x0000000034e84000 JavaThread "DefaultQuartzScheduler_Worker-4" [_thread_blocked, id=41452, stack(0x00000000382c0000,0x00000000383c0000)]
  0x0000000034e87000 JavaThread "DefaultQuartzScheduler_Worker-3" [_thread_blocked, id=41624, stack(0x00000000381c0000,0x00000000382c0000)]
  0x0000000034e88000 JavaThread "DefaultQuartzScheduler_Worker-2" [_thread_blocked, id=33324, stack(0x00000000380c0000,0x00000000381c0000)]
  0x0000000034e83800 JavaThread "DefaultQuartzScheduler_Worker-1" [_thread_blocked, id=24340, stack(0x0000000037fc0000,0x00000000380c0000)]
  0x0000000034e04000 JavaThread "OHZEventLoopGroupThread-4-1" [_thread_blocked, id=11400, stack(0x0000000037ec0000,0x0000000037fc0000)]
  0x0000000034e01000 JavaThread "Thread-20" [_thread_blocked, id=41988, stack(0x0000000033900000,0x0000000033a00000)]
  0x0000000034dfb800 JavaThread "Java2D Disposer" daemon [_thread_blocked, id=34664, stack(0x00000000367c0000,0x00000000368c0000)]
  0x000000002b207800 JavaThread "Grizzly-HttpSession-Expirer" daemon [_thread_blocked, id=40780, stack(0x0000000032420000,0x0000000032520000)]
  0x000000002b202000 JavaThread "OkHttp WebSocket http://192.168.1.205:8088/..." [_thread_blocked, id=29896, stack(0x0000000032720000,0x0000000032820000)]
  0x000000002b200800 JavaThread "Okio Watchdog" daemon [_thread_blocked, id=24504, stack(0x0000000032320000,0x0000000032420000)]
  0x000000002b203000 JavaThread "OkHttp ConnectionPool" daemon [_thread_blocked, id=23208, stack(0x000000002f800000,0x000000002f900000)]
  0x000000002aa74800 JavaThread "OkHttp http://192.168.1.205:8088/..." [_thread_in_native, id=18004, stack(0x0000000031000000,0x0000000031100000)]
  0x000000002a4a1000 JavaThread "PlayListWriter" [_thread_blocked, id=41024, stack(0x000000002fc00000,0x000000002fd00000)]
  0x000000002a697000 JavaThread "Thread-4" [_thread_blocked, id=9224, stack(0x000000002fb00000,0x000000002fc00000)]
  0x0000000029403800 JavaThread "Thread-1" [_thread_blocked, id=31784, stack(0x000000002a1f0000,0x000000002a2f0000)]
  0x00000000291e1800 JavaThread "RMI TCP Accept-3614" daemon [_thread_in_native, id=2952, stack(0x0000000029760000,0x0000000029860000)]
  0x000000002912c000 JavaThread "RMI TCP Accept-0" daemon [_thread_in_native, id=45560, stack(0x0000000029660000,0x0000000029760000)]
  0x000000002715e800 JavaThread "Service Thread" daemon [_thread_blocked, id=14300, stack(0x0000000029560000,0x0000000029660000)]
  0x0000000027131800 JavaThread "C1 CompilerThread3" daemon [_thread_blocked, id=15416, stack(0x0000000028c60000,0x0000000028d60000)]
  0x000000002712f000 JavaThread "C2 CompilerThread2" daemon [_thread_blocked, id=41544, stack(0x0000000028b60000,0x0000000028c60000)]
  0x000000002712b800 JavaThread "C2 CompilerThread1" daemon [_thread_blocked, id=23560, stack(0x0000000028a60000,0x0000000028b60000)]
  0x000000002712a800 JavaThread "C2 CompilerThread0" daemon [_thread_blocked, id=34252, stack(0x0000000028960000,0x0000000028a60000)]
  0x0000000026df1000 JavaThread "JDWP Command Reader" daemon [_thread_in_native, id=43800, stack(0x0000000028860000,0x0000000028960000)]
  0x0000000026dec800 JavaThread "JDWP Event Helper Thread" daemon [_thread_blocked, id=20912, stack(0x0000000028760000,0x0000000028860000)]
  0x0000000026de7800 JavaThread "JDWP Transport Listener: dt_socket" daemon [_thread_in_native, id=40824, stack(0x0000000028660000,0x0000000028760000)]
  0x0000000026dd0000 JavaThread "Attach Listener" daemon [_thread_blocked, id=35132, stack(0x0000000028220000,0x0000000028320000)]
  0x0000000026dce800 JavaThread "Signal Dispatcher" daemon [_thread_blocked, id=10020, stack(0x0000000028120000,0x0000000028220000)]
  0x00000000256fc000 JavaThread "Finalizer" daemon [_thread_blocked, id=36424, stack(0x0000000028020000,0x0000000028120000)]
  0x00000000256fb000 JavaThread "Reference Handler" daemon [_thread_blocked, id=40472, stack(0x0000000027f20000,0x0000000028020000)]
  0x0000000002695000 JavaThread "main" [_thread_blocked, id=44020, stack(0x00000000023a0000,0x00000000024a0000)]

Other Threads:
  0x00000000256f5800 VMThread [stack: 0x0000000027e20000,0x0000000027f20000] [id=41532]
  0x0000000028ff5000 WatcherThread [stack: 0x0000000029860000,0x0000000029960000] [id=18732]

VM state:not at safepoint (normal execution)

VM Mutex/Monitor currently owned by a thread: None

Heap:
 PSYoungGen      total 166400K, used 58340K [0x0000000717600000, 0x0000000767780000, 0x00000007c0000000)
  eden space 165376K, 34% used [0x0000000717600000,0x000000071ae69048,0x0000000721780000)
  from space 1024K, 56% used [0x0000000767580000,0x0000000767610000,0x0000000767680000)
  to   space 1024K, 0% used [0x0000000767680000,0x0000000767680000,0x0000000767780000)
 ParOldGen       total 276480K, used 17759K [0x00000005c6200000, 0x00000005d7000000, 0x0000000717600000)
  object space 276480K, 6% used [0x00000005c6200000,0x00000005c7357c90,0x00000005d7000000)
 Metaspace       used 39886K, capacity 40676K, committed 40872K, reserved 1085440K
  class space    used 4793K, capacity 4964K, committed 5032K, reserved 1048576K

Card table byte_map: [0x0000000011b50000,0x0000000012b20000] byte_map_base: 0x000000000ed1f000

Marking Bits: (ParMarkBitMap*) 0x000000005fc6d4f0
 Begin Bits: [0x0000000013fb0000, 0x000000001be28000)
 End Bits:   [0x000000001be28000, 0x0000000023ca0000)

Polling page: 0x0000000000510000

CodeCache: size=245760Kb used=12162Kb max_used=12162Kb free=233597Kb
 bounds [0x0000000002790000, 0x0000000003380000, 0x0000000011790000]
 total_blobs=4255 nmethods=3620 adapters=556
 compilation: enabled

Compilation events (10 events):
Event: 187.985 Thread 0x0000000027131800 4302       3       net.jcores.CoreKeeper::$ (12 bytes)
Event: 187.985 Thread 0x0000000027131800 nmethod 4302 0x000000000337cc10 code [0x000000000337cd80, 0x000000000337d050]
Event: 187.985 Thread 0x0000000027131800 4303       3       net.jcores.cores.CoreObject$10::handle (98 bytes)
Event: 187.986 Thread 0x0000000027131800 nmethod 4303 0x000000000337d1d0 code [0x000000000337d3e0, 0x000000000337e288]
Event: 187.986 Thread 0x0000000027131800 4304       3       java.util.concurrent.atomic.AtomicReference::<init> (5 bytes)
Event: 187.986 Thread 0x0000000027131800 nmethod 4304 0x000000000337e890 code [0x000000000337e9e0, 0x000000000337eb90]
Event: 188.093 Thread 0x0000000027131800 4305       3       io.netty.util.internal.shaded.org.jctools.queues.BaseMpscLinkedArrayQueue::poll (108 bytes)
Event: 188.094 Thread 0x0000000027131800 nmethod 4305 0x000000000337ec50 code [0x000000000337ee20, 0x000000000337f678]
Event: 188.094 Thread 0x0000000027131800 4306       3       io.netty.util.internal.shaded.org.jctools.util.UnsafeRefArrayAccess::lvRefElement (9 bytes)
Event: 188.094 Thread 0x0000000027131800 nmethod 4306 0x0000000003379fd0 code [0x000000000337a120, 0x000000000337a250]

GC Heap History (10 events):
Event: 126.092 GC heap before
{Heap before GC invocations=119 (full 2):
 PSYoungGen      total 166400K, used 166400K [0x0000000717600000, 0x0000000767800000, 0x00000007c0000000)
  eden space 165888K, 100% used [0x0000000717600000,0x0000000721800000,0x0000000721800000)
  from space 512K, 100% used [0x0000000767780000,0x0000000767800000,0x0000000767800000)
  to   space 1024K, 0% used [0x0000000767600000,0x0000000767600000,0x0000000767700000)
 ParOldGen       total 276480K, used 17751K [0x00000005c6200000, 0x00000005d7000000, 0x0000000717600000)
  object space 276480K, 6% used [0x00000005c6200000,0x00000005c7355c90,0x00000005d7000000)
 Metaspace       used 39547K, capacity 40314K, committed 40616K, reserved 1085440K
  class space    used 4747K, capacity 4929K, committed 5032K, reserved 1048576K
Event: 126.094 GC heap after
Heap after GC invocations=119 (full 2):
 PSYoungGen      total 179200K, used 512K [0x0000000717600000, 0x0000000767800000, 0x00000007c0000000)
  eden space 178176K, 0% used [0x0000000717600000,0x0000000717600000,0x0000000722400000)
  from space 1024K, 50% used [0x0000000767600000,0x0000000767680000,0x0000000767700000)
  to   space 1024K, 0% used [0x0000000767700000,0x0000000767700000,0x0000000767800000)
 ParOldGen       total 276480K, used 17751K [0x00000005c6200000, 0x00000005d7000000, 0x0000000717600000)
  object space 276480K, 6% used [0x00000005c6200000,0x00000005c7355c90,0x00000005d7000000)
 Metaspace       used 39547K, capacity 40314K, committed 40616K, reserved 1085440K
  class space    used 4747K, capacity 4929K, committed 5032K, reserved 1048576K
}
Event: 126.490 GC heap before
{Heap before GC invocations=120 (full 2):
 PSYoungGen      total 179200K, used 178688K [0x0000000717600000, 0x0000000767800000, 0x00000007c0000000)
  eden space 178176K, 100% used [0x0000000717600000,0x0000000722400000,0x0000000722400000)
  from space 1024K, 50% used [0x0000000767600000,0x0000000767680000,0x0000000767700000)
  to   space 1024K, 0% used [0x0000000767700000,0x0000000767700000,0x0000000767800000)
 ParOldGen       total 276480K, used 17751K [0x00000005c6200000, 0x00000005d7000000, 0x0000000717600000)
  object space 276480K, 6% used [0x00000005c6200000,0x00000005c7355c90,0x00000005d7000000)
 Metaspace       used 39547K, capacity 40314K, committed 40616K, reserved 1085440K
  class space    used 4747K, capacity 4929K, committed 5032K, reserved 1048576K
Event: 126.493 GC heap after
Heap after GC invocations=120 (full 2):
 PSYoungGen      total 175616K, used 544K [0x0000000717600000, 0x0000000767800000, 0x00000007c0000000)
  eden space 174592K, 0% used [0x0000000717600000,0x0000000717600000,0x0000000722080000)
  from space 1024K, 53% used [0x0000000767700000,0x0000000767788000,0x0000000767800000)
  to   space 1024K, 0% used [0x0000000767600000,0x0000000767600000,0x0000000767700000)
 ParOldGen       total 276480K, used 17751K [0x00000005c6200000, 0x00000005d7000000, 0x0000000717600000)
  object space 276480K, 6% used [0x00000005c6200000,0x00000005c7355c90,0x00000005d7000000)
 Metaspace       used 39547K, capacity 40314K, committed 40616K, reserved 1085440K
  class space    used 4747K, capacity 4929K, committed 5032K, reserved 1048576K
}
Event: 126.934 GC heap before
{Heap before GC invocations=121 (full 2):
 PSYoungGen      total 175616K, used 175136K [0x0000000717600000, 0x0000000767800000, 0x00000007c0000000)
  eden space 174592K, 100% used [0x0000000717600000,0x0000000722080000,0x0000000722080000)
  from space 1024K, 53% used [0x0000000767700000,0x0000000767788000,0x0000000767800000)
  to   space 1024K, 0% used [0x0000000767600000,0x0000000767600000,0x0000000767700000)
 ParOldGen       total 276480K, used 17751K [0x00000005c6200000, 0x00000005d7000000, 0x0000000717600000)
  object space 276480K, 6% used [0x00000005c6200000,0x00000005c7355c90,0x00000005d7000000)
 Metaspace       used 39547K, capacity 40314K, committed 40616K, reserved 1085440K
  class space    used 4747K, capacity 4929K, committed 5032K, reserved 1048576K
Event: 126.936 GC heap after
Heap after GC invocations=121 (full 2):
 PSYoungGen      total 172544K, used 576K [0x0000000717600000, 0x0000000767780000, 0x00000007c0000000)
  eden space 171520K, 0% used [0x0000000717600000,0x0000000717600000,0x0000000721d80000)
  from space 1024K, 56% used [0x0000000767600000,0x0000000767690000,0x0000000767700000)
  to   space 512K, 0% used [0x0000000767700000,0x0000000767700000,0x0000000767780000)
 ParOldGen       total 276480K, used 17751K [0x00000005c6200000, 0x00000005d7000000, 0x0000000717600000)
  object space 276480K, 6% used [0x00000005c6200000,0x00000005c7355c90,0x00000005d7000000)
 Metaspace       used 39547K, capacity 40314K, committed 40616K, reserved 1085440K
  class space    used 4747K, capacity 4929K, committed 5032K, reserved 1048576K
}
Event: 127.418 GC heap before
{Heap before GC invocations=122 (full 2):
 PSYoungGen      total 172544K, used 172096K [0x0000000717600000, 0x0000000767780000, 0x00000007c0000000)
  eden space 171520K, 100% used [0x0000000717600000,0x0000000721d80000,0x0000000721d80000)
  from space 1024K, 56% used [0x0000000767600000,0x0000000767690000,0x0000000767700000)
  to   space 512K, 0% used [0x0000000767700000,0x0000000767700000,0x0000000767780000)
 ParOldGen       total 276480K, used 17751K [0x00000005c6200000, 0x00000005d7000000, 0x0000000717600000)
  object space 276480K, 6% used [0x00000005c6200000,0x00000005c7355c90,0x00000005d7000000)
 Metaspace       used 39547K, capacity 40314K, committed 40616K, reserved 1085440K
  class space    used 4747K, capacity 4929K, committed 5032K, reserved 1048576K
Event: 127.419 GC heap after
Heap after GC invocations=122 (full 2):
 PSYoungGen      total 168960K, used 512K [0x0000000717600000, 0x0000000767780000, 0x00000007c0000000)
  eden space 168448K, 0% used [0x0000000717600000,0x0000000717600000,0x0000000721a80000)
  from space 512K, 100% used [0x0000000767700000,0x0000000767780000,0x0000000767780000)
  to   space 1024K, 0% used [0x0000000767580000,0x0000000767580000,0x0000000767680000)
 ParOldGen       total 276480K, used 17759K [0x00000005c6200000, 0x00000005d7000000, 0x0000000717600000)
  object space 276480K, 6% used [0x00000005c6200000,0x00000005c7357c90,0x00000005d7000000)
 Metaspace       used 39547K, capacity 40314K, committed 40616K, reserved 1085440K
  class space    used 4747K, capacity 4929K, committed 5032K, reserved 1048576K
}
Event: 127.822 GC heap before
{Heap before GC invocations=123 (full 2):
 PSYoungGen      total 168960K, used 168960K [0x0000000717600000, 0x0000000767780000, 0x00000007c0000000)
  eden space 168448K, 100% used [0x0000000717600000,0x0000000721a80000,0x0000000721a80000)
  from space 512K, 100% used [0x0000000767700000,0x0000000767780000,0x0000000767780000)
  to   space 1024K, 0% used [0x0000000767580000,0x0000000767580000,0x0000000767680000)
 ParOldGen       total 276480K, used 17759K [0x00000005c6200000, 0x00000005d7000000, 0x0000000717600000)
  object space 276480K, 6% used [0x00000005c6200000,0x00000005c7357c90,0x00000005d7000000)
 Metaspace       used 39547K, capacity 40314K, committed 40616K, reserved 1085440K
  class space    used 4747K, capacity 4929K, committed 5032K, reserved 1048576K
Event: 127.825 GC heap after
Heap after GC invocations=123 (full 2):
 PSYoungGen      total 166400K, used 576K [0x0000000717600000, 0x0000000767780000, 0x00000007c0000000)
  eden space 165376K, 0% used [0x0000000717600000,0x0000000717600000,0x0000000721780000)
  from space 1024K, 56% used [0x0000000767580000,0x0000000767610000,0x0000000767680000)
  to   space 1024K, 0% used [0x0000000767680000,0x0000000767680000,0x0000000767780000)
 ParOldGen       total 276480K, used 17759K [0x00000005c6200000, 0x00000005d7000000, 0x0000000717600000)
  object space 276480K, 6% used [0x00000005c6200000,0x00000005c7357c90,0x00000005d7000000)
 Metaspace       used 39547K, capacity 40314K, committed 40616K, reserved 1085440K
  class space    used 4747K, capacity 4929K, committed 5032K, reserved 1048576K
}

Deoptimization events (10 events):
Event: 127.908 Thread 0x00000000348d5800 Uncommon trap: reason=unhandled action=none pc=0x0000000002a43d64 method=java.awt.image.MultiPixelPackedSampleModel.getSample(IIILjava/awt/image/DataBuffer;)I @ 37
Event: 127.908 Thread 0x00000000348d5800 Uncommon trap: reason=unhandled action=none pc=0x0000000002a43d64 method=java.awt.image.MultiPixelPackedSampleModel.getSample(IIILjava/awt/image/DataBuffer;)I @ 37
Event: 127.908 Thread 0x00000000348d5800 Uncommon trap: reason=unhandled action=none pc=0x0000000002a43d64 method=java.awt.image.MultiPixelPackedSampleModel.getSample(IIILjava/awt/image/DataBuffer;)I @ 37
Event: 127.908 Thread 0x00000000348d5800 Uncommon trap: reason=unhandled action=none pc=0x0000000002a43d64 method=java.awt.image.MultiPixelPackedSampleModel.getSample(IIILjava/awt/image/DataBuffer;)I @ 37
Event: 127.908 Thread 0x00000000348d5800 Uncommon trap: reason=unhandled action=none pc=0x0000000002a43d64 method=java.awt.image.MultiPixelPackedSampleModel.getSample(IIILjava/awt/image/DataBuffer;)I @ 37
Event: 127.908 Thread 0x00000000348d5800 Uncommon trap: reason=unhandled action=none pc=0x0000000002a43d64 method=java.awt.image.MultiPixelPackedSampleModel.getSample(IIILjava/awt/image/DataBuffer;)I @ 37
Event: 127.908 Thread 0x00000000348d5800 Uncommon trap: reason=unhandled action=none pc=0x0000000002a43d64 method=java.awt.image.MultiPixelPackedSampleModel.getSample(IIILjava/awt/image/DataBuffer;)I @ 37
Event: 127.909 Thread 0x00000000348d5800 Uncommon trap: reason=unhandled action=none pc=0x0000000002a43d64 method=java.awt.image.MultiPixelPackedSampleModel.getSample(IIILjava/awt/image/DataBuffer;)I @ 37
Event: 127.909 Thread 0x00000000348d5800 Uncommon trap: reason=unhandled action=none pc=0x0000000002a43d64 method=java.awt.image.MultiPixelPackedSampleModel.getSample(IIILjava/awt/image/DataBuffer;)I @ 37
Event: 187.961 Thread 0x00000000348d9000 Uncommon trap: reason=speculate_class_check action=maybe_recompile pc=0x00000000031376a4 method=java.util.RegularEnumSet.contains(Ljava/lang/Object;)Z @ 38

Internal exceptions (10 events):
Event: 187.976 Thread 0x00000000348d9000 Exception <a 'java/security/PrivilegedActionException'> (0x000000071a8f5ee8) thrown at [C:\workspace\8-2-build-windows-amd64-cygwin\jdk8u31\2394\hotspot\src\share\vm\prims\jvm.cpp, line 1312]
Event: 187.984 Thread 0x00000000348d9000 Exception <a 'java/security/PrivilegedActionException'> (0x000000071a91da58) thrown at [C:\workspace\8-2-build-windows-amd64-cygwin\jdk8u31\2394\hotspot\src\share\vm\prims\jvm.cpp, line 1312]
Event: 187.985 Thread 0x00000000348d9000 Exception <a 'java/security/PrivilegedActionException'> (0x000000071a937148) thrown at [C:\workspace\8-2-build-windows-amd64-cygwin\jdk8u31\2394\hotspot\src\share\vm\prims\jvm.cpp, line 1312]
Event: 188.141 Thread 0x00000000348d9000 Exception <a 'java/security/PrivilegedActionException'> (0x000000071a946598) thrown at [C:\workspace\8-2-build-windows-amd64-cygwin\jdk8u31\2394\hotspot\src\share\vm\prims\jvm.cpp, line 1312]
Event: 188.143 Thread 0x0000000034dfe000 Exception <a 'java/security/PrivilegedActionException'> (0x000000071ad11108) thrown at [C:\workspace\8-2-build-windows-amd64-cygwin\jdk8u31\2394\hotspot\src\share\vm\prims\jvm.cpp, line 1312]
Event: 188.143 Thread 0x0000000034dfe000 Exception <a 'java/security/PrivilegedActionException'> (0x000000071ad1fbc0) thrown at [C:\workspace\8-2-build-windows-amd64-cygwin\jdk8u31\2394\hotspot\src\share\vm\prims\jvm.cpp, line 1312]
Event: 188.144 Thread 0x0000000034dfe000 Exception <a 'java/security/PrivilegedActionException'> (0x000000071ad2b0c0) thrown at [C:\workspace\8-2-build-windows-amd64-cygwin\jdk8u31\2394\hotspot\src\share\vm\prims\jvm.cpp, line 1312]
Event: 188.144 Thread 0x0000000034dfe000 Exception <a 'java/security/PrivilegedActionException'> (0x000000071ad367d8) thrown at [C:\workspace\8-2-build-windows-amd64-cygwin\jdk8u31\2394\hotspot\src\share\vm\prims\jvm.cpp, line 1312]
Event: 188.145 Thread 0x0000000034dfe000 Exception <a 'java/security/PrivilegedActionException'> (0x000000071ad415f8) thrown at [C:\workspace\8-2-build-windows-amd64-cygwin\jdk8u31\2394\hotspot\src\share\vm\prims\jvm.cpp, line 1312]
Event: 188.145 Thread 0x0000000034dfe000 Exception <a 'java/security/PrivilegedActionException'> (0x000000071ad4d3e0) thrown at [C:\workspace\8-2-build-windows-amd64-cygwin\jdk8u31\2394\hotspot\src\share\vm\prims\jvm.cpp, line 1312]

Events (10 events):
Event: 188.145 Thread 0x0000000034dfe000 DEOPT UNPACKING pc=0x00000000027d75bf sp=0x000000003291cce0 mode 1
Event: 188.145 Thread 0x0000000034dfe000 DEOPT PACKING pc=0x00000000032e1dc4 sp=0x000000003291d010
Event: 188.145 Thread 0x000000002b204800 Thread exited: 0x000000002b204800
Event: 188.145 Thread 0x0000000034dfe000 DEOPT UNPACKING pc=0x00000000027d75bf sp=0x000000003291cd40 mode 1
Event: 188.145 Thread 0x0000000034dfe000 DEOPT PACKING pc=0x00000000032d2830 sp=0x000000003291dbf0
Event: 188.145 Thread 0x0000000034dfe000 DEOPT UNPACKING pc=0x00000000027d75bf sp=0x000000003291d908 mode 1
Event: 188.145 Thread 0x0000000034dfe000 DEOPT PACKING pc=0x00000000032e7f2c sp=0x000000003291dc30
Event: 188.145 Thread 0x0000000034dfe000 DEOPT UNPACKING pc=0x00000000027d75bf sp=0x000000003291da50 mode 1
Event: 188.145 Thread 0x0000000034dfe000 DEOPT PACKING pc=0x00000000032e7cc4 sp=0x000000003291ddc0
Event: 188.145 Thread 0x0000000034dfe000 DEOPT UNPACKING pc=0x00000000027d75bf sp=0x000000003291dbe0 mode 1


Dynamic libraries:
0x00007ff63e2a0000 - 0x00007ff63e2d4000 	C:\Keep\Java\jdk1.8.0_31\bin\javaw.exe
0x00007ffe42190000 - 0x00007ffe42388000 	C:\WINDOWS\SYSTEM32\ntdll.dll
0x00007ffe414e0000 - 0x00007ffe4159f000 	C:\WINDOWS\System32\KERNEL32.DLL
0x00007ffe3fbb0000 - 0x00007ffe3fe82000 	C:\WINDOWS\System32\KERNELBASE.dll
0x00007ffe402e0000 - 0x00007ffe4038e000 	C:\WINDOWS\System32\ADVAPI32.dll
0x00007ffe41b20000 - 0x00007ffe41bbe000 	C:\WINDOWS\System32\msvcrt.dll
0x00007ffe401e0000 - 0x00007ffe4027c000 	C:\WINDOWS\System32\sechost.dll
0x00007ffe41e10000 - 0x00007ffe41f35000 	C:\WINDOWS\System32\RPCRT4.dll
0x00007ffe41bc0000 - 0x00007ffe41d5d000 	C:\WINDOWS\System32\USER32.dll
0x00007ffe3fe90000 - 0x00007ffe3feb2000 	C:\WINDOWS\System32\win32u.dll
0x00007ffe40390000 - 0x00007ffe403bb000 	C:\WINDOWS\System32\GDI32.dll
0x00007ffe3fec0000 - 0x00007ffe3ffcf000 	C:\WINDOWS\System32\gdi32full.dll
0x00007ffe3ffd0000 - 0x00007ffe4006d000 	C:\WINDOWS\System32\msvcp_win.dll
0x00007ffe3fa20000 - 0x00007ffe3fb20000 	C:\WINDOWS\System32\ucrtbase.dll
0x00007ffe1ba30000 - 0x00007ffe1bcca000 	C:\WINDOWS\WinSxS\amd64_microsoft.windows.common-controls_6595b64144ccf1df_6.0.19041.1110_none_60b5254171f9507e\COMCTL32.dll
0x00007ffe40560000 - 0x00007ffe40592000 	C:\WINDOWS\System32\IMM32.DLL
0x00000000600c0000 - 0x0000000060192000 	C:\Keep\Java\jdk1.8.0_31\jre\bin\msvcr100.dll
0x000000005f490000 - 0x000000005fcea000 	C:\Keep\Java\jdk1.8.0_31\jre\bin\server\jvm.dll
0x00007ffe40550000 - 0x00007ffe40558000 	C:\WINDOWS\System32\PSAPI.DLL
0x00007ffe2f730000 - 0x00007ffe2f739000 	C:\WINDOWS\SYSTEM32\WSOCK32.dll
0x00007ffe22c40000 - 0x00007ffe22c67000 	C:\WINDOWS\SYSTEM32\WINMM.dll
0x00007ffe41000000 - 0x00007ffe4106b000 	C:\WINDOWS\System32\WS2_32.dll
0x00000000600b0000 - 0x00000000600bf000 	C:\Keep\Java\jdk1.8.0_31\jre\bin\verify.dll
0x0000000060080000 - 0x00000000600a8000 	C:\Keep\Java\jdk1.8.0_31\jre\bin\java.dll
0x0000000060040000 - 0x0000000060075000 	C:\Keep\Java\jdk1.8.0_31\jre\bin\jdwp.dll
0x0000000060030000 - 0x0000000060038000 	C:\Keep\Java\jdk1.8.0_31\jre\bin\npt.dll
0x0000000060000000 - 0x0000000060023000 	C:\Keep\Java\jdk1.8.0_31\jre\bin\instrument.dll
0x000000005ffe0000 - 0x000000005fff6000 	C:\Keep\Java\jdk1.8.0_31\jre\bin\zip.dll
0x00007ffe408b0000 - 0x00007ffe40ff3000 	C:\WINDOWS\System32\SHELL32.dll
0x00007ffe3d820000 - 0x00007ffe3dfb2000 	C:\WINDOWS\SYSTEM32\windows.storage.dll
0x00007ffe417a0000 - 0x00007ffe41af4000 	C:\WINDOWS\System32\combase.dll
0x00007ffe3f2f0000 - 0x00007ffe3f320000 	C:\WINDOWS\SYSTEM32\Wldp.dll
0x00007ffe403c0000 - 0x00007ffe4046d000 	C:\WINDOWS\System32\SHCORE.dll
0x00007ffe420f0000 - 0x00007ffe42145000 	C:\WINDOWS\System32\shlwapi.dll
0x00007ffe3f7d0000 - 0x00007ffe3f7ef000 	C:\WINDOWS\SYSTEM32\profapi.dll
0x000000005ffd0000 - 0x000000005ffd9000 	C:\Keep\Java\jdk1.8.0_31\jre\bin\dt_socket.dll
0x00007ffe18e90000 - 0x00007ffe18ea7000 	C:\WINDOWS\system32\napinsp.dll
0x00007ffe18e70000 - 0x00007ffe18e8b000 	C:\WINDOWS\system32\pnrpnsp.dll
0x00007ffe38830000 - 0x00007ffe38845000 	C:\WINDOWS\system32\wshbth.dll
0x00007ffe386f0000 - 0x00007ffe3870d000 	C:\WINDOWS\system32\NLAapi.dll
0x00007ffe3ecf0000 - 0x00007ffe3ed2b000 	C:\WINDOWS\SYSTEM32\IPHLPAPI.DLL
0x00007ffe3f050000 - 0x00007ffe3f0ba000 	C:\WINDOWS\System32\mswsock.dll
0x00007ffe3ed80000 - 0x00007ffe3ee4a000 	C:\WINDOWS\SYSTEM32\DNSAPI.dll
0x00007ffe40540000 - 0x00007ffe40548000 	C:\WINDOWS\System32\NSI.dll
0x00007ffe18e50000 - 0x00007ffe18e62000 	C:\WINDOWS\System32\winrnr.dll
0x00007ffe337d0000 - 0x00007ffe33850000 	C:\WINDOWS\System32\fwpuclnt.dll
0x00007ffe3f890000 - 0x00007ffe3f8b7000 	C:\WINDOWS\System32\bcrypt.dll
0x00007ffe35880000 - 0x00007ffe3588a000 	C:\Windows\System32\rasadhlp.dll
0x000000005ffc0000 - 0x000000005ffcd000 	C:\Keep\Java\jdk1.8.0_31\jre\bin\management.dll
0x000000005ffa0000 - 0x000000005ffba000 	C:\Keep\Java\jdk1.8.0_31\jre\bin\net.dll
0x000000005ff80000 - 0x000000005ff91000 	C:\Keep\Java\jdk1.8.0_31\jre\bin\nio.dll
0x00007ffe3f240000 - 0x00007ffe3f258000 	C:\WINDOWS\SYSTEM32\CRYPTSP.dll
0x00007ffe3e7f0000 - 0x00007ffe3e824000 	C:\WINDOWS\system32\rsaenh.dll
0x00007ffe3f790000 - 0x00007ffe3f7be000 	C:\WINDOWS\SYSTEM32\USERENV.dll
0x00007ffe3fb20000 - 0x00007ffe3fba2000 	C:\WINDOWS\System32\bcryptprimitives.dll
0x00007ffe3f260000 - 0x00007ffe3f26c000 	C:\WINDOWS\SYSTEM32\CRYPTBASE.dll
0x00007ffe36d30000 - 0x00007ffe36d47000 	C:\WINDOWS\SYSTEM32\dhcpcsvc6.DLL
0x00007ffe36d10000 - 0x00007ffe36d2d000 	C:\WINDOWS\SYSTEM32\dhcpcsvc.DLL
0x000000005ff70000 - 0x000000005ff7c000 	C:\Keep\Java\jdk1.8.0_31\jre\bin\jsound.dll
0x000000005ff60000 - 0x000000005ff6b000 	C:\Keep\Java\jdk1.8.0_31\jre\bin\jsoundds.dll
0x00007ffe40680000 - 0x00007ffe407aa000 	C:\WINDOWS\System32\ole32.dll
0x00007ffde6ed0000 - 0x00007ffde6f6c000 	C:\WINDOWS\SYSTEM32\DSOUND.dll
0x00007ffe3ee50000 - 0x00007ffe3ee9b000 	C:\WINDOWS\SYSTEM32\powrprof.dll
0x00007ffe20370000 - 0x00007ffe20396000 	C:\WINDOWS\SYSTEM32\winmmbase.dll
0x00007ffe3ecd0000 - 0x00007ffe3ece2000 	C:\WINDOWS\SYSTEM32\UMPDC.dll
0x00007ffe3dfd0000 - 0x00007ffe3dfe2000 	C:\WINDOWS\SYSTEM32\kernel.appcore.dll
0x00007ffe36e80000 - 0x00007ffe36f05000 	C:\WINDOWS\SYSTEM32\MMDevAPI.DLL
0x00007ffe3f640000 - 0x00007ffe3f66c000 	C:\WINDOWS\SYSTEM32\DEVOBJ.dll
0x00007ffe40190000 - 0x00007ffe401de000 	C:\WINDOWS\System32\cfgmgr32.dll
0x00007ffe39800000 - 0x00007ffe3989e000 	C:\WINDOWS\system32\uxtheme.dll
0x00007ffe24970000 - 0x00007ffe249b6000 	C:\WINDOWS\SYSTEM32\wdmaud.drv
0x00007ffe376f0000 - 0x00007ffe376f9000 	C:\WINDOWS\SYSTEM32\ksuser.dll
0x00007ffe370a0000 - 0x00007ffe370aa000 	C:\WINDOWS\SYSTEM32\AVRT.dll
0x00007ffe36f10000 - 0x00007ffe37092000 	C:\WINDOWS\SYSTEM32\AUDIOSES.DLL
0x00007ffe40470000 - 0x00007ffe4053d000 	C:\WINDOWS\System32\OLEAUT32.dll
0x00007ffe37b00000 - 0x00007ffe37b0d000 	C:\WINDOWS\SYSTEM32\msacm32.drv
0x00007ffe378b0000 - 0x00007ffe378ce000 	C:\WINDOWS\SYSTEM32\MSACM32.dll
0x00007ffe36ac0000 - 0x00007ffe36acb000 	C:\WINDOWS\SYSTEM32\midimap.dll
0x00007ffe41d60000 - 0x00007ffe41e0f000 	C:\WINDOWS\System32\clbcatq.dll
0x00007ffddeff0000 - 0x00007ffddf120000 	C:\Keep\git\repository\MediaPlayer\com.upnp.mediaplayer\bin\mediaplayer_lib\ohNet\windows\x64\ohNet.dll
0x00007ffe39a70000 - 0x00007ffe39c54000 	C:\WINDOWS\SYSTEM32\dbghelp.dll
0x00007ffe0d750000 - 0x00007ffe0d771000 	C:\Keep\git\repository\MediaPlayer\com.upnp.mediaplayer\bin\mediaplayer_lib\ohNet\windows\x64\ohNetJni.dll
0x000000005ff30000 - 0x000000005ff54000 	C:\Keep\Java\jdk1.8.0_31\jre\bin\sunec.dll
0x000000005f480000 - 0x000000005f48b000 	C:\Keep\Java\jdk1.8.0_31\jre\bin\sunmscapi.dll
0x00007ffe3f8c0000 - 0x00007ffe3fa16000 	C:\WINDOWS\System32\CRYPT32.dll
0x000000005f2e0000 - 0x000000005f478000 	C:\Keep\Java\jdk1.8.0_31\jre\bin\awt.dll
0x00007ffe384f0000 - 0x00007ffe38581000 	C:\WINDOWS\SYSTEM32\apphelp.dll
0x00007ffe3cef0000 - 0x00007ffe3cf1f000 	C:\WINDOWS\system32\DWMAPI.DLL
0x000000005f290000 - 0x000000005f2d7000 	C:\Keep\Java\jdk1.8.0_31\jre\bin\fontmanager.dll
0x000000005f240000 - 0x000000005f281000 	C:\Keep\Java\jdk1.8.0_31\jre\bin\t2k.dll
0x00007ffe415a0000 - 0x00007ffe416b5000 	C:\WINDOWS\System32\MSCTF.dll
0x00007ffe2cbb0000 - 0x00007ffe2cbeb000 	C:\WINDOWS\SYSTEM32\dxcore.dll

VM Arguments:
jvm_args: -agentlib:jdwp=transport=dt_socket,suspend=y,address=localhost:57683 -Dcom.sun.management.jmxremote -Dcom.sun.management.jmxremote.port=9010 -Dcom.sun.management.jmxremote.local.only=false -Dcom.sun.management.jmxremote.authenticate=false -Dcom.sun.management.jmxremote=true -Dcom.sun.management.jmxremote.port=3614 -Dcom.sun.management.jmxremote.authenticate=false -Dcom.sun.management.jmxremote.ssl=false -Dio.netty.leakDetectionLevel=paranoid -javaagent:C:\Keep\Java\Eclipse 2022-06\eclipse-jee-2022-06-R-win32-x86_64\eclipse\configuration\org.eclipse.osgi\407\0\.cp\lib\javaagent-shaded.jar -Dfile.encoding=Cp1252 
java_command: org.rpi.main.StartMe -input
java_class_path (initial): C:\Keep\git\repository\MediaPlayer\com.upnp.mediaplayer\bin;C:\Keep\Repository\java\jspf\dist\jspf.core-1.0.2.jar;C:\Keep\git\repository\MediaPlayer\com.upnp.mediaplayer\lib\core\pi4j-core.jar;C:\Keep\git\repository\MediaPlayer\com.upnp.mediaplayer\lib\core\netty-all-4.1.58.Final.jar;C:\Keep\git\repository\MediaPlayer\com.upnp.mediaplayer\lib\core\airplay\jmdns-3.5.5.jar;C:\Keep\git\repository\MediaPlayer\com.upnp.mediaplayer\lib\core\airplay\bcpkix-jdk15on-1.64.jar;C:\Keep\git\repository\MediaPlayer\com.upnp.mediaplayer\lib\core\airplay\bcprov-jdk15on-1.64.jar;C:\Keep\git\repository\MediaPlayer\com.upnp.mediaplayer\lib\core\log4j-1.2.16.jar;C:\Keep\git\repository\MediaPlayer\com.upnp.mediaplayer\lib\plugins\joda-time-2.3.jar;C:\Keep\git\repository\MediaPlayer\com.upnp.mediaplayer\lib\core\grizzly\aopalliance-repackaged-2.2.0.jar;C:\Keep\git\repository\MediaPlayer\com.upnp.mediaplayer\lib\core\grizzly\hamcrest-core-1.1.jar;C:\Keep\git\repository\MediaPlayer\com.upnp.mediaplayer\lib\core\grizzly\javassist-3.18.1-GA.jar;C:\Keep\git\repository\MediaPlayer\com.upnp.mediaplayer\lib\core\grizzly\javax.annotation-api-1.2.jar;C:\Keep\git\repository\MediaPlayer\com.upnp.mediaplayer\lib\core\grizzly\javax.inject-2.2.0.jar;C:\Keep\git\repository\MediaPlayer\com.upnp.mediaplayer\lib\core\grizzly\jersey-guava-2.6.jar;C:\Keep\git\repository\MediaPlayer\com.upnp.mediaplayer\lib\core\grizzly\junit-4.9.jar;C:\Keep\git\repository\MediaPlayer\com.upnp.mediaplayer\lib\core\grizzly\osgi-resource-locator-1.0.1.jar;C:\Keep\git\repository\MediaPlayer\com.upnp.mediaplayer\lib\core\grizzly\validation-api-1.1.0.Final.jar;C:\Keep\git\repository\MediaPlayer\com.upnp.mediaplayer\lib\core\grizzly\grizzly-http-all-2.4.4.jar;C:\Keep\git\repository\MediaPlayer\com.upnp.mediaplayer\lib\core\jerseyclient\jersey-common-2.28.jar;C:\Keep\git\repository\MediaPlayer\com.upnp.mediaplayer\lib\core\jerseyclient\jersey-hk2-2.28.jar;C:\Keep\git\repository\MediaPlayer\com.upnp.mediap
Launcher Type: SUN_STANDARD

Environment Variables:
JAVA_HOME=C:\Program Files\Java\jdk-11
PATH=C:\Keep\Java\jdk1.8.0_31\jre\bin;C:/Keep/Java/Eclipse 2022-06/eclipse-jee-2022-06-R-win32-x86_64/eclipse//plugins/org.eclipse.justj.openjdk.hotspot.jre.full.win32.x86_64_17.0.3.v20220515-1416/jre/bin/server;C:/Keep/Java/Eclipse 2022-06/eclipse-jee-2022-06-R-win32-x86_64/eclipse//plugins/org.eclipse.justj.openjdk.hotspot.jre.full.win32.x86_64_17.0.3.v20220515-1416/jre/bin;C:\Windows\system32;C:\Windows;C:\Windows\System32\Wbem;C:\Windows\System32\WindowsPowerShell\v1.0\;C:\Windows\System32\OpenSSH\;C:\Program Files (x86)\NVIDIA Corporation\PhysX\Common;C:\WINDOWS\system32;C:\WINDOWS;C:\WINDOWS\System32\Wbem;C:\WINDOWS\System32\WindowsPowerShell\v1.0\;C:\WINDOWS\System32\OpenSSH\;C:\Program Files (x86)\Microsoft SQL Server\100\Tools\Binn\;C:\Program Files\Microsoft SQL Server\100\Tools\Binn\;C:\Program Files\Microsoft SQL Server\100\DTS\Binn\;C:\Program Files\dotnet\;C:\Program Files\Git\cmd;C:\Program Files\nodejs\;C:\Program Files\Amazon\AWSCLIV2\;C:\Program Files\Java\jdk-11\bin;C:\Keep\Java\apache-maven-3.8.3\bin;C:\Program Files (x86)\dotnet\;C:\Program Files\Microsoft SQL Server\130\Tools\Binn\;C:\Program Files\Microsoft SQL Server\Client SDK\ODBC\170\Tools\Binn\;C:\Program Files (x86)\Plantronics\Spokes3G\;C:\Users\phoyle\AppData\Local\Microsoft\WindowsApps;C:\Users\phoyle\.dotnet\tools;C:\Users\phoyle\AppData\Roaming\npm;C:\Keep\Java\Eclipse 2022-06\eclipse-jee-2022-06-R-win32-x86_64\eclipse;
USERNAME=phoyle
OS=Windows_NT
PROCESSOR_IDENTIFIER=Intel64 Family 6 Model 165 Stepping 2, GenuineIntel



---------------  S Y S T E M  ---------------

OS: Windows 8.1 , 64 bit Build 9600 

CPU:total 12 (6 cores per cpu, 2 threads per core) family 6 model 165 stepping 2, cmov, cx8, fxsr, mmx, sse, sse2, sse3, ssse3, sse4.1, sse4.2, popcnt, avx, avx2, aes, clmul, erms, lzcnt, ht, tsc, tscinvbit, bmi1, bmi2

Memory: 4k page, physical 33146736k(15981812k free), swap 40224624k(21293060k free)

vm_info: Java HotSpot(TM) 64-Bit Server VM (25.31-b07) for windows-amd64 JRE (1.8.0_31-b13), built on Dec 17 2014 21:00:28 by "java_re" with MS VC++ 10.0 (VS2010)

time: Thu Nov 17 10:44:21 2022
elapsed time: 188 seconds (0d 0h 3m 8s)

