#
# A fatal error has been detected by the Java Runtime Environment:
#
#  EXCEPTION_UNCAUGHT_CXX_EXCEPTION (0xe06d7363) at pc=0x00007ffe3fbdcd29, pid=35812, tid=27340
#
# JRE version: Java(TM) SE Runtime Environment (8.0_31-b13) (build 1.8.0_31-b13)
# Java VM: Java HotSpot(TM) 64-Bit Server VM (25.31-b07 mixed mode windows-amd64 compressed oops)
# Problematic frame:
# C  [KERNELBASE.dll+0x2cd29]
#
# Failed to write core dump. Minidumps are not enabled by default on client versions of Windows
#
# If you would like to submit a bug report, please visit:
#   http://bugreport.java.com/bugreport/crash.jsp
# The crash happened outside the Java Virtual Machine in native code.
# See problematic frame for where to report the bug.
#

---------------  T H R E A D  ---------------

Current thread (0x0000000031e2e800):  JavaThread "Thread-26" [_thread_in_native, id=27340, stack(0x000000002ac90000,0x000000002ad90000)]

siginfo: ExceptionCode=0xe06d7363, ExceptionInformation=0x0000000019930520 0x000000002ad8ef30 0x00007ffdd4a13190 0x00007ffdd4910000 

Registers:
RAX=0x0000000031e2e800, RBX=0x000000002ad8ef30, RCX=0x00007b1691c510d9, RDX=0x000000002a47f8e0
RSP=0x000000002ad8edc0, RBP=0x000000002ad8ef00, RSI=0x0000000000000000, RDI=0x00007ffdd4a13190
R8 =0x000000000322dce0, R9 =0x0000000031e2e800, R10=0x0000000033d66930, R11=0x000000002a47f8e0
R12=0x0000000000000000, R13=0x000000002a4909e0, R14=0x000000002ad8f050, R15=0x0000000031e2e800
RIP=0x00007ffe3fbdcd29, EFLAGS=0x0000000000000206

Top of Stack: (sp=0x000000002ad8edc0)
0x000000002ad8edc0:   00007ffdd4a11178 000000002ad8ef30
0x000000002ad8edd0:   0000000000000000 00000000030b97b0
0x000000002ad8ede0:   00000001e06d7363 0000000000000000
0x000000002ad8edf0:   00007ffe3fbdcd29 2000000000000004
0x000000002ad8ee00:   0000000019930520 000000002ad8ef30
0x000000002ad8ee10:   00007ffdd4a13190 00007ffdd4910000
0x000000002ad8ee20:   000000002a4909e0 0000000000000000
0x000000002ad8ee30:   0000000000000000 000000002ad8ef00
0x000000002ad8ee40:   000000002ad8ef10 00007ffe421c4a5f
0x000000002ad8ee50:   00007ffdd4a13190 0000000000000000
0x000000002ad8ee60:   000000002a4909e0 0000000000000000
0x000000002ad8ee70:   00007ffdd4a31000 00007ffdd4910000
0x000000002ad8ee80:   000018e30b20f645 0000000000000000
0x000000002ad8ee90:   000000002ad8ef30 00007ffdd49a549d
0x000000002ad8eea0:   00000000030b1530 00007ffe421e1632
0x000000002ad8eeb0:   00000000030b7860 0000f816ce149e60 

Instructions: (pc=0x00007ffe3fbdcd29)
0x00007ffe3fbdcd09:   8b d1 44 0f 47 c0 44 89 44 24 38 49 c1 e0 03 e8
0x00007ffe3fbdcd19:   ba bb 06 00 48 8d 4c 24 20 48 ff 15 67 9b 19 00
0x00007ffe3fbdcd29:   0f 1f 44 00 00 48 8b 8c 24 c0 00 00 00 48 33 cc
0x00007ffe3fbdcd39:   e8 42 09 06 00 48 81 c4 d8 00 00 00 c3 cc 83 64 


Register to memory mapping:

RAX=0x0000000031e2e800 is a thread
RBX=0x000000002ad8ef30 is pointing into the stack for thread: 0x0000000031e2e800
RCX=0x00007b1691c510d9 is an unknown value
RDX={method} {0x000000002a47f8e8} 'message' '(Ljava/lang/String;)V' in 'org/rpi/main/OpenHomeLogger'
RSP=0x000000002ad8edc0 is pointing into the stack for thread: 0x0000000031e2e800
RBP=0x000000002ad8ef00 is pointing into the stack for thread: 0x0000000031e2e800
RSI=0x0000000000000000 is an unknown value
RDI=0x00007ffdd4a13190 is an unknown value
R8 =0x000000000322dce0 is at code_begin+1632 in an Interpreter codelet
method entry point (kind = native)  [0x000000000322d680, 0x000000000322e6a0]  4128 bytes
R9 =0x0000000031e2e800 is a thread
R10=0x0000000033d66930 is an unknown value
R11={method} {0x000000002a47f8e8} 'message' '(Ljava/lang/String;)V' in 'org/rpi/main/OpenHomeLogger'
R12=0x0000000000000000 is an unknown value
R13={method} {0x000000002a4909e8} 'OhNetLibraryClose' '()V' in 'org/openhome/net/core/Library'
R14=0x000000002ad8f050 is pointing into the stack for thread: 0x0000000031e2e800
R15=0x0000000031e2e800 is a thread


Stack: [0x000000002ac90000,0x000000002ad90000],  sp=0x000000002ad8edc0,  free space=1019k
Native frames: (J=compiled Java code, j=interpreted, Vv=VM code, C=native code)
C  [KERNELBASE.dll+0x2cd29]

Java frames: (J=compiled Java code, j=interpreted, Vv=VM code)
j  org.openhome.net.core.Library.OhNetLibraryClose()V+0
j  org.openhome.net.core.Library.close()V+0
j  org.rpi.main.SimpleDevice.dispose()V+324
j  org.rpi.main.SimpleDevice$1.run()V+16
v  ~StubRoutines::call_stub

---------------  P R O C E S S  ---------------

Java Threads: ( => current thread )
  0x0000000033ea6000 JavaThread "OHZEventLoopGroupThread-4-4" [_thread_blocked, id=3996, stack(0x0000000036010000,0x0000000036110000)]
  0x0000000033ea1800 JavaThread "OHZEventLoopGroupThread-4-3" [_thread_blocked, id=15440, stack(0x0000000034c60000,0x0000000034d60000)]
  0x0000000033ea8800 JavaThread "OHZEventLoopGroupThread-4-2" [_thread_blocked, id=17720, stack(0x0000000034810000,0x0000000034910000)]
  0x0000000033ea1000 JavaThread "Thread-217" daemon [_thread_blocked, id=43084, stack(0x0000000033360000,0x0000000033460000)]
=>0x0000000031e2e800 JavaThread "Thread-26" [_thread_in_native, id=27340, stack(0x000000002ac90000,0x000000002ad90000)]
  0x0000000033ea7000 JavaThread "Timer-1" daemon [_thread_blocked, id=43948, stack(0x000000003a760000,0x000000003a860000)]
  0x0000000033ea0000 JavaThread "DefaultQuartzScheduler_QuartzSchedulerThread" [_thread_blocked, id=43604, stack(0x000000003a660000,0x000000003a760000)]
  0x0000000031fc5000 JavaThread "DefaultQuartzScheduler_Worker-10" [_thread_blocked, id=28452, stack(0x000000003a560000,0x000000003a660000)]
  0x0000000031fc6000 JavaThread "DefaultQuartzScheduler_Worker-9" [_thread_blocked, id=18952, stack(0x000000003a460000,0x000000003a560000)]
  0x0000000031fc4800 JavaThread "DefaultQuartzScheduler_Worker-8" [_thread_blocked, id=30380, stack(0x000000003a360000,0x000000003a460000)]
  0x0000000031fc9800 JavaThread "DefaultQuartzScheduler_Worker-7" [_thread_blocked, id=44304, stack(0x000000003a260000,0x000000003a360000)]
  0x0000000031fc8000 JavaThread "DefaultQuartzScheduler_Worker-6" [_thread_blocked, id=45276, stack(0x000000003a160000,0x000000003a260000)]
  0x0000000031fc9000 JavaThread "DefaultQuartzScheduler_Worker-5" [_thread_blocked, id=32028, stack(0x000000003a060000,0x000000003a160000)]
  0x0000000031fc7800 JavaThread "DefaultQuartzScheduler_Worker-4" [_thread_blocked, id=43960, stack(0x0000000039f60000,0x000000003a060000)]
  0x0000000031fc6800 JavaThread "DefaultQuartzScheduler_Worker-3" [_thread_blocked, id=45144, stack(0x0000000039e60000,0x0000000039f60000)]
  0x0000000031fbd800 JavaThread "DefaultQuartzScheduler_Worker-2" [_thread_blocked, id=3168, stack(0x0000000039d60000,0x0000000039e60000)]
  0x0000000031fbd000 JavaThread "DefaultQuartzScheduler_Worker-1" [_thread_blocked, id=18264, stack(0x0000000039c60000,0x0000000039d60000)]
  0x0000000031fbe800 JavaThread "OHZEventLoopGroupThread-4-1" [_thread_blocked, id=41336, stack(0x0000000038b60000,0x0000000038c60000)]
  0x0000000031fbc000 JavaThread "Thread-20" [_thread_blocked, id=41536, stack(0x0000000033460000,0x0000000033560000)]
  0x000000002b3a6000 JavaThread "Grizzly-HttpSession-Expirer" daemon [_thread_blocked, id=23176, stack(0x0000000033260000,0x0000000033360000)]
  0x000000002b3a5800 JavaThread "Java2D Disposer" daemon [_thread_blocked, id=44384, stack(0x0000000032e60000,0x0000000032f60000)]
  0x000000002b3a7800 JavaThread "OkHttp WebSocket http://192.168.1.205:8088/..." [_thread_blocked, id=18800, stack(0x0000000032f60000,0x0000000033060000)]
  0x000000002b3a3000 JavaThread "Okio Watchdog" daemon [_thread_blocked, id=20140, stack(0x0000000032d60000,0x0000000032e60000)]
  0x000000002b3a7000 JavaThread "OkHttp ConnectionPool" daemon [_thread_blocked, id=12284, stack(0x0000000030460000,0x0000000030560000)]
  0x0000000031c46000 JavaThread "OkHttp http://192.168.1.205:8088/..." [_thread_in_native, id=39416, stack(0x0000000032c60000,0x0000000032d60000)]
  0x000000002ae0b000 JavaThread "PlayListWriter" [_thread_blocked, id=3452, stack(0x0000000031860000,0x0000000031960000)]
  0x000000002af10800 JavaThread "Thread-4" [_thread_blocked, id=28924, stack(0x0000000030760000,0x0000000030860000)]
  0x0000000029d1e000 JavaThread "Thread-1" [_thread_blocked, id=17672, stack(0x000000002ab90000,0x000000002ac90000)]
  0x0000000029a52800 JavaThread "RMI TCP Accept-3614" daemon [_thread_in_native, id=18452, stack(0x000000002a1e0000,0x000000002a2e0000)]
  0x0000000029a7d800 JavaThread "RMI TCP Accept-0" daemon [_thread_in_native, id=13528, stack(0x000000002a0e0000,0x000000002a1e0000)]
  0x0000000029830000 JavaThread "Service Thread" daemon [_thread_blocked, id=44452, stack(0x0000000029fe0000,0x000000002a0e0000)]
  0x0000000027bb2000 JavaThread "C1 CompilerThread3" daemon [_thread_blocked, id=43320, stack(0x00000000296e0000,0x00000000297e0000)]
  0x0000000027baf000 JavaThread "C2 CompilerThread2" daemon [_thread_blocked, id=33764, stack(0x00000000295e0000,0x00000000296e0000)]
  0x0000000027baa800 JavaThread "C2 CompilerThread1" daemon [_thread_blocked, id=23888, stack(0x00000000294e0000,0x00000000295e0000)]
  0x0000000027baa000 JavaThread "C2 CompilerThread0" daemon [_thread_blocked, id=35292, stack(0x00000000293e0000,0x00000000294e0000)]
  0x000000002786f000 JavaThread "JDWP Command Reader" daemon [_thread_in_native, id=12720, stack(0x00000000292e0000,0x00000000293e0000)]
  0x000000002786b800 JavaThread "JDWP Event Helper Thread" daemon [_thread_blocked, id=39056, stack(0x00000000291e0000,0x00000000292e0000)]
  0x0000000027864000 JavaThread "JDWP Transport Listener: dt_socket" daemon [_thread_blocked, id=37896, stack(0x00000000290e0000,0x00000000291e0000)]
  0x0000000027854800 JavaThread "Attach Listener" daemon [_thread_blocked, id=24340, stack(0x0000000028ca0000,0x0000000028da0000)]
  0x0000000027853000 JavaThread "Signal Dispatcher" daemon [_thread_blocked, id=44364, stack(0x0000000028ba0000,0x0000000028ca0000)]
  0x000000000320d800 JavaThread "Finalizer" daemon [_thread_blocked, id=35912, stack(0x0000000028aa0000,0x0000000028ba0000)]
  0x000000002617b000 JavaThread "Reference Handler" daemon [_thread_blocked, id=41412, stack(0x00000000289a0000,0x0000000028aa0000)]
  0x0000000003115000 JavaThread "main" [_thread_blocked, id=42952, stack(0x0000000002ea0000,0x0000000002fa0000)]

Other Threads:
  0x0000000026175800 VMThread [stack: 0x00000000288a0000,0x00000000289a0000] [id=1356]
  0x0000000029a5c000 WatcherThread [stack: 0x000000002a2e0000,0x000000002a3e0000] [id=45156]

VM state:not at safepoint (normal execution)

VM Mutex/Monitor currently owned by a thread: None

Heap:
 PSYoungGen      total 181760K, used 117914K [0x0000000717600000, 0x0000000729180000, 0x00000007c0000000)
  eden space 179712K, 64% used [0x0000000717600000,0x000000071e78dec8,0x0000000722580000)
  from space 2048K, 79% used [0x0000000728f80000,0x0000000729118c30,0x0000000729180000)
  to   space 22528K, 0% used [0x0000000726580000,0x0000000726580000,0x0000000727b80000)
 ParOldGen       total 316928K, used 16317K [0x00000005c6200000, 0x00000005d9780000, 0x0000000717600000)
  object space 316928K, 5% used [0x00000005c6200000,0x00000005c71ef5f0,0x00000005d9780000)
 Metaspace       used 35843K, capacity 36562K, committed 36904K, reserved 1081344K
  class space    used 4231K, capacity 4367K, committed 4480K, reserved 1048576K

Card table byte_map: [0x00000000125d0000,0x00000000135a0000] byte_map_base: 0x000000000f79f000

Marking Bits: (ParMarkBitMap*) 0x000000005fc6d4f0
 Begin Bits: [0x0000000014a30000, 0x000000001c8a8000)
 End Bits:   [0x000000001c8a8000, 0x0000000024720000)

Polling page: 0x00000000010b0000

CodeCache: size=245760Kb used=12968Kb max_used=12979Kb free=232791Kb
 bounds [0x0000000003210000, 0x0000000003ee0000, 0x0000000012210000]
 total_blobs=4385 nmethods=3833 adapters=473
 compilation: enabled

Compilation events (10 events):
Event: 2245.834 Thread 0x0000000027bb2000 4563       3       io.netty.util.internal.shaded.org.jctools.queues.BaseMpscLinkedArrayQueue::poll (108 bytes)
Event: 2245.835 Thread 0x0000000027bb2000 nmethod 4563 0x0000000003a62c10 code [0x0000000003a62de0, 0x0000000003a63638]
Event: 2245.835 Thread 0x0000000027bb2000 4564       3       io.netty.util.internal.shaded.org.jctools.util.UnsafeRefArrayAccess::lvRefElement (9 bytes)
Event: 2245.835 Thread 0x0000000027bb2000 nmethod 4564 0x0000000003eccd10 code [0x0000000003ecce60, 0x0000000003eccf90]
Event: 2245.898 Thread 0x0000000027bb2000 4565       3       org.apache.log4j.Category::info (42 bytes)
Event: 2245.899 Thread 0x0000000027bb2000 nmethod 4565 0x0000000003aa6cd0 code [0x0000000003aa6ea0, 0x0000000003aa7738]
Event: 2245.902 Thread 0x0000000027bb2000 4566       3       java.lang.Thread::exit (51 bytes)
Event: 2245.902 Thread 0x0000000027bb2000 nmethod 4566 0x0000000003eca0d0 code [0x0000000003eca240, 0x0000000003eca4e8]
Event: 2245.903 Thread 0x0000000027bb2000 4567   !   3       java.lang.ThreadGroup::threadTerminated (63 bytes)
Event: 2245.903 Thread 0x0000000027bb2000 nmethod 4567 0x00000000038324d0 code [0x0000000003832660, 0x0000000003832c48]

GC Heap History (10 events):
Event: 7.847 GC heap before
{Heap before GC invocations=4 (full 1):
 PSYoungGen      total 151040K, used 129536K [0x0000000717600000, 0x0000000721e80000, 0x00000007c0000000)
  eden space 129536K, 100% used [0x0000000717600000,0x000000071f480000,0x000000071f480000)
  from space 21504K, 0% used [0x0000000720980000,0x0000000720980000,0x0000000721e80000)
  to   space 21504K, 0% used [0x000000071f480000,0x000000071f480000,0x0000000720980000)
 ParOldGen       total 209920K, used 10696K [0x00000005c6200000, 0x00000005d2f00000, 0x0000000717600000)
  object space 209920K, 5% used [0x00000005c6200000,0x00000005c6c72038,0x00000005d2f00000)
 Metaspace       used 29928K, capacity 30688K, committed 30848K, reserved 1077248K
  class space    used 3506K, capacity 3692K, committed 3712K, reserved 1048576K
Event: 7.857 GC heap after
Heap after GC invocations=4 (full 1):
 PSYoungGen      total 151040K, used 10282K [0x0000000717600000, 0x0000000725280000, 0x00000007c0000000)
  eden space 129536K, 0% used [0x0000000717600000,0x0000000717600000,0x000000071f480000)
  from space 21504K, 47% used [0x000000071f480000,0x000000071fe8a958,0x0000000720980000)
  to   space 21504K, 0% used [0x0000000723d80000,0x0000000723d80000,0x0000000725280000)
 ParOldGen       total 209920K, used 10704K [0x00000005c6200000, 0x00000005d2f00000, 0x0000000717600000)
  object space 209920K, 5% used [0x00000005c6200000,0x00000005c6c74038,0x00000005d2f00000)
 Metaspace       used 29928K, capacity 30688K, committed 30848K, reserved 1077248K
  class space    used 3506K, capacity 3692K, committed 3712K, reserved 1048576K
}
Event: 9.739 GC heap before
{Heap before GC invocations=5 (full 1):
 PSYoungGen      total 151040K, used 139818K [0x0000000717600000, 0x0000000725280000, 0x00000007c0000000)
  eden space 129536K, 100% used [0x0000000717600000,0x000000071f480000,0x000000071f480000)
  from space 21504K, 47% used [0x000000071f480000,0x000000071fe8a958,0x0000000720980000)
  to   space 21504K, 0% used [0x0000000723d80000,0x0000000723d80000,0x0000000725280000)
 ParOldGen       total 209920K, used 10704K [0x00000005c6200000, 0x00000005d2f00000, 0x0000000717600000)
  object space 209920K, 5% used [0x00000005c6200000,0x00000005c6c74038,0x00000005d2f00000)
 Metaspace       used 34176K, capacity 34828K, committed 34944K, reserved 1079296K
  class space    used 4037K, capacity 4174K, committed 4224K, reserved 1048576K
Event: 9.764 GC heap after
Heap after GC invocations=5 (full 1):
 PSYoungGen      total 204288K, used 21482K [0x0000000717600000, 0x0000000725880000, 0x00000007c0000000)
  eden space 182784K, 0% used [0x0000000717600000,0x0000000717600000,0x0000000722880000)
  from space 21504K, 99% used [0x0000000723d80000,0x000000072527a8f0,0x0000000725280000)
  to   space 21504K, 0% used [0x0000000722880000,0x0000000722880000,0x0000000723d80000)
 ParOldGen       total 209920K, used 12776K [0x00000005c6200000, 0x00000005d2f00000, 0x0000000717600000)
  object space 209920K, 6% used [0x00000005c6200000,0x00000005c6e7a238,0x00000005d2f00000)
 Metaspace       used 34176K, capacity 34828K, committed 34944K, reserved 1079296K
  class space    used 4037K, capacity 4174K, committed 4224K, reserved 1048576K
}
Event: 10.353 GC heap before
{Heap before GC invocations=6 (full 1):
 PSYoungGen      total 204288K, used 29249K [0x0000000717600000, 0x0000000725880000, 0x00000007c0000000)
  eden space 182784K, 4% used [0x0000000717600000,0x0000000717d95e10,0x0000000722880000)
  from space 21504K, 99% used [0x0000000723d80000,0x000000072527a8f0,0x0000000725280000)
  to   space 21504K, 0% used [0x0000000722880000,0x0000000722880000,0x0000000723d80000)
 ParOldGen       total 209920K, used 12776K [0x00000005c6200000, 0x00000005d2f00000, 0x0000000717600000)
  object space 209920K, 6% used [0x00000005c6200000,0x00000005c6e7a238,0x00000005d2f00000)
 Metaspace       used 34663K, capacity 35308K, committed 35496K, reserved 1081344K
  class space    used 4110K, capacity 4270K, committed 4352K, reserved 1048576K
Event: 10.359 GC heap after
Heap after GC invocations=6 (full 1):
 PSYoungGen      total 204288K, used 10486K [0x0000000717600000, 0x000000072a480000, 0x00000007c0000000)
  eden space 182784K, 0% used [0x0000000717600000,0x0000000717600000,0x0000000722880000)
  from space 21504K, 48% used [0x0000000722880000,0x00000007232bdab8,0x0000000723d80000)
  to   space 21504K, 0% used [0x0000000728f80000,0x0000000728f80000,0x000000072a480000)
 ParOldGen       total 209920K, used 12784K [0x00000005c6200000, 0x00000005d2f00000, 0x0000000717600000)
  object space 209920K, 6% used [0x00000005c6200000,0x00000005c6e7c238,0x00000005d2f00000)
 Metaspace       used 34663K, capacity 35308K, committed 35496K, reserved 1081344K
  class space    used 4110K, capacity 4270K, committed 4352K, reserved 1048576K
}
Event: 10.359 GC heap before
{Heap before GC invocations=7 (full 2):
 PSYoungGen      total 204288K, used 10486K [0x0000000717600000, 0x000000072a480000, 0x00000007c0000000)
  eden space 182784K, 0% used [0x0000000717600000,0x0000000717600000,0x0000000722880000)
  from space 21504K, 48% used [0x0000000722880000,0x00000007232bdab8,0x0000000723d80000)
  to   space 21504K, 0% used [0x0000000728f80000,0x0000000728f80000,0x000000072a480000)
 ParOldGen       total 209920K, used 12784K [0x00000005c6200000, 0x00000005d2f00000, 0x0000000717600000)
  object space 209920K, 6% used [0x00000005c6200000,0x00000005c6e7c238,0x00000005d2f00000)
 Metaspace       used 34663K, capacity 35308K, committed 35496K, reserved 1081344K
  class space    used 4110K, capacity 4270K, committed 4352K, reserved 1048576K
Event: 10.396 GC heap after
Heap after GC invocations=7 (full 2):
 PSYoungGen      total 204288K, used 0K [0x0000000717600000, 0x000000072a480000, 0x00000007c0000000)
  eden space 182784K, 0% used [0x0000000717600000,0x0000000717600000,0x0000000722880000)
  from space 21504K, 0% used [0x0000000722880000,0x0000000722880000,0x0000000723d80000)
  to   space 21504K, 0% used [0x0000000728f80000,0x0000000728f80000,0x000000072a480000)
 ParOldGen       total 316928K, used 16309K [0x00000005c6200000, 0x00000005d9780000, 0x0000000717600000)
  object space 316928K, 5% used [0x00000005c6200000,0x00000005c71ed5f0,0x00000005d9780000)
 Metaspace       used 34660K, capacity 35304K, committed 35496K, reserved 1081344K
  class space    used 4109K, capacity 4268K, committed 4352K, reserved 1048576K
}
Event: 1583.512 GC heap before
{Heap before GC invocations=8 (full 2):
 PSYoungGen      total 204288K, used 182784K [0x0000000717600000, 0x000000072a480000, 0x00000007c0000000)
  eden space 182784K, 100% used [0x0000000717600000,0x0000000722880000,0x0000000722880000)
  from space 21504K, 0% used [0x0000000722880000,0x0000000722880000,0x0000000723d80000)
  to   space 21504K, 0% used [0x0000000728f80000,0x0000000728f80000,0x000000072a480000)
 ParOldGen       total 316928K, used 16309K [0x00000005c6200000, 0x00000005d9780000, 0x0000000717600000)
  object space 316928K, 5% used [0x00000005c6200000,0x00000005c71ed5f0,0x00000005d9780000)
 Metaspace       used 35306K, capacity 35976K, committed 36264K, reserved 1081344K
  class space    used 4159K, capacity 4300K, committed 4352K, reserved 1048576K
Event: 1583.515 GC heap after
Heap after GC invocations=8 (full 2):
 PSYoungGen      total 181760K, used 1635K [0x0000000717600000, 0x0000000729180000, 0x00000007c0000000)
  eden space 179712K, 0% used [0x0000000717600000,0x0000000717600000,0x0000000722580000)
  from space 2048K, 79% used [0x0000000728f80000,0x0000000729118c30,0x0000000729180000)
  to   space 22528K, 0% used [0x0000000726580000,0x0000000726580000,0x0000000727b80000)
 ParOldGen       total 316928K, used 16317K [0x00000005c6200000, 0x00000005d9780000, 0x0000000717600000)
  object space 316928K, 5% used [0x00000005c6200000,0x00000005c71ef5f0,0x00000005d9780000)
 Metaspace       used 35306K, capacity 35976K, committed 36264K, reserved 1081344K
  class space    used 4159K, capacity 4300K, committed 4352K, reserved 1048576K
}

Deoptimization events (10 events):
Event: 2245.730 Thread 0x0000000031e2e800 Uncommon trap: reason=unhandled action=none pc=0x0000000003d5896c method=java.net.URLClassLoader$1.run()Ljava/lang/Class; @ 72
Event: 2245.731 Thread 0x0000000031e2e800 Uncommon trap: reason=unhandled action=none pc=0x0000000003d5896c method=java.net.URLClassLoader$1.run()Ljava/lang/Class; @ 72
Event: 2245.731 Thread 0x0000000031e2e800 Uncommon trap: reason=unhandled action=none pc=0x0000000003d5896c method=java.net.URLClassLoader$1.run()Ljava/lang/Class; @ 72
Event: 2245.733 Thread 0x0000000031e2e800 Uncommon trap: reason=unhandled action=none pc=0x0000000003d5896c method=java.net.URLClassLoader$1.run()Ljava/lang/Class; @ 72
Event: 2245.898 Thread 0x0000000031e2e800 Uncommon trap: reason=unhandled action=none pc=0x0000000003d5896c method=java.net.URLClassLoader$1.run()Ljava/lang/Class; @ 72
Event: 2245.900 Thread 0x0000000033ea9000 Uncommon trap: reason=unhandled action=none pc=0x0000000003d5896c method=java.net.URLClassLoader$1.run()Ljava/lang/Class; @ 72
Event: 2245.900 Thread 0x0000000033ea9000 Uncommon trap: reason=unhandled action=none pc=0x0000000003d5896c method=java.net.URLClassLoader$1.run()Ljava/lang/Class; @ 72
Event: 2245.901 Thread 0x0000000033ea9000 Uncommon trap: reason=unhandled action=none pc=0x0000000003d5896c method=java.net.URLClassLoader$1.run()Ljava/lang/Class; @ 72
Event: 2245.902 Thread 0x0000000033ea9000 Uncommon trap: reason=unhandled action=none pc=0x0000000003d5896c method=java.net.URLClassLoader$1.run()Ljava/lang/Class; @ 72
Event: 2245.903 Thread 0x0000000033ea9000 Uncommon trap: reason=unhandled action=none pc=0x0000000003d5896c method=java.net.URLClassLoader$1.run()Ljava/lang/Class; @ 72

Internal exceptions (10 events):
Event: 2245.730 Thread 0x0000000031e2e800 Exception <a 'java/security/PrivilegedActionException'> (0x000000071e624ef0) thrown at [C:\workspace\8-2-build-windows-amd64-cygwin\jdk8u31\2394\hotspot\src\share\vm\prims\jvm.cpp, line 1312]
Event: 2245.731 Thread 0x0000000031e2e800 Exception <a 'java/security/PrivilegedActionException'> (0x000000071e632088) thrown at [C:\workspace\8-2-build-windows-amd64-cygwin\jdk8u31\2394\hotspot\src\share\vm\prims\jvm.cpp, line 1312]
Event: 2245.731 Thread 0x0000000031e2e800 Exception <a 'java/security/PrivilegedActionException'> (0x000000071e638188) thrown at [C:\workspace\8-2-build-windows-amd64-cygwin\jdk8u31\2394\hotspot\src\share\vm\prims\jvm.cpp, line 1312]
Event: 2245.733 Thread 0x0000000031e2e800 Exception <a 'java/security/PrivilegedActionException'> (0x000000071e654bc8) thrown at [C:\workspace\8-2-build-windows-amd64-cygwin\jdk8u31\2394\hotspot\src\share\vm\prims\jvm.cpp, line 1312]
Event: 2245.898 Thread 0x0000000031e2e800 Exception <a 'java/security/PrivilegedActionException'> (0x000000071e664018) thrown at [C:\workspace\8-2-build-windows-amd64-cygwin\jdk8u31\2394\hotspot\src\share\vm\prims\jvm.cpp, line 1312]
Event: 2245.900 Thread 0x0000000033ea9000 Exception <a 'java/security/PrivilegedActionException'> (0x000000071e719398) thrown at [C:\workspace\8-2-build-windows-amd64-cygwin\jdk8u31\2394\hotspot\src\share\vm\prims\jvm.cpp, line 1312]
Event: 2245.901 Thread 0x0000000033ea9000 Exception <a 'java/security/PrivilegedActionException'> (0x000000071e727e50) thrown at [C:\workspace\8-2-build-windows-amd64-cygwin\jdk8u31\2394\hotspot\src\share\vm\prims\jvm.cpp, line 1312]
Event: 2245.901 Thread 0x0000000033ea9000 Exception <a 'java/security/PrivilegedActionException'> (0x000000071e733350) thrown at [C:\workspace\8-2-build-windows-amd64-cygwin\jdk8u31\2394\hotspot\src\share\vm\prims\jvm.cpp, line 1312]
Event: 2245.902 Thread 0x0000000033ea9000 Exception <a 'java/security/PrivilegedActionException'> (0x000000071e73ea68) thrown at [C:\workspace\8-2-build-windows-amd64-cygwin\jdk8u31\2394\hotspot\src\share\vm\prims\jvm.cpp, line 1312]
Event: 2245.903 Thread 0x0000000033ea9000 Exception <a 'java/security/PrivilegedActionException'> (0x000000071e7498b0) thrown at [C:\workspace\8-2-build-windows-amd64-cygwin\jdk8u31\2394\hotspot\src\share\vm\prims\jvm.cpp, line 1312]

Events (10 events):
Event: 2245.902 Thread 0x000000002b3a9000 Thread exited: 0x000000002b3a9000
Event: 2245.902 Thread 0x000000002b3a4000 Thread exited: 0x000000002b3a4000
Event: 2245.902 Thread 0x000000002b3aa000 Thread exited: 0x000000002b3aa000
Event: 2245.903 loading class io/socket/engineio/client/Socket$20$4
Event: 2245.903 loading class io/socket/engineio/client/Socket$20$4 done
Event: 2245.903 Thread 0x0000000033ea9000 Uncommon trap: trap_request=0xffffffa7 fr.pc=0x0000000003d5896c
Event: 2245.903 Thread 0x0000000033ea9000 DEOPT PACKING pc=0x0000000003d5896c sp=0x000000003620cec0
Event: 2245.903 Thread 0x0000000033ea9000 DEOPT UNPACKING pc=0x000000000325556a sp=0x000000003620cf78 mode 2
Event: 2245.903 Thread 0x0000000033ea9000 DEOPT PACKING pc=0x0000000003c3c900 sp=0x000000003620dc10
Event: 2245.903 Thread 0x0000000033ea9000 DEOPT UNPACKING pc=0x00000000032575bf sp=0x000000003620d858 mode 1


Dynamic libraries:
0x00007ff63e2a0000 - 0x00007ff63e2d4000 	C:\Keep\Java\jdk1.8.0_31\bin\javaw.exe
0x00007ffe42190000 - 0x00007ffe42388000 	C:\WINDOWS\SYSTEM32\ntdll.dll
0x00007ffe414e0000 - 0x00007ffe4159f000 	C:\WINDOWS\System32\KERNEL32.DLL
0x00007ffe3fbb0000 - 0x00007ffe3fe82000 	C:\WINDOWS\System32\KERNELBASE.dll
0x00007ffe402e0000 - 0x00007ffe4038e000 	C:\WINDOWS\System32\ADVAPI32.dll
0x00007ffe41b20000 - 0x00007ffe41bbe000 	C:\WINDOWS\System32\msvcrt.dll
0x00007ffe401e0000 - 0x00007ffe4027c000 	C:\WINDOWS\System32\sechost.dll
0x00007ffe41e10000 - 0x00007ffe41f35000 	C:\WINDOWS\System32\RPCRT4.dll
0x00007ffe41bc0000 - 0x00007ffe41d5d000 	C:\WINDOWS\System32\USER32.dll
0x00007ffe3fe90000 - 0x00007ffe3feb2000 	C:\WINDOWS\System32\win32u.dll
0x00007ffe40390000 - 0x00007ffe403bb000 	C:\WINDOWS\System32\GDI32.dll
0x00007ffe3fec0000 - 0x00007ffe3ffcf000 	C:\WINDOWS\System32\gdi32full.dll
0x00007ffe3ffd0000 - 0x00007ffe4006d000 	C:\WINDOWS\System32\msvcp_win.dll
0x00007ffe3fa20000 - 0x00007ffe3fb20000 	C:\WINDOWS\System32\ucrtbase.dll
0x00007ffe1ba30000 - 0x00007ffe1bcca000 	C:\WINDOWS\WinSxS\amd64_microsoft.windows.common-controls_6595b64144ccf1df_6.0.19041.1110_none_60b5254171f9507e\COMCTL32.dll
0x00007ffe40560000 - 0x00007ffe40592000 	C:\WINDOWS\System32\IMM32.DLL
0x00000000600c0000 - 0x0000000060192000 	C:\Keep\Java\jdk1.8.0_31\jre\bin\msvcr100.dll
0x000000005f490000 - 0x000000005fcea000 	C:\Keep\Java\jdk1.8.0_31\jre\bin\server\jvm.dll
0x00007ffe40550000 - 0x00007ffe40558000 	C:\WINDOWS\System32\PSAPI.DLL
0x00007ffe2f730000 - 0x00007ffe2f739000 	C:\WINDOWS\SYSTEM32\WSOCK32.dll
0x00007ffe22c40000 - 0x00007ffe22c67000 	C:\WINDOWS\SYSTEM32\WINMM.dll
0x00007ffe41000000 - 0x00007ffe4106b000 	C:\WINDOWS\System32\WS2_32.dll
0x00000000600b0000 - 0x00000000600bf000 	C:\Keep\Java\jdk1.8.0_31\jre\bin\verify.dll
0x0000000060080000 - 0x00000000600a8000 	C:\Keep\Java\jdk1.8.0_31\jre\bin\java.dll
0x0000000060040000 - 0x0000000060075000 	C:\Keep\Java\jdk1.8.0_31\jre\bin\jdwp.dll
0x0000000060030000 - 0x0000000060038000 	C:\Keep\Java\jdk1.8.0_31\jre\bin\npt.dll
0x0000000060000000 - 0x0000000060023000 	C:\Keep\Java\jdk1.8.0_31\jre\bin\instrument.dll
0x000000005ffe0000 - 0x000000005fff6000 	C:\Keep\Java\jdk1.8.0_31\jre\bin\zip.dll
0x00007ffe408b0000 - 0x00007ffe40ff3000 	C:\WINDOWS\System32\SHELL32.dll
0x00007ffe3d820000 - 0x00007ffe3dfb2000 	C:\WINDOWS\SYSTEM32\windows.storage.dll
0x00007ffe417a0000 - 0x00007ffe41af4000 	C:\WINDOWS\System32\combase.dll
0x00007ffe3f2f0000 - 0x00007ffe3f320000 	C:\WINDOWS\SYSTEM32\Wldp.dll
0x00007ffe403c0000 - 0x00007ffe4046d000 	C:\WINDOWS\System32\SHCORE.dll
0x00007ffe420f0000 - 0x00007ffe42145000 	C:\WINDOWS\System32\shlwapi.dll
0x00007ffe3f7d0000 - 0x00007ffe3f7ef000 	C:\WINDOWS\SYSTEM32\profapi.dll
0x000000005ffd0000 - 0x000000005ffd9000 	C:\Keep\Java\jdk1.8.0_31\jre\bin\dt_socket.dll
0x00007ffe18e90000 - 0x00007ffe18ea7000 	C:\WINDOWS\system32\napinsp.dll
0x00007ffe18e70000 - 0x00007ffe18e8b000 	C:\WINDOWS\system32\pnrpnsp.dll
0x00007ffe38830000 - 0x00007ffe38845000 	C:\WINDOWS\system32\wshbth.dll
0x00007ffe386f0000 - 0x00007ffe3870d000 	C:\WINDOWS\system32\NLAapi.dll
0x00007ffe3ecf0000 - 0x00007ffe3ed2b000 	C:\WINDOWS\SYSTEM32\IPHLPAPI.DLL
0x00007ffe3f050000 - 0x00007ffe3f0ba000 	C:\WINDOWS\System32\mswsock.dll
0x00007ffe3ed80000 - 0x00007ffe3ee4a000 	C:\WINDOWS\SYSTEM32\DNSAPI.dll
0x00007ffe40540000 - 0x00007ffe40548000 	C:\WINDOWS\System32\NSI.dll
0x00007ffe18e50000 - 0x00007ffe18e62000 	C:\WINDOWS\System32\winrnr.dll
0x00007ffe337d0000 - 0x00007ffe33850000 	C:\WINDOWS\System32\fwpuclnt.dll
0x00007ffe3f890000 - 0x00007ffe3f8b7000 	C:\WINDOWS\System32\bcrypt.dll
0x00007ffe35880000 - 0x00007ffe3588a000 	C:\Windows\System32\rasadhlp.dll
0x000000005ffc0000 - 0x000000005ffcd000 	C:\Keep\Java\jdk1.8.0_31\jre\bin\management.dll
0x000000005ffa0000 - 0x000000005ffba000 	C:\Keep\Java\jdk1.8.0_31\jre\bin\net.dll
0x000000005ff80000 - 0x000000005ff91000 	C:\Keep\Java\jdk1.8.0_31\jre\bin\nio.dll
0x00007ffe3f240000 - 0x00007ffe3f258000 	C:\WINDOWS\SYSTEM32\CRYPTSP.dll
0x00007ffe3e7f0000 - 0x00007ffe3e824000 	C:\WINDOWS\system32\rsaenh.dll
0x00007ffe3f790000 - 0x00007ffe3f7be000 	C:\WINDOWS\SYSTEM32\USERENV.dll
0x00007ffe3fb20000 - 0x00007ffe3fba2000 	C:\WINDOWS\System32\bcryptprimitives.dll
0x00007ffe3f260000 - 0x00007ffe3f26c000 	C:\WINDOWS\SYSTEM32\CRYPTBASE.dll
0x00007ffe36d30000 - 0x00007ffe36d47000 	C:\WINDOWS\SYSTEM32\dhcpcsvc6.DLL
0x00007ffe36d10000 - 0x00007ffe36d2d000 	C:\WINDOWS\SYSTEM32\dhcpcsvc.DLL
0x000000005ff70000 - 0x000000005ff7c000 	C:\Keep\Java\jdk1.8.0_31\jre\bin\jsound.dll
0x000000005ff60000 - 0x000000005ff6b000 	C:\Keep\Java\jdk1.8.0_31\jre\bin\jsoundds.dll
0x00007ffe40680000 - 0x00007ffe407aa000 	C:\WINDOWS\System32\ole32.dll
0x00007ffdd50d0000 - 0x00007ffdd516c000 	C:\WINDOWS\SYSTEM32\DSOUND.dll
0x00007ffe20370000 - 0x00007ffe20396000 	C:\WINDOWS\SYSTEM32\winmmbase.dll
0x00007ffe3ee50000 - 0x00007ffe3ee9b000 	C:\WINDOWS\SYSTEM32\powrprof.dll
0x00007ffe3ecd0000 - 0x00007ffe3ece2000 	C:\WINDOWS\SYSTEM32\UMPDC.dll
0x00007ffe3dfd0000 - 0x00007ffe3dfe2000 	C:\WINDOWS\SYSTEM32\kernel.appcore.dll
0x00007ffe36e80000 - 0x00007ffe36f05000 	C:\WINDOWS\SYSTEM32\MMDevAPI.DLL
0x00007ffe3f640000 - 0x00007ffe3f66c000 	C:\WINDOWS\SYSTEM32\DEVOBJ.dll
0x00007ffe40190000 - 0x00007ffe401de000 	C:\WINDOWS\System32\cfgmgr32.dll
0x00007ffe39800000 - 0x00007ffe3989e000 	C:\WINDOWS\system32\uxtheme.dll
0x00007ffe24970000 - 0x00007ffe249b6000 	C:\WINDOWS\SYSTEM32\wdmaud.drv
0x00007ffe376f0000 - 0x00007ffe376f9000 	C:\WINDOWS\SYSTEM32\ksuser.dll
0x00007ffe370a0000 - 0x00007ffe370aa000 	C:\WINDOWS\SYSTEM32\AVRT.dll
0x00007ffe36f10000 - 0x00007ffe37092000 	C:\WINDOWS\SYSTEM32\AUDIOSES.DLL
0x00007ffe40470000 - 0x00007ffe4053d000 	C:\WINDOWS\System32\OLEAUT32.dll
0x00007ffe37b00000 - 0x00007ffe37b0d000 	C:\WINDOWS\SYSTEM32\msacm32.drv
0x00007ffe378b0000 - 0x00007ffe378ce000 	C:\WINDOWS\SYSTEM32\MSACM32.dll
0x00007ffe36ac0000 - 0x00007ffe36acb000 	C:\WINDOWS\SYSTEM32\midimap.dll
0x00007ffe41d60000 - 0x00007ffe41e0f000 	C:\WINDOWS\System32\clbcatq.dll
0x00007ffdd4910000 - 0x00007ffdd4a40000 	C:\Keep\git\repository\MediaPlayer\com.upnp.mediaplayer\bin\mediaplayer_lib\ohNet\windows\x64\ohNet.dll
0x00007ffe39a70000 - 0x00007ffe39c54000 	C:\WINDOWS\SYSTEM32\dbghelp.dll
0x00007ffe0d730000 - 0x00007ffe0d751000 	C:\Keep\git\repository\MediaPlayer\com.upnp.mediaplayer\bin\mediaplayer_lib\ohNet\windows\x64\ohNetJni.dll
0x000000005ff30000 - 0x000000005ff54000 	C:\Keep\Java\jdk1.8.0_31\jre\bin\sunec.dll
0x000000005f480000 - 0x000000005f48b000 	C:\Keep\Java\jdk1.8.0_31\jre\bin\sunmscapi.dll
0x00007ffe3f8c0000 - 0x00007ffe3fa16000 	C:\WINDOWS\System32\CRYPT32.dll
0x000000005f2e0000 - 0x000000005f478000 	C:\Keep\Java\jdk1.8.0_31\jre\bin\awt.dll
0x00007ffe384f0000 - 0x00007ffe38581000 	C:\WINDOWS\SYSTEM32\apphelp.dll

VM Arguments:
jvm_args: -agentlib:jdwp=transport=dt_socket,suspend=y,address=localhost:62850 -Dcom.sun.management.jmxremote -Dcom.sun.management.jmxremote.port=9010 -Dcom.sun.management.jmxremote.local.only=false -Dcom.sun.management.jmxremote.authenticate=false -Dcom.sun.management.jmxremote=true -Dcom.sun.management.jmxremote.port=3614 -Dcom.sun.management.jmxremote.authenticate=false -Dcom.sun.management.jmxremote.ssl=false -Dio.netty.leakDetectionLevel=paranoid -javaagent:C:\Keep\Java\Eclipse 2022-06\eclipse-jee-2022-06-R-win32-x86_64\eclipse\configuration\org.eclipse.osgi\407\0\.cp\lib\javaagent-shaded.jar -Dfile.encoding=Cp1252 
java_command: org.rpi.main.StartMe -input
java_class_path (initial): C:\Keep\git\repository\MediaPlayer\com.upnp.mediaplayer\bin;C:\Keep\Repository\java\jspf\dist\jspf.core-1.0.2.jar;C:\Keep\git\repository\MediaPlayer\com.upnp.mediaplayer\lib\core\pi4j-core.jar;C:\Keep\git\repository\MediaPlayer\com.upnp.mediaplayer\lib\core\netty-all-4.1.58.Final.jar;C:\Keep\git\repository\MediaPlayer\com.upnp.mediaplayer\lib\core\airplay\jmdns-3.5.5.jar;C:\Keep\git\repository\MediaPlayer\com.upnp.mediaplayer\lib\core\airplay\bcpkix-jdk15on-1.64.jar;C:\Keep\git\repository\MediaPlayer\com.upnp.mediaplayer\lib\core\airplay\bcprov-jdk15on-1.64.jar;C:\Keep\git\repository\MediaPlayer\com.upnp.mediaplayer\lib\core\log4j-1.2.16.jar;C:\Keep\git\repository\MediaPlayer\com.upnp.mediaplayer\lib\plugins\joda-time-2.3.jar;C:\Keep\git\repository\MediaPlayer\com.upnp.mediaplayer\lib\core\grizzly\aopalliance-repackaged-2.2.0.jar;C:\Keep\git\repository\MediaPlayer\com.upnp.mediaplayer\lib\core\grizzly\hamcrest-core-1.1.jar;C:\Keep\git\repository\MediaPlayer\com.upnp.mediaplayer\lib\core\grizzly\javassist-3.18.1-GA.jar;C:\Keep\git\repository\MediaPlayer\com.upnp.mediaplayer\lib\core\grizzly\javax.annotation-api-1.2.jar;C:\Keep\git\repository\MediaPlayer\com.upnp.mediaplayer\lib\core\grizzly\javax.inject-2.2.0.jar;C:\Keep\git\repository\MediaPlayer\com.upnp.mediaplayer\lib\core\grizzly\jersey-guava-2.6.jar;C:\Keep\git\repository\MediaPlayer\com.upnp.mediaplayer\lib\core\grizzly\junit-4.9.jar;C:\Keep\git\repository\MediaPlayer\com.upnp.mediaplayer\lib\core\grizzly\osgi-resource-locator-1.0.1.jar;C:\Keep\git\repository\MediaPlayer\com.upnp.mediaplayer\lib\core\grizzly\validation-api-1.1.0.Final.jar;C:\Keep\git\repository\MediaPlayer\com.upnp.mediaplayer\lib\core\grizzly\grizzly-http-all-2.4.4.jar;C:\Keep\git\repository\MediaPlayer\com.upnp.mediaplayer\lib\core\jerseyclient\jersey-common-2.28.jar;C:\Keep\git\repository\MediaPlayer\com.upnp.mediaplayer\lib\core\jerseyclient\jersey-hk2-2.28.jar;C:\Keep\git\repository\MediaPlayer\com.upnp.mediap
Launcher Type: SUN_STANDARD

Environment Variables:
JAVA_HOME=C:\Program Files\Java\jdk-11
PATH=C:\Keep\Java\jdk1.8.0_31\jre\bin;C:/Keep/Java/Eclipse 2022-06/eclipse-jee-2022-06-R-win32-x86_64/eclipse//plugins/org.eclipse.justj.openjdk.hotspot.jre.full.win32.x86_64_17.0.3.v20220515-1416/jre/bin/server;C:/Keep/Java/Eclipse 2022-06/eclipse-jee-2022-06-R-win32-x86_64/eclipse//plugins/org.eclipse.justj.openjdk.hotspot.jre.full.win32.x86_64_17.0.3.v20220515-1416/jre/bin;C:\Windows\system32;C:\Windows;C:\Windows\System32\Wbem;C:\Windows\System32\WindowsPowerShell\v1.0\;C:\Windows\System32\OpenSSH\;C:\Program Files (x86)\NVIDIA Corporation\PhysX\Common;C:\WINDOWS\system32;C:\WINDOWS;C:\WINDOWS\System32\Wbem;C:\WINDOWS\System32\WindowsPowerShell\v1.0\;C:\WINDOWS\System32\OpenSSH\;C:\Program Files (x86)\Microsoft SQL Server\100\Tools\Binn\;C:\Program Files\Microsoft SQL Server\100\Tools\Binn\;C:\Program Files\Microsoft SQL Server\100\DTS\Binn\;C:\Program Files\dotnet\;C:\Program Files\Git\cmd;C:\Program Files\nodejs\;C:\Program Files\Amazon\AWSCLIV2\;C:\Program Files\Java\jdk-11\bin;C:\Keep\Java\apache-maven-3.8.3\bin;C:\Program Files (x86)\dotnet\;C:\Program Files\Microsoft SQL Server\130\Tools\Binn\;C:\Program Files\Microsoft SQL Server\Client SDK\ODBC\170\Tools\Binn\;C:\Program Files (x86)\Plantronics\Spokes3G\;C:\Users\phoyle\AppData\Local\Microsoft\WindowsApps;C:\Users\phoyle\.dotnet\tools;C:\Users\phoyle\AppData\Roaming\npm;C:\Keep\Java\Eclipse 2022-06\eclipse-jee-2022-06-R-win32-x86_64\eclipse;
USERNAME=phoyle
OS=Windows_NT
PROCESSOR_IDENTIFIER=Intel64 Family 6 Model 165 Stepping 2, GenuineIntel



---------------  S Y S T E M  ---------------

OS: Windows 8.1 , 64 bit Build 9600 

CPU:total 12 (6 cores per cpu, 2 threads per core) family 6 model 165 stepping 2, cmov, cx8, fxsr, mmx, sse, sse2, sse3, ssse3, sse4.1, sse4.2, popcnt, avx, avx2, aes, clmul, erms, lzcnt, ht, tsc, tscinvbit, bmi1, bmi2

Memory: 4k page, physical 33146736k(18437664k free), swap 40224624k(22068144k free)

vm_info: Java HotSpot(TM) 64-Bit Server VM (25.31-b07) for windows-amd64 JRE (1.8.0_31-b13), built on Dec 17 2014 21:00:28 by "java_re" with MS VC++ 10.0 (VS2010)

time: Thu Nov 17 11:27:22 2022
elapsed time: 2245 seconds (0d 0h 37m 25s)

