#
# A fatal error has been detected by the Java Runtime Environment:
#
#  EXCEPTION_UNCAUGHT_CXX_EXCEPTION (0xe06d7363) at pc=0x00007ffe3fbdcd29, pid=14388, tid=46496
#
# JRE version: Java(TM) SE Runtime Environment (8.0_31-b13) (build 1.8.0_31-b13)
# Java VM: Java HotSpot(TM) 64-Bit Server VM (25.31-b07 mixed mode windows-amd64 compressed oops)
# Problematic frame:
# C  [KERNELBASE.dll+0x2cd29]
#
# Failed to write core dump. Minidumps are not enabled by default on client versions of Windows
#
# If you would like to submit a bug report, please visit:
#   http://bugreport.java.com/bugreport/crash.jsp
# The crash happened outside the Java Virtual Machine in native code.
# See problematic frame for where to report the bug.
#

---------------  T H R E A D  ---------------

Current thread (0x0000000027776000):  JavaThread "Thread-9" [_thread_in_native, id=46496, stack(0x0000000033350000,0x0000000033450000)]

siginfo: ExceptionCode=0xe06d7363, ExceptionInformation=0x0000000019930520 0x000000003344ef80 0x00007ffdd4a13190 0x00007ffdd4910000 

Registers:
RAX=0x0000000027776000, RBX=0x000000003344ef80, RCX=0x00006131f3033c62, RDX=0x000000002a192c98
RSP=0x000000003344ee10, RBP=0x000000003344ef50, RSI=0x0000000000000000, RDI=0x00007ffdd4a13190
R8 =0x0000000002f9dce0, R9 =0x0000000027776000, R10=0x000000002ac6cfb0, R11=0x000000002a192c98
R12=0x0000000000000000, R13=0x000000002a193938, R14=0x000000003344f0a0, R15=0x0000000027776000
RIP=0x00007ffe3fbdcd29, EFLAGS=0x0000000000000202

Top of Stack: (sp=0x000000003344ee10)
0x000000003344ee10:   00007ffdd4a11178 000000003344ef80
0x000000003344ee20:   0000000000000000 000000002bcf9790
0x000000003344ee30:   00000001e06d7363 0000000000000000
0x000000003344ee40:   00007ffe3fbdcd29 2000000000000004
0x000000003344ee50:   0000000019930520 000000003344ef80
0x000000003344ee60:   00007ffdd4a13190 00007ffdd4910000
0x000000003344ee70:   000000002a193938 0000000000000000
0x000000003344ee80:   0000000000000000 000000003344ef50
0x000000003344ee90:   000000003344ef60 00007ffe421c4a5f
0x000000003344eea0:   00007ffdd4a13190 0000000000000000
0x000000003344eeb0:   000000002a193938 0000000000000000
0x000000003344eec0:   00007ffdd4a31000 00007ffdd4910000
0x000000003344eed0:   0000b247dd7cffe3 0000000000000000
0x000000003344eee0:   000000003344ef80 00007ffdd49a549d
0x000000003344eef0:   000000002bcf1530 00007ffe421e1632
0x000000003344ef00:   000000002bcf7900 0000f81dba3f0fcf 

Instructions: (pc=0x00007ffe3fbdcd29)
0x00007ffe3fbdcd09:   8b d1 44 0f 47 c0 44 89 44 24 38 49 c1 e0 03 e8
0x00007ffe3fbdcd19:   ba bb 06 00 48 8d 4c 24 20 48 ff 15 67 9b 19 00
0x00007ffe3fbdcd29:   0f 1f 44 00 00 48 8b 8c 24 c0 00 00 00 48 33 cc
0x00007ffe3fbdcd39:   e8 42 09 06 00 48 81 c4 d8 00 00 00 c3 cc 83 64 


Register to memory mapping:

RAX=0x0000000027776000 is a thread
RBX=0x000000003344ef80 is pointing into the stack for thread: 0x0000000027776000
RCX=0x00006131f3033c62 is an unknown value
RDX={method} {0x000000002a192ca0} 'message' '(Ljava/lang/String;)V' in 'org/rpi/main/OpenHomeLogger'
RSP=0x000000003344ee10 is pointing into the stack for thread: 0x0000000027776000
RBP=0x000000003344ef50 is pointing into the stack for thread: 0x0000000027776000
RSI=0x0000000000000000 is an unknown value
RDI=0x00007ffdd4a13190 is an unknown value
R8 =0x0000000002f9dce0 is at code_begin+1632 in an Interpreter codelet
method entry point (kind = native)  [0x0000000002f9d680, 0x0000000002f9e6a0]  4128 bytes
R9 =0x0000000027776000 is a thread
R10=0x000000002ac6cfb0 is an unknown value
R11={method} {0x000000002a192ca0} 'message' '(Ljava/lang/String;)V' in 'org/rpi/main/OpenHomeLogger'
R12=0x0000000000000000 is an unknown value
R13={method} {0x000000002a193940} 'OhNetLibraryClose' '()V' in 'org/openhome/net/core/Library'
R14=0x000000003344f0a0 is pointing into the stack for thread: 0x0000000027776000
R15=0x0000000027776000 is a thread


Stack: [0x0000000033350000,0x0000000033450000],  sp=0x000000003344ee10,  free space=1019k
Native frames: (J=compiled Java code, j=interpreted, Vv=VM code, C=native code)
C  [KERNELBASE.dll+0x2cd29]

Java frames: (J=compiled Java code, j=interpreted, Vv=VM code)
j  org.openhome.net.core.Library.OhNetLibraryClose()V+0
j  org.openhome.net.core.Library.close()V+0
j  org.rpi.main.SimpleDevice.dispose()V+340
j  org.rpi.main.SimpleDevice$1.run()V+16
v  ~StubRoutines::call_stub

---------------  P R O C E S S  ---------------

Java Threads: ( => current thread )
  0x0000000027775800 JavaThread "OHZEventLoopGroupThread-1-4" [_thread_blocked, id=48504, stack(0x00000000338e0000,0x00000000339e0000)]
  0x0000000027774800 JavaThread "OHZEventLoopGroupThread-1-3" [_thread_blocked, id=49664, stack(0x00000000337e0000,0x00000000338e0000)]
  0x0000000027777000 JavaThread "OHZEventLoopGroupThread-1-2" [_thread_blocked, id=50064, stack(0x0000000033570000,0x0000000033670000)]
  0x0000000027774000 JavaThread "OHZEventLoopGroupThread-1-1" [_thread_blocked, id=14692, stack(0x0000000033250000,0x0000000033350000)]
=>0x0000000027776000 JavaThread "Thread-9" [_thread_in_native, id=46496, stack(0x0000000033350000,0x0000000033450000)]
  0x0000000027772800 JavaThread "OkHttp WebSocket http://192.168.1.205:8088/..." [_thread_blocked, id=29636, stack(0x0000000032db0000,0x0000000032eb0000)]
  0x0000000031d3e000 JavaThread "Okio Watchdog" daemon [_thread_blocked, id=48240, stack(0x0000000032bb0000,0x0000000032cb0000)]
  0x000000002b214000 JavaThread "OkHttp ConnectionPool" daemon [_thread_blocked, id=34020, stack(0x00000000302a0000,0x00000000303a0000)]
  0x000000002ae4e800 JavaThread "OkHttp http://192.168.1.205:8088/..." [_thread_in_native, id=43948, stack(0x0000000032ab0000,0x0000000032bb0000)]
  0x000000002abd9000 JavaThread "PlayListWriter" [_thread_blocked, id=27360, stack(0x00000000316a0000,0x00000000317a0000)]
  0x000000002ace8800 JavaThread "Thread-4" [_thread_blocked, id=40420, stack(0x00000000303a0000,0x00000000304a0000)]
  0x0000000029b0f000 JavaThread "Thread-1" [_thread_blocked, id=13884, stack(0x000000002a960000,0x000000002aa60000)]
  0x00000000297b9800 JavaThread "RMI TCP Accept-3614" daemon [_thread_in_native, id=42592, stack(0x0000000029ee0000,0x0000000029fe0000)]
  0x000000002978f800 JavaThread "RMI TCP Accept-0" daemon [_thread_in_native, id=46300, stack(0x0000000029de0000,0x0000000029ee0000)]
  0x0000000029538000 JavaThread "Service Thread" daemon [_thread_blocked, id=48556, stack(0x0000000029ce0000,0x0000000029de0000)]
  0x000000002788b800 JavaThread "C1 CompilerThread3" daemon [_thread_blocked, id=43608, stack(0x00000000293e0000,0x00000000294e0000)]
  0x0000000027889000 JavaThread "C2 CompilerThread2" daemon [_thread_in_native, id=46884, stack(0x00000000292e0000,0x00000000293e0000)]
  0x0000000027883800 JavaThread "C2 CompilerThread1" daemon [_thread_in_native, id=49716, stack(0x00000000291e0000,0x00000000292e0000)]
  0x0000000027882800 JavaThread "C2 CompilerThread0" daemon [_thread_in_native, id=47184, stack(0x00000000290e0000,0x00000000291e0000)]
  0x000000002753e800 JavaThread "JDWP Command Reader" daemon [_thread_in_native, id=36548, stack(0x0000000028fe0000,0x00000000290e0000)]
  0x000000002753b000 JavaThread "JDWP Event Helper Thread" daemon [_thread_blocked, id=46888, stack(0x0000000028ee0000,0x0000000028fe0000)]
  0x0000000027536000 JavaThread "JDWP Transport Listener: dt_socket" daemon [_thread_blocked, id=13256, stack(0x0000000028de0000,0x0000000028ee0000)]
  0x0000000027526800 JavaThread "Attach Listener" daemon [_thread_blocked, id=46968, stack(0x00000000289a0000,0x0000000028aa0000)]
  0x0000000027525000 JavaThread "Signal Dispatcher" daemon [_thread_blocked, id=50000, stack(0x00000000288a0000,0x00000000289a0000)]
  0x0000000002f7d800 JavaThread "Finalizer" daemon [_thread_blocked, id=5980, stack(0x00000000287a0000,0x00000000288a0000)]
  0x0000000025e4b000 JavaThread "Reference Handler" daemon [_thread_blocked, id=27216, stack(0x00000000286a0000,0x00000000287a0000)]
  0x0000000002e85000 JavaThread "main" [_thread_blocked, id=47268, stack(0x0000000002bc0000,0x0000000002cc0000)]

Other Threads:
  0x0000000025e45800 VMThread [stack: 0x00000000285a0000,0x00000000286a0000] [id=49836]
  0x0000000029786000 WatcherThread [stack: 0x0000000029fe0000,0x000000002a0e0000] [id=18188]

VM state:not at safepoint (normal execution)

VM Mutex/Monitor currently owned by a thread: None

Heap:
 PSYoungGen      total 151040K, used 47588K [0x0000000717600000, 0x0000000721e80000, 0x00000007c0000000)
  eden space 129536K, 29% used [0x0000000717600000,0x0000000719b8dc98,0x000000071f480000)
  from space 21504K, 42% used [0x000000071f480000,0x000000071fd6b5a8,0x0000000720980000)
  to   space 21504K, 0% used [0x0000000720980000,0x0000000720980000,0x0000000721e80000)
 ParOldGen       total 345600K, used 88K [0x00000005c6200000, 0x00000005db380000, 0x0000000717600000)
  object space 345600K, 0% used [0x00000005c6200000,0x00000005c6216010,0x00000005db380000)
 Metaspace       used 19519K, capacity 19758K, committed 19968K, reserved 1067008K
  class space    used 2122K, capacity 2195K, committed 2304K, reserved 1048576K

Card table byte_map: [0x0000000012340000,0x0000000013310000] byte_map_base: 0x000000000f50f000

Marking Bits: (ParMarkBitMap*) 0x000000005fc6d4f0
 Begin Bits: [0x00000000147a0000, 0x000000001c618000)
 End Bits:   [0x000000001c618000, 0x0000000024490000)

Polling page: 0x0000000001280000

CodeCache: size=245760Kb used=7244Kb max_used=7244Kb free=238515Kb
 bounds [0x0000000002f80000, 0x00000000036a0000, 0x0000000011f80000]
 total_blobs=2260 nmethods=1802 adapters=379
 compilation: enabled

Compilation events (10 events):
Event: 31.896 Thread 0x0000000027889000 nmethod 1800 0x0000000003695c10 code [0x0000000003695d80, 0x0000000003696708]
Event: 31.896 Thread 0x0000000027889000 1803       4       org.eclipse.jdt.launching.internal.org.objectweb.asm.AnnotationWriter::putAnnotations (67 bytes)
Event: 31.902 Thread 0x0000000027889000 nmethod 1803 0x0000000003696e10 code [0x0000000003697000, 0x00000000036976e8]
Event: 31.902 Thread 0x0000000027889000 1804       4       org.eclipse.jdt.launching.internal.org.objectweb.asm.Attribute::computeAttributesSize (62 bytes)
Event: 31.903 Thread 0x0000000027889000 nmethod 1804 0x0000000003694210 code [0x0000000003694380, 0x0000000003694528]
Event: 31.903 Thread 0x0000000027889000 1805       4       org.eclipse.jdt.launching.internal.org.objectweb.asm.ClassReader::readField (671 bytes)
Event: 31.906 Thread 0x000000002788b800 1807       3       java.lang.Class::searchMethods (90 bytes)
Event: 31.907 Thread 0x000000002788b800 nmethod 1807 0x0000000003675810 code [0x0000000003675a60, 0x0000000003676a38]
Event: 31.932 Thread 0x000000002788b800 1808       3       java.util.LinkedList$ListItr::hasNext (20 bytes)
Event: 31.933 Thread 0x000000002788b800 nmethod 1808 0x0000000003675050 code [0x00000000036751a0, 0x0000000003675370]

GC Heap History (2 events):
Event: 3.580 GC heap before
{Heap before GC invocations=1 (full 0):
 PSYoungGen      total 151040K, used 129536K [0x0000000717600000, 0x0000000721e80000, 0x00000007c0000000)
  eden space 129536K, 100% used [0x0000000717600000,0x000000071f480000,0x000000071f480000)
  from space 21504K, 0% used [0x0000000720980000,0x0000000720980000,0x0000000721e80000)
  to   space 21504K, 0% used [0x000000071f480000,0x000000071f480000,0x0000000720980000)
 ParOldGen       total 345600K, used 0K [0x00000005c6200000, 0x00000005db380000, 0x0000000717600000)
  object space 345600K, 0% used [0x00000005c6200000,0x00000005c6200000,0x00000005db380000)
 Metaspace       used 17843K, capacity 18026K, committed 18176K, reserved 1064960K
  class space    used 1875K, capacity 1937K, committed 2048K, reserved 1048576K
Event: 3.599 GC heap after
Heap after GC invocations=1 (full 0):
 PSYoungGen      total 151040K, used 9133K [0x0000000717600000, 0x0000000721e80000, 0x00000007c0000000)
  eden space 129536K, 0% used [0x0000000717600000,0x0000000717600000,0x000000071f480000)
  from space 21504K, 42% used [0x000000071f480000,0x000000071fd6b5a8,0x0000000720980000)
  to   space 21504K, 0% used [0x0000000720980000,0x0000000720980000,0x0000000721e80000)
 ParOldGen       total 345600K, used 88K [0x00000005c6200000, 0x00000005db380000, 0x0000000717600000)
  object space 345600K, 0% used [0x00000005c6200000,0x00000005c6216010,0x00000005db380000)
 Metaspace       used 17843K, capacity 18026K, committed 18176K, reserved 1064960K
  class space    used 1875K, capacity 1937K, committed 2048K, reserved 1048576K
}

Deoptimization events (10 events):
Event: 3.423 Thread 0x0000000002e85000 Uncommon trap: reason=unhandled action=none pc=0x00000000035ad8d0 method=com.sun.org.apache.xerces.internal.impl.XMLEntityScanner.load(IZZ)Z @ 171
Event: 3.428 Thread 0x0000000002e85000 Uncommon trap: reason=unhandled action=none pc=0x00000000035ad8d0 method=com.sun.org.apache.xerces.internal.impl.XMLEntityScanner.load(IZZ)Z @ 171
Event: 3.432 Thread 0x0000000002e85000 Uncommon trap: reason=unhandled action=none pc=0x00000000035ad8d0 method=com.sun.org.apache.xerces.internal.impl.XMLEntityScanner.load(IZZ)Z @ 171
Event: 3.437 Thread 0x0000000002e85000 Uncommon trap: reason=unhandled action=none pc=0x00000000035ad8d0 method=com.sun.org.apache.xerces.internal.impl.XMLEntityScanner.load(IZZ)Z @ 171
Event: 3.441 Thread 0x0000000002e85000 Uncommon trap: reason=unhandled action=none pc=0x00000000035ad8d0 method=com.sun.org.apache.xerces.internal.impl.XMLEntityScanner.load(IZZ)Z @ 171
Event: 3.445 Thread 0x0000000002e85000 Uncommon trap: reason=unhandled action=none pc=0x00000000035ad8d0 method=com.sun.org.apache.xerces.internal.impl.XMLEntityScanner.load(IZZ)Z @ 171
Event: 3.448 Thread 0x0000000002e85000 Uncommon trap: reason=unhandled action=none pc=0x00000000035ad8d0 method=com.sun.org.apache.xerces.internal.impl.XMLEntityScanner.load(IZZ)Z @ 171
Event: 3.477 Thread 0x000000002ae4e800 Uncommon trap: reason=class_check action=maybe_recompile pc=0x00000000035a3c84 method=java.util.HashSet.contains(Ljava/lang/Object;)Z @ 5
Event: 3.992 Thread 0x000000002adfd800 Uncommon trap: reason=unhandled action=none pc=0x00000000035ad8d0 method=com.sun.org.apache.xerces.internal.impl.XMLEntityScanner.load(IZZ)Z @ 171
Event: 4.146 Thread 0x000000002adfd800 Uncommon trap: reason=unhandled action=none pc=0x00000000035ad8d0 method=com.sun.org.apache.xerces.internal.impl.XMLEntityScanner.load(IZZ)Z @ 171

Internal exceptions (10 events):
Event: 31.925 Thread 0x0000000027776000 Exception <a 'java/security/PrivilegedActionException'> (0x00000007199103f8) thrown at [C:\workspace\8-2-build-windows-amd64-cygwin\jdk8u31\2394\hotspot\src\share\vm\prims\jvm.cpp, line 1312]
Event: 31.926 Thread 0x0000000027776000 Exception <a 'java/security/PrivilegedActionException'> (0x000000071991acb0) thrown at [C:\workspace\8-2-build-windows-amd64-cygwin\jdk8u31\2394\hotspot\src\share\vm\prims\jvm.cpp, line 1312]
Event: 31.927 Thread 0x0000000027776000 Exception <a 'java/security/PrivilegedActionException'> (0x000000071992d800) thrown at [C:\workspace\8-2-build-windows-amd64-cygwin\jdk8u31\2394\hotspot\src\share\vm\prims\jvm.cpp, line 1312]
Event: 31.928 Thread 0x0000000027776000 Exception <a 'java/security/PrivilegedActionException'> (0x0000000719934a38) thrown at [C:\workspace\8-2-build-windows-amd64-cygwin\jdk8u31\2394\hotspot\src\share\vm\prims\jvm.cpp, line 1312]
Event: 31.929 Thread 0x0000000027776000 Exception <a 'java/security/PrivilegedActionException'> (0x000000071993bcc0) thrown at [C:\workspace\8-2-build-windows-amd64-cygwin\jdk8u31\2394\hotspot\src\share\vm\prims\jvm.cpp, line 1312]
Event: 31.931 Thread 0x0000000027776000 Exception <a 'java/security/PrivilegedActionException'> (0x000000071994aa48) thrown at [C:\workspace\8-2-build-windows-amd64-cygwin\jdk8u31\2394\hotspot\src\share\vm\prims\jvm.cpp, line 1312]
Event: 31.933 Thread 0x0000000027777800 Exception <a 'java/security/PrivilegedActionException'> (0x0000000719b22718) thrown at [C:\workspace\8-2-build-windows-amd64-cygwin\jdk8u31\2394\hotspot\src\share\vm\prims\jvm.cpp, line 1312]
Event: 31.934 Thread 0x0000000027777800 Exception <a 'java/security/PrivilegedActionException'> (0x0000000719b311d0) thrown at [C:\workspace\8-2-build-windows-amd64-cygwin\jdk8u31\2394\hotspot\src\share\vm\prims\jvm.cpp, line 1312]
Event: 31.934 Thread 0x0000000027777800 Exception <a 'java/security/PrivilegedActionException'> (0x0000000719b3c6d0) thrown at [C:\workspace\8-2-build-windows-amd64-cygwin\jdk8u31\2394\hotspot\src\share\vm\prims\jvm.cpp, line 1312]
Event: 31.935 Thread 0x0000000027777800 Exception <a 'java/security/PrivilegedActionException'> (0x0000000719b47de8) thrown at [C:\workspace\8-2-build-windows-amd64-cygwin\jdk8u31\2394\hotspot\src\share\vm\prims\jvm.cpp, line 1312]

Events (10 events):
Event: 31.935 Thread 0x0000000027777800 DEOPT PACKING pc=0x00000000032d38d9 sp=0x000000003376ca30
Event: 31.935 Thread 0x0000000027777800 DEOPT UNPACKING pc=0x0000000002fc75bf sp=0x000000003376c7a0 mode 1
Event: 31.935 Thread 0x0000000027777800 DEOPT PACKING pc=0x00000000032d31d4 sp=0x000000003376cad0
Event: 31.935 Thread 0x0000000027777800 DEOPT UNPACKING pc=0x0000000002fc75bf sp=0x000000003376c800 mode 1
Event: 31.935 Thread 0x0000000027777800 DEOPT PACKING pc=0x000000000321fc74 sp=0x000000003376d6b0
Event: 31.935 Thread 0x0000000027777800 DEOPT UNPACKING pc=0x0000000002fc75bf sp=0x000000003376d3f8 mode 1
Event: 31.935 Thread 0x0000000027777800 DEOPT PACKING pc=0x00000000031b6984 sp=0x000000003376d720
Event: 31.935 Thread 0x0000000027777800 DEOPT UNPACKING pc=0x0000000002fc75bf sp=0x000000003376d540 mode 1
Event: 31.935 Thread 0x0000000027777800 DEOPT PACKING pc=0x00000000031b671c sp=0x000000003376d8b0
Event: 31.935 Thread 0x0000000027777800 DEOPT UNPACKING pc=0x0000000002fc75bf sp=0x000000003376d6d0 mode 1


Dynamic libraries:
0x00007ff63e2a0000 - 0x00007ff63e2d4000 	C:\Keep\Java\jdk1.8.0_31\bin\javaw.exe
0x00007ffe42190000 - 0x00007ffe42388000 	C:\WINDOWS\SYSTEM32\ntdll.dll
0x00007ffe414e0000 - 0x00007ffe4159f000 	C:\WINDOWS\System32\KERNEL32.DLL
0x00007ffe3fbb0000 - 0x00007ffe3fe82000 	C:\WINDOWS\System32\KERNELBASE.dll
0x00007ffe402e0000 - 0x00007ffe4038e000 	C:\WINDOWS\System32\ADVAPI32.dll
0x00007ffe41b20000 - 0x00007ffe41bbe000 	C:\WINDOWS\System32\msvcrt.dll
0x00007ffe401e0000 - 0x00007ffe4027c000 	C:\WINDOWS\System32\sechost.dll
0x00007ffe41e10000 - 0x00007ffe41f35000 	C:\WINDOWS\System32\RPCRT4.dll
0x00007ffe41bc0000 - 0x00007ffe41d5d000 	C:\WINDOWS\System32\USER32.dll
0x00007ffe3fe90000 - 0x00007ffe3feb2000 	C:\WINDOWS\System32\win32u.dll
0x00007ffe40390000 - 0x00007ffe403bb000 	C:\WINDOWS\System32\GDI32.dll
0x00007ffe3fec0000 - 0x00007ffe3ffcf000 	C:\WINDOWS\System32\gdi32full.dll
0x00007ffe3ffd0000 - 0x00007ffe4006d000 	C:\WINDOWS\System32\msvcp_win.dll
0x00007ffe3fa20000 - 0x00007ffe3fb20000 	C:\WINDOWS\System32\ucrtbase.dll
0x00007ffe1ba30000 - 0x00007ffe1bcca000 	C:\WINDOWS\WinSxS\amd64_microsoft.windows.common-controls_6595b64144ccf1df_6.0.19041.1110_none_60b5254171f9507e\COMCTL32.dll
0x00007ffe40560000 - 0x00007ffe40592000 	C:\WINDOWS\System32\IMM32.DLL
0x00000000600c0000 - 0x0000000060192000 	C:\Keep\Java\jdk1.8.0_31\jre\bin\msvcr100.dll
0x000000005f490000 - 0x000000005fcea000 	C:\Keep\Java\jdk1.8.0_31\jre\bin\server\jvm.dll
0x00007ffe40550000 - 0x00007ffe40558000 	C:\WINDOWS\System32\PSAPI.DLL
0x00007ffe22c40000 - 0x00007ffe22c67000 	C:\WINDOWS\SYSTEM32\WINMM.dll
0x00007ffe2f730000 - 0x00007ffe2f739000 	C:\WINDOWS\SYSTEM32\WSOCK32.dll
0x00007ffe41000000 - 0x00007ffe4106b000 	C:\WINDOWS\System32\WS2_32.dll
0x00000000600b0000 - 0x00000000600bf000 	C:\Keep\Java\jdk1.8.0_31\jre\bin\verify.dll
0x0000000060080000 - 0x00000000600a8000 	C:\Keep\Java\jdk1.8.0_31\jre\bin\java.dll
0x0000000060040000 - 0x0000000060075000 	C:\Keep\Java\jdk1.8.0_31\jre\bin\jdwp.dll
0x0000000060030000 - 0x0000000060038000 	C:\Keep\Java\jdk1.8.0_31\jre\bin\npt.dll
0x0000000060000000 - 0x0000000060023000 	C:\Keep\Java\jdk1.8.0_31\jre\bin\instrument.dll
0x000000005ffe0000 - 0x000000005fff6000 	C:\Keep\Java\jdk1.8.0_31\jre\bin\zip.dll
0x00007ffe408b0000 - 0x00007ffe40ff3000 	C:\WINDOWS\System32\SHELL32.dll
0x00007ffe3d820000 - 0x00007ffe3dfb2000 	C:\WINDOWS\SYSTEM32\windows.storage.dll
0x00007ffe417a0000 - 0x00007ffe41af4000 	C:\WINDOWS\System32\combase.dll
0x00007ffe3f2f0000 - 0x00007ffe3f320000 	C:\WINDOWS\SYSTEM32\Wldp.dll
0x00007ffe403c0000 - 0x00007ffe4046d000 	C:\WINDOWS\System32\SHCORE.dll
0x00007ffe420f0000 - 0x00007ffe42145000 	C:\WINDOWS\System32\shlwapi.dll
0x00007ffe3f7d0000 - 0x00007ffe3f7ef000 	C:\WINDOWS\SYSTEM32\profapi.dll
0x000000005ffd0000 - 0x000000005ffd9000 	C:\Keep\Java\jdk1.8.0_31\jre\bin\dt_socket.dll
0x00007ffe18e90000 - 0x00007ffe18ea7000 	C:\WINDOWS\system32\napinsp.dll
0x00007ffe18e70000 - 0x00007ffe18e8b000 	C:\WINDOWS\system32\pnrpnsp.dll
0x00007ffe38830000 - 0x00007ffe38845000 	C:\WINDOWS\system32\wshbth.dll
0x00007ffe386f0000 - 0x00007ffe3870d000 	C:\WINDOWS\system32\NLAapi.dll
0x00007ffe3ecf0000 - 0x00007ffe3ed2b000 	C:\WINDOWS\SYSTEM32\IPHLPAPI.DLL
0x00007ffe3f050000 - 0x00007ffe3f0ba000 	C:\WINDOWS\System32\mswsock.dll
0x00007ffe3ed80000 - 0x00007ffe3ee4a000 	C:\WINDOWS\SYSTEM32\DNSAPI.dll
0x00007ffe40540000 - 0x00007ffe40548000 	C:\WINDOWS\System32\NSI.dll
0x00007ffe18e50000 - 0x00007ffe18e62000 	C:\WINDOWS\System32\winrnr.dll
0x00007ffe337d0000 - 0x00007ffe33850000 	C:\WINDOWS\System32\fwpuclnt.dll
0x00007ffe3f890000 - 0x00007ffe3f8b7000 	C:\WINDOWS\System32\bcrypt.dll
0x00007ffe35880000 - 0x00007ffe3588a000 	C:\Windows\System32\rasadhlp.dll
0x000000005ffc0000 - 0x000000005ffcd000 	C:\Keep\Java\jdk1.8.0_31\jre\bin\management.dll
0x000000005ffa0000 - 0x000000005ffba000 	C:\Keep\Java\jdk1.8.0_31\jre\bin\net.dll
0x000000005ff80000 - 0x000000005ff91000 	C:\Keep\Java\jdk1.8.0_31\jre\bin\nio.dll
0x00007ffe3f240000 - 0x00007ffe3f258000 	C:\WINDOWS\SYSTEM32\CRYPTSP.dll
0x00007ffe3e7f0000 - 0x00007ffe3e824000 	C:\WINDOWS\system32\rsaenh.dll
0x00007ffe3f790000 - 0x00007ffe3f7be000 	C:\WINDOWS\SYSTEM32\USERENV.dll
0x00007ffe3fb20000 - 0x00007ffe3fba2000 	C:\WINDOWS\System32\bcryptprimitives.dll
0x00007ffe3f260000 - 0x00007ffe3f26c000 	C:\WINDOWS\SYSTEM32\CRYPTBASE.dll
0x00007ffe36d30000 - 0x00007ffe36d47000 	C:\WINDOWS\SYSTEM32\dhcpcsvc6.DLL
0x00007ffe36d10000 - 0x00007ffe36d2d000 	C:\WINDOWS\SYSTEM32\dhcpcsvc.DLL
0x000000005ff70000 - 0x000000005ff7c000 	C:\Keep\Java\jdk1.8.0_31\jre\bin\jsound.dll
0x000000005ff60000 - 0x000000005ff6b000 	C:\Keep\Java\jdk1.8.0_31\jre\bin\jsoundds.dll
0x00007ffe40680000 - 0x00007ffe407aa000 	C:\WINDOWS\System32\ole32.dll
0x00007ffdf2b00000 - 0x00007ffdf2b9c000 	C:\WINDOWS\SYSTEM32\DSOUND.dll
0x00007ffe3ee50000 - 0x00007ffe3ee9b000 	C:\WINDOWS\SYSTEM32\powrprof.dll
0x00007ffe20370000 - 0x00007ffe20396000 	C:\WINDOWS\SYSTEM32\winmmbase.dll
0x00007ffe3ecd0000 - 0x00007ffe3ece2000 	C:\WINDOWS\SYSTEM32\UMPDC.dll
0x00007ffe3dfd0000 - 0x00007ffe3dfe2000 	C:\WINDOWS\SYSTEM32\kernel.appcore.dll
0x00007ffe36e80000 - 0x00007ffe36f05000 	C:\WINDOWS\SYSTEM32\MMDevAPI.DLL
0x00007ffe3f640000 - 0x00007ffe3f66c000 	C:\WINDOWS\SYSTEM32\DEVOBJ.dll
0x00007ffe40190000 - 0x00007ffe401de000 	C:\WINDOWS\System32\cfgmgr32.dll
0x00007ffe39800000 - 0x00007ffe3989e000 	C:\WINDOWS\system32\uxtheme.dll
0x00007ffe24970000 - 0x00007ffe249b6000 	C:\WINDOWS\SYSTEM32\wdmaud.drv
0x00007ffe376f0000 - 0x00007ffe376f9000 	C:\WINDOWS\SYSTEM32\ksuser.dll
0x00007ffe370a0000 - 0x00007ffe370aa000 	C:\WINDOWS\SYSTEM32\AVRT.dll
0x00007ffe36f10000 - 0x00007ffe37092000 	C:\WINDOWS\SYSTEM32\AUDIOSES.DLL
0x00007ffe40470000 - 0x00007ffe4053d000 	C:\WINDOWS\System32\OLEAUT32.dll
0x00007ffe37b00000 - 0x00007ffe37b0d000 	C:\WINDOWS\SYSTEM32\msacm32.drv
0x00007ffe378b0000 - 0x00007ffe378ce000 	C:\WINDOWS\SYSTEM32\MSACM32.dll
0x00007ffe36ac0000 - 0x00007ffe36acb000 	C:\WINDOWS\SYSTEM32\midimap.dll
0x00007ffe41d60000 - 0x00007ffe41e0f000 	C:\WINDOWS\System32\clbcatq.dll
0x00007ffdd4910000 - 0x00007ffdd4a40000 	C:\Keep\git\repository\MediaPlayer\com.upnp.mediaplayer\bin\mediaplayer_lib\ohNet\windows\x64\ohNet.dll
0x00007ffe39a70000 - 0x00007ffe39c54000 	C:\WINDOWS\SYSTEM32\dbghelp.dll
0x00007ffe0d400000 - 0x00007ffe0d421000 	C:\Keep\git\repository\MediaPlayer\com.upnp.mediaplayer\bin\mediaplayer_lib\ohNet\windows\x64\ohNetJni.dll
0x000000005ff30000 - 0x000000005ff54000 	C:\Keep\Java\jdk1.8.0_31\jre\bin\sunec.dll
0x000000005f480000 - 0x000000005f48b000 	C:\Keep\Java\jdk1.8.0_31\jre\bin\sunmscapi.dll
0x00007ffe3f8c0000 - 0x00007ffe3fa16000 	C:\WINDOWS\System32\CRYPT32.dll

VM Arguments:
jvm_args: -agentlib:jdwp=transport=dt_socket,suspend=y,address=localhost:50528 -Dcom.sun.management.jmxremote -Dcom.sun.management.jmxremote.port=9010 -Dcom.sun.management.jmxremote.local.only=false -Dcom.sun.management.jmxremote.authenticate=false -Dcom.sun.management.jmxremote=true -Dcom.sun.management.jmxremote.port=3614 -Dcom.sun.management.jmxremote.authenticate=false -Dcom.sun.management.jmxremote.ssl=false -Dio.netty.leakDetectionLevel=paranoid -javaagent:C:\Keep\Java\Eclipse 2022-06\eclipse-jee-2022-06-R-win32-x86_64\eclipse\configuration\org.eclipse.osgi\407\0\.cp\lib\javaagent-shaded.jar -Dfile.encoding=Cp1252 
java_command: org.rpi.main.StartMe -input
java_class_path (initial): C:\Keep\git\repository\MediaPlayer\com.upnp.mediaplayer\bin;C:\Keep\Repository\java\jspf\dist\jspf.core-1.0.2.jar;C:\Keep\git\repository\MediaPlayer\com.upnp.mediaplayer\lib\core\pi4j-core.jar;C:\Keep\git\repository\MediaPlayer\com.upnp.mediaplayer\lib\core\netty-all-4.1.58.Final.jar;C:\Keep\git\repository\MediaPlayer\com.upnp.mediaplayer\lib\core\airplay\jmdns-3.5.5.jar;C:\Keep\git\repository\MediaPlayer\com.upnp.mediaplayer\lib\core\airplay\bcpkix-jdk15on-1.64.jar;C:\Keep\git\repository\MediaPlayer\com.upnp.mediaplayer\lib\core\airplay\bcprov-jdk15on-1.64.jar;C:\Keep\git\repository\MediaPlayer\com.upnp.mediaplayer\lib\core\log4j-1.2.16.jar;C:\Keep\git\repository\MediaPlayer\com.upnp.mediaplayer\lib\plugins\joda-time-2.3.jar;C:\Keep\git\repository\MediaPlayer\com.upnp.mediaplayer\lib\core\grizzly\aopalliance-repackaged-2.2.0.jar;C:\Keep\git\repository\MediaPlayer\com.upnp.mediaplayer\lib\core\grizzly\hamcrest-core-1.1.jar;C:\Keep\git\repository\MediaPlayer\com.upnp.mediaplayer\lib\core\grizzly\javassist-3.18.1-GA.jar;C:\Keep\git\repository\MediaPlayer\com.upnp.mediaplayer\lib\core\grizzly\javax.annotation-api-1.2.jar;C:\Keep\git\repository\MediaPlayer\com.upnp.mediaplayer\lib\core\grizzly\javax.inject-2.2.0.jar;C:\Keep\git\repository\MediaPlayer\com.upnp.mediaplayer\lib\core\grizzly\jersey-guava-2.6.jar;C:\Keep\git\repository\MediaPlayer\com.upnp.mediaplayer\lib\core\grizzly\junit-4.9.jar;C:\Keep\git\repository\MediaPlayer\com.upnp.mediaplayer\lib\core\grizzly\osgi-resource-locator-1.0.1.jar;C:\Keep\git\repository\MediaPlayer\com.upnp.mediaplayer\lib\core\grizzly\validation-api-1.1.0.Final.jar;C:\Keep\git\repository\MediaPlayer\com.upnp.mediaplayer\lib\core\grizzly\grizzly-http-all-2.4.4.jar;C:\Keep\git\repository\MediaPlayer\com.upnp.mediaplayer\lib\core\jerseyclient\jersey-common-2.28.jar;C:\Keep\git\repository\MediaPlayer\com.upnp.mediaplayer\lib\core\jerseyclient\jersey-hk2-2.28.jar;C:\Keep\git\repository\MediaPlayer\com.upnp.mediap
Launcher Type: SUN_STANDARD

Environment Variables:
JAVA_HOME=C:\Program Files\Java\jdk-11
PATH=C:\Keep\Java\jdk1.8.0_31\jre\bin;C:/Keep/Java/Eclipse 2022-06/eclipse-jee-2022-06-R-win32-x86_64/eclipse//plugins/org.eclipse.justj.openjdk.hotspot.jre.full.win32.x86_64_17.0.3.v20220515-1416/jre/bin/server;C:/Keep/Java/Eclipse 2022-06/eclipse-jee-2022-06-R-win32-x86_64/eclipse//plugins/org.eclipse.justj.openjdk.hotspot.jre.full.win32.x86_64_17.0.3.v20220515-1416/jre/bin;C:\Windows\system32;C:\Windows;C:\Windows\System32\Wbem;C:\Windows\System32\WindowsPowerShell\v1.0\;C:\Windows\System32\OpenSSH\;C:\Program Files (x86)\NVIDIA Corporation\PhysX\Common;C:\WINDOWS\system32;C:\WINDOWS;C:\WINDOWS\System32\Wbem;C:\WINDOWS\System32\WindowsPowerShell\v1.0\;C:\WINDOWS\System32\OpenSSH\;C:\Program Files (x86)\Microsoft SQL Server\100\Tools\Binn\;C:\Program Files\Microsoft SQL Server\100\Tools\Binn\;C:\Program Files\Microsoft SQL Server\100\DTS\Binn\;C:\Program Files\dotnet\;C:\Program Files\Git\cmd;C:\Program Files\nodejs\;C:\Program Files\Amazon\AWSCLIV2\;C:\Program Files\Java\jdk-11\bin;C:\Keep\Java\apache-maven-3.8.3\bin;C:\Program Files (x86)\dotnet\;C:\Program Files\Microsoft SQL Server\130\Tools\Binn\;C:\Program Files\Microsoft SQL Server\Client SDK\ODBC\170\Tools\Binn\;C:\Program Files (x86)\Plantronics\Spokes3G\;C:\Users\phoyle\AppData\Local\Microsoft\WindowsApps;C:\Users\phoyle\.dotnet\tools;C:\Users\phoyle\AppData\Roaming\npm;C:\Keep\Java\Eclipse 2022-06\eclipse-jee-2022-06-R-win32-x86_64\eclipse;
USERNAME=phoyle
OS=Windows_NT
PROCESSOR_IDENTIFIER=Intel64 Family 6 Model 165 Stepping 2, GenuineIntel



---------------  S Y S T E M  ---------------

OS: Windows 8.1 , 64 bit Build 9600 

CPU:total 12 (6 cores per cpu, 2 threads per core) family 6 model 165 stepping 2, cmov, cx8, fxsr, mmx, sse, sse2, sse3, ssse3, sse4.1, sse4.2, popcnt, avx, avx2, aes, clmul, erms, lzcnt, ht, tsc, tscinvbit, bmi1, bmi2

Memory: 4k page, physical 33146736k(16875160k free), swap 40224624k(20459480k free)

vm_info: Java HotSpot(TM) 64-Bit Server VM (25.31-b07) for windows-amd64 JRE (1.8.0_31-b13), built on Dec 17 2014 21:00:28 by "java_re" with MS VC++ 10.0 (VS2010)

time: Thu Nov 17 15:04:41 2022
elapsed time: 31 seconds (0d 0h 0m 31s)

